T5CE0 092:223 SEGGER J-Link V6.48a Log File (0001ms, 1131ms total)
T5CE0 092:223 DLL Compiled: Jul 30 2019 15:16:09 (0001ms, 1131ms total)
T5CE0 092:223 Logging started @ 2021-05-09 20:34 (0001ms, 1131ms total)
T5CE0 092:230 JLINK_ExecCommand("Device = ATSAMD21G18A", ...). Device "ATSAMD21G18" selected.  returns 0x00 (0001ms, 1132ms total)
T5CE0 092:253 JLINK_TIF_Select(JLINKARM_TIF_SWD)  returns 0x00 (0001ms, 1133ms total)
T5CE0 092:254 JLINK_SetSpeed(4000) (0000ms, 1133ms total)
T5CE0 092:254 JLINK_ResetPullsRESET(OFF) (0000ms, 1133ms total)
T5CE0 092:254 JLINK_Connect()InitTarget() >0x10B TIF>Found SW-DP with ID 0x0BC11477 >0x0D TIF> >0x28 TIF> >0x0D TIF> >0x28 TIF> >0x0D TIF> >0x28 TIF> >0x0D TIF> >0x28 TIF> >0x0D TIF> >0x21 TIF> >0x0D TIF> >0x28 TIF>Scanning AP map to find all available APs >0x0D TIF> >0x28 TIF> >0x0D TIF> >0x21 TIF> >0x0D TIF> >0x21 TIF> >0x0D TIF> >0x28 TIF> >0x0D TIF> >0x21 TIF> >0x0D TIF> >0x21 TIF>AP[1]: Stopped AP scan as end of AP map has been reachedAP[0]: AHB-AP (IDR: 0x04770031)
Iterating through AP map to find AHB-AP to use >0x42 TIF> >0x28 TIF> >0x0D TIF> >0x28 TIF> >0x0D TIF> >0x21 TIF> >0x0D TIF> >0x21 TIF> >0x42 TIF> >0x28 TIF> >0x0D TIF> >0x28 TIF> >0x0D TIF> >0x28 TIF> >0x0D TIF> >0x21 TIF> >0x0D TIF> >0x21 TIF>AP[0]: Core foundAP[0]: AHB-AP ROM base: 0x41003000 >0x0D TIF> >0x28 TIF> >0x0D TIF> >0x28 TIF> >0x0D TIF> >0x28 TIF> >0x0D TIF> >0x21 TIF> >0x0D TIF> >0x21 TIF>CPUID register: 0x410CC601. Implementer code: 0x41 (ARM)Found Cortex-M0 r0p1, Little endian.
 -- Max. mem block: 0x00001338 -- CPU_ReadMem(4 bytes @ 0xE000EDF0) -- CPU_WriteMem(4 bytes @ 0xE000EDF0) -- CPU_ReadMem(4 bytes @ 0xE0002000)FPUnit: 4 code (BP) slots and 0 literal slots -- CPU_ReadMem(4 bytes @ 0xE000EDFC) -- CPU_WriteMem(4 bytes @ 0xE000EDFC) -- CPU_ReadMem(4 bytes @ 0xE0001000) -- CPU_WriteMem(4 bytes @ 0xE0001000)CoreSight components:ROMTbl[0] @ 41003000 -- CPU_ReadMem(16 bytes @ 0x41003000) -- CPU_ReadMem(16 bytes @ 0xE00FFFF0) -- CPU_ReadMem(16 bytes @ 0xE00FFFE0)
ROMTbl[0][0]: E00FF000, CID: B105100D, PID: 000BB4C0 ROM TableROMTbl[1] @ E00FF000 -- CPU_ReadMem(16 bytes @ 0xE00FF000) -- CPU_ReadMem(16 bytes @ 0xE000EFF0) -- CPU_ReadMem(16 bytes @ 0xE000EFE0)ROMTbl[1][0]: E000E000, CID: B105E00D, PID: 000BB008 SCS -- CPU_ReadMem(16 bytes @ 0xE0001FF0) -- CPU_ReadMem(16 bytes @ 0xE0001FE0)ROMTbl[1][1]: E0001000, CID: B105E00D, PID: 000BB00A DWT -- CPU_ReadMem(16 bytes @ 0xE0002FF0) -- CPU_ReadMem(16 bytes @ 0xE0002FE0)
ROMTbl[1][2]: E0002000, CID: B105E00D, PID: 000BB00B FPB -- CPU_ReadMem(16 bytes @ 0x41006FF0) -- CPU_ReadMem(16 bytes @ 0x41006FE0)ROMTbl[0][1]: 41006000, CID: B105900D, PID: 001BB932 MTB-M0+  returns 0x00 (0130ms, 1263ms total)
T5CE0 092:384 JLINK_ExecCommand("ExcludeFlashCacheRange 0x0 - 0x40000", ...).   returns 0x00 (0000ms, 1263ms total)
T5CE0 092:384 JLINK_Halt()  returns 0x00 (0003ms, 1266ms total)
T5CE0 092:388 JLINK_JTAG_GetDeviceID(DeviceIndex = 0)  returns 0x00 (0000ms, 1266ms total)
T5CE0 092:388 JLINK_ReadMemU32(0x41002018, 0x0001 Items, ...) -- CPU_ReadMem(4 bytes @ 0x41002018) - Data: 05 03 01 10  returns 1 (0001ms, 1267ms total)
T5178 092:399 JLINK_IsHalted()  returns TRUE (0000ms, 1267ms total)
T5178 092:399 JLINK_GetMOEs(...) -- CPU_ReadMem(4 bytes @ 0xE000ED30)  returns 0x01 (0000ms, 1267ms total)
T5178 092:399 JLINK_ReadReg(R15 (PC))  returns 0x000033D0 (0000ms, 1267ms total)
T5CE0 092:420 JLINK_BeginDownload(Flags = 0x00) (0000ms, 1267ms total)
T5CE0 092:420 JLINK_WriteMem(0x00000000, 0xCDD8 Bytes, ...) - Data: D8 2C 00 20 79 69 00 00 71 6A 00 00 71 6A 00 00 ... -- Read from flash cache (52696 bytes @ 0x00000000)  returns 0xCDD8 (0000ms, 1267ms total)
T5CE0 092:420 JLINK_WriteMem(0x0000CDD8, 0x0094 Bytes, ...) - Data: 40 1F 00 00 08 00 00 00 07 01 00 00 30 3A 73 64 ... -- Read from flash cache (148 bytes @ 0x0000CDD8)  returns 0x94 (0000ms, 1267ms total)
T5CE0 092:432 JLINK_EndDownload() -- CPU_ReadMem(4 bytes @ 0x41006004) -- CPU_ReadMem(4 bytes @ 0xE000ED90) -- -------------------------------------- -- Start of determining dirty areas in flash cache -- End of determining dirty areas -- Start of preparing flash programming -- Calculating RAM usage -- RAM usage = 3828 Bytes -- Preserving CPU registers -- Preparing memory -- Preparing target -- Downloading RAMCode -- Checking target RAM -- Preparing RAMCode -- End of preparing flash programming
 -- CPU speed could not be measured. -- Start of comparing flash -- CRC check was estimated as fastest method -- Comparing range 0x0000 - 0x7FFF (128 Sectors, 32 KB), using multi-block CRC calculation -- CRC does not match for sectors 0-76 -- Comparing range 0x8000 - 0xCEFF (79 Sectors, 19 KB), using multi-block CRC calculation -- All CRCs match -- Comparing range 0x4D00 - 0xCCFF (128 Sectors, 32 KB), using alternative multi-block CRC calculation -- All CRCs match
 -- Comparing range 0xCD00 - 0xCEFF (2 Sectors, 512 Bytes), using alternative multi-block CRC calculation -- All CRCs match -- End of comparing flash -- Start of erasing sectors -- Erasing range 0x00000000 - 0x00004CFF ( 77 Sectors, 19 KB) -- End of erasing sectors -- Start of flash programming -- Programming range 0x00000000 - 0x00004CFF ( 77 Sectors, 19 KB) -- End of flash programming -- 0x0000 - 0x4CFF ( 77 Sectors, 19 KB) -- Start of verifying flash -- Use CRC or checksum calculation as verify method
 -- End of verifying flash -- Start of restoring -- Restoring RAMCode -- Restore target -- Restore memory -- Restoring CPU registers -- End of restoring -- Bank 0 @ 0x00000000: 1 range affected (19712 bytes) -- Total time needed: 0.312s (Prepare: 0.034s, Compare: 0.065s, Erase: 0.065s, Program: 0.141s, Verify: 0.000s, Restore: 0.004s)  returns 0x4D00 (0317ms, 1584ms total)
T5CE0 092:749 JLINK_SetResetType(JLINKARM_CM3_RESET_TYPE_NORMAL)  returns JLINKARM_CM3_RESET_TYPE_NORMAL (0000ms, 1584ms total)
T5CE0 092:749 JLINK_Reset() -- CPU_ReadMem(4 bytes @ 0x20000684) -- CPU_WriteMem(4 bytes @ 0x20000684) -- CPU_ReadMem(4 bytes @ 0xE000EDFC) -- CPU_WriteMem(4 bytes @ 0xE000EDFC) -- CPU_WriteMem(4 bytes @ 0xE000ED0C) -- CPU_ReadMem(4 bytes @ 0xE000EDF0) -- CPU_ReadMem(4 bytes @ 0x41002100) -- CPU_WriteMem(4 bytes @ 0x41002100) -- CPU_ReadMem(4 bytes @ 0x41002100) -- CPU_WriteMem(4 bytes @ 0xE000EDFC) -- CPU_WriteMem(4 bytes @ 0xE0002000) -- CPU_ReadMem(4 bytes @ 0xE000EDFC)
 -- CPU_ReadMem(4 bytes @ 0xE0001000) -- CPU_WriteMem(4 bytes @ 0xE0001000) (0014ms, 1598ms total)
T5178 092:800 JLINK_IsHalted()  returns TRUE (0000ms, 1598ms total)
T0F64 092:872 JLINK_Halt()  returns 0x00 (0000ms, 1598ms total)
T0F64 092:872 JLINK_ReadReg(R15 (PC))  returns 0x00006978 (0000ms, 1598ms total)
T0F64 092:872 JLINK_ReadReg(R13 (SP))  returns 0x20002CD8 (0000ms, 1598ms total)
T0F64 092:878 JLINK_ReadMemHW(0x00006978, 0x0004 Bytes, ...) -- CPU_ReadMem(4 bytes @ 0x00006978) - Data: 80 B5 82 B0  returns 0x00 (0000ms, 1598ms total)
T0F64 092:878 JLINK_ReadReg(R0)  returns 0x40001000 (0001ms, 1599ms total)
T0F64 092:879 JLINK_ReadReg(R1)  returns 0x00000000 (0000ms, 1599ms total)
T0F64 092:879 JLINK_ReadReg(R2)  returns 0x00000000 (0000ms, 1599ms total)
T0F64 092:879 JLINK_ReadReg(R3)  returns 0x638BFAD0 (0000ms, 1599ms total)
T0F64 092:879 JLINK_ReadReg(R4)  returns 0x20000664 (0000ms, 1599ms total)
T0F64 092:879 JLINK_ReadReg(R5)  returns 0x200006BC (0000ms, 1599ms total)
T0F64 092:879 JLINK_ReadReg(R6)  returns 0x200006BC (0000ms, 1599ms total)
T0F64 092:879 JLINK_ReadReg(R7)  returns 0x20002890 (0000ms, 1599ms total)
T0F64 092:879 JLINK_ReadReg(R8)  returns 0xA5A5A5A5 (0000ms, 1599ms total)
T0F64 092:879 JLINK_ReadReg(R9)  returns 0xA5A5A5A5 (0000ms, 1599ms total)
T0F64 092:879 JLINK_ReadReg(R10)  returns 0xA5A5A5A5 (0000ms, 1599ms total)
T0F64 092:879 JLINK_ReadReg(R11)  returns 0xA5A5A5A5 (0000ms, 1599ms total)
T0F64 092:879 JLINK_ReadReg(R12)  returns 0x200005D8 (0000ms, 1599ms total)
T0F64 092:879 JLINK_ReadReg(R13 (SP))  returns 0x20002CD8 (0000ms, 1599ms total)
T0F64 092:879 JLINK_ReadReg(R14)  returns 0x2000032F (0000ms, 1599ms total)
T0F64 092:879 JLINK_ReadReg(R15 (PC))  returns 0x00006978 (0000ms, 1599ms total)
T0F64 092:879 JLINK_ReadReg(XPSR)  returns 0x81000000 (0000ms, 1599ms total)
T0F64 092:879 JLINK_ReadReg(MSP)  returns 0x20002CD8 (0000ms, 1599ms total)
T0F64 092:879 JLINK_ReadReg(PSP)  returns 0x200028C0 (0000ms, 1599ms total)
T0F64 092:879 JLINK_ReadReg(PRIMASK)  returns 0x00000000 (0000ms, 1599ms total)
T0F64 092:879 JLINK_ReadReg(BASEPRI)  returns 0x00000000 (0001ms, 1600ms total)
T0F64 092:880 JLINK_ReadReg(FAULTMASK)  returns 0x00000000 (0000ms, 1600ms total)
T0F64 092:880 JLINK_ReadReg(CONTROL)  returns 0x00000000 (0000ms, 1600ms total)
T0F64 092:880 JLINK_ReadMemHW(0x00006978, 0x0002 Bytes, ...) -- CPU_ReadMem(2 bytes @ 0x00006978) - Data: 80 B5  returns 0x00 (0000ms, 1600ms total)
T0F64 092:926 JLINK_ReadReg(R0)  returns 0x40001000 (0001ms, 1601ms total)
T0F64 092:927 JLINK_ReadReg(R1)  returns 0x00000000 (0000ms, 1601ms total)
T0F64 092:927 JLINK_ReadReg(R2)  returns 0x00000000 (0000ms, 1601ms total)
T0F64 092:927 JLINK_ReadReg(R3)  returns 0x638BFAD0 (0000ms, 1601ms total)
T0F64 092:927 JLINK_ReadReg(R4)  returns 0x20000664 (0000ms, 1601ms total)
T0F64 092:927 JLINK_ReadReg(R5)  returns 0x200006BC (0000ms, 1601ms total)
T0F64 092:927 JLINK_ReadReg(R6)  returns 0x200006BC (0000ms, 1601ms total)
T0F64 092:927 JLINK_ReadReg(R7)  returns 0x20002890 (0000ms, 1601ms total)
T0F64 092:927 JLINK_ReadReg(R8)  returns 0xA5A5A5A5 (0000ms, 1601ms total)
T0F64 092:927 JLINK_ReadReg(R9)  returns 0xA5A5A5A5 (0000ms, 1601ms total)
T0F64 092:927 JLINK_ReadReg(R10)  returns 0xA5A5A5A5 (0000ms, 1601ms total)
T0F64 092:927 JLINK_ReadReg(R11)  returns 0xA5A5A5A5 (0000ms, 1601ms total)
T0F64 092:927 JLINK_ReadReg(R12)  returns 0x200005D8 (0000ms, 1601ms total)
T0F64 092:927 JLINK_ReadReg(R13 (SP))  returns 0x20002CD8 (0000ms, 1601ms total)
T0F64 092:927 JLINK_ReadReg(R14)  returns 0x2000032F (0000ms, 1601ms total)
T0F64 092:927 JLINK_ReadReg(R15 (PC))  returns 0x00006978 (0000ms, 1601ms total)
T0F64 092:927 JLINK_ReadReg(XPSR)  returns 0x81000000 (0000ms, 1601ms total)
T0F64 092:927 JLINK_ReadReg(MSP)  returns 0x20002CD8 (0000ms, 1601ms total)
T0F64 092:927 JLINK_ReadReg(PSP)  returns 0x200028C0 (0000ms, 1601ms total)
T0F64 092:927 JLINK_ReadReg(PRIMASK)  returns 0x00000000 (0000ms, 1601ms total)
T0F64 092:927 JLINK_ReadReg(BASEPRI)  returns 0x00000000 (0000ms, 1601ms total)
T0F64 092:927 JLINK_ReadReg(FAULTMASK)  returns 0x00000000 (0000ms, 1601ms total)
T0F64 092:927 JLINK_ReadReg(CONTROL)  returns 0x00000000 (0000ms, 1601ms total)
T0F64 092:937 JLINK_ReadMemHW(0x00006978, 0x0004 Bytes, ...) -- CPU_ReadMem(4 bytes @ 0x00006978) - Data: 80 B5 82 B0  returns 0x00 (0001ms, 1602ms total)
T0F64 092:977 JLINK_SetResetType(JLINKARM_CM3_RESET_TYPE_NORMAL)  returns JLINKARM_CM3_RESET_TYPE_NORMAL (0000ms, 1602ms total)
T0F64 092:977 JLINK_Reset() -- CPU_ReadMem(4 bytes @ 0xE000EDFC) -- CPU_WriteMem(4 bytes @ 0xE000EDFC) -- CPU_WriteMem(4 bytes @ 0xE000ED0C) -- CPU_ReadMem(4 bytes @ 0xE000EDF0) -- CPU_ReadMem(4 bytes @ 0x41002100) -- CPU_WriteMem(4 bytes @ 0x41002100) -- CPU_ReadMem(4 bytes @ 0x41002100) -- CPU_WriteMem(4 bytes @ 0xE000EDFC) -- CPU_WriteMem(4 bytes @ 0xE0002000) -- CPU_ReadMem(4 bytes @ 0xE000EDFC) -- CPU_ReadMem(4 bytes @ 0xE0001000) -- CPU_WriteMem(4 bytes @ 0xE0001000) (0013ms, 1615ms total)
T5178 092:991 JLINK_IsHalted()  returns TRUE (0000ms, 1615ms total)
T5178 092:991 JLINK_GetMOEs(...) -- CPU_ReadMem(4 bytes @ 0xE000ED30)  returns 0x01 (0001ms, 1616ms total)
T5178 092:992 JLINK_ReadReg(R15 (PC))  returns 0x00006978 (0000ms, 1616ms total)
T0F64 093:001 JLINK_ReadReg(R15 (PC))  returns 0x00006978 (0000ms, 1616ms total)
T0F64 093:001 JLINK_ReadReg(R13 (SP))  returns 0x20002CD8 (0000ms, 1616ms total)
T0F64 093:001 JLINK_ReadMemHW(0x00006978, 0x0004 Bytes, ...) -- CPU_ReadMem(4 bytes @ 0x00006978) - Data: 80 B5 82 B0  returns 0x00 (0001ms, 1617ms total)
T0F64 093:024 JLINK_ReadReg(R0)  returns 0x40001000 (0000ms, 1617ms total)
T0F64 093:024 JLINK_ReadReg(R1)  returns 0x00000000 (0000ms, 1617ms total)
T0F64 093:024 JLINK_ReadReg(R2)  returns 0x00000000 (0000ms, 1617ms total)
T0F64 093:024 JLINK_ReadReg(R3)  returns 0x638BFAD0 (0000ms, 1617ms total)
T0F64 093:024 JLINK_ReadReg(R4)  returns 0x20000664 (0000ms, 1617ms total)
T0F64 093:024 JLINK_ReadReg(R5)  returns 0x200006BC (0000ms, 1617ms total)
T0F64 093:024 JLINK_ReadReg(R6)  returns 0x200006BC (0000ms, 1617ms total)
T0F64 093:024 JLINK_ReadReg(R7)  returns 0x20002890 (0000ms, 1617ms total)
T0F64 093:024 JLINK_ReadReg(R8)  returns 0xA5A5A5A5 (0000ms, 1617ms total)
T0F64 093:024 JLINK_ReadReg(R9)  returns 0xA5A5A5A5 (0000ms, 1617ms total)
T0F64 093:024 JLINK_ReadReg(R10)  returns 0xA5A5A5A5 (0000ms, 1617ms total)
T0F64 093:024 JLINK_ReadReg(R11)  returns 0xA5A5A5A5 (0000ms, 1617ms total)
T0F64 093:024 JLINK_ReadReg(R12)  returns 0x200005D8 (0000ms, 1617ms total)
T0F64 093:024 JLINK_ReadReg(R13 (SP))  returns 0x20002CD8 (0000ms, 1617ms total)
T0F64 093:024 JLINK_ReadReg(R14)  returns 0x2000032F (0000ms, 1617ms total)
T0F64 093:024 JLINK_ReadReg(R15 (PC))  returns 0x00006978 (0000ms, 1617ms total)
T0F64 093:024 JLINK_ReadReg(XPSR)  returns 0x81000000 (0000ms, 1617ms total)
T0F64 093:024 JLINK_ReadReg(MSP)  returns 0x20002CD8 (0000ms, 1617ms total)
T0F64 093:024 JLINK_ReadReg(PSP)  returns 0x200028C0 (0000ms, 1617ms total)
T0F64 093:024 JLINK_ReadReg(PRIMASK)  returns 0x00000000 (0000ms, 1617ms total)
T0F64 093:024 JLINK_ReadReg(BASEPRI)  returns 0x00000000 (0000ms, 1617ms total)
T0F64 093:024 JLINK_ReadReg(FAULTMASK)  returns 0x00000000 (0000ms, 1617ms total)
T0F64 093:024 JLINK_ReadReg(CONTROL)  returns 0x00000000 (0000ms, 1617ms total)
T0F64 093:025 JLINK_ReadMem (0x2000032E, 0x0004 Bytes, ...) -- CPU_ReadMem(64 bytes @ 0x20000300) -- Updating C cache (64 bytes @ 0x20000300) -- Read from C cache (4 bytes @ 0x2000032E) - Data: 01 BD 70 B5  returns 0x00 (0001ms, 1618ms total)
T0F64 093:026 JLINK_ReadMem (0x200001C8, 0x0002 Bytes, ...) -- CPU_ReadMem(64 bytes @ 0x200001C0) -- Updating C cache (64 bytes @ 0x200001C0) -- Read from C cache (2 bytes @ 0x200001C8) - Data: 18 98  returns 0x00 (0002ms, 1620ms total)
T0F64 093:028 JLINK_ReadMem (0x200001CA, 0x0002 Bytes, ...) -- Read from C cache (2 bytes @ 0x200001CA) - Data: 46 69  returns 0x00 (0000ms, 1620ms total)
T0F64 093:028 JLINK_ReadMem (0x200001CC, 0x0002 Bytes, ...) -- Read from C cache (2 bytes @ 0x200001CC) - Data: 00 2F  returns 0x00 (0000ms, 1620ms total)
T0F64 093:029 JLINK_ReadMem (0x200001CE, 0x0002 Bytes, ...) -- Read from C cache (2 bytes @ 0x200001CE) - Data: 3D D5  returns 0x00 (0000ms, 1621ms total)
T0F64 093:029 JLINK_ReadMem (0x2000032E, 0x0004 Bytes, ...) -- Read from C cache (4 bytes @ 0x2000032E) - Data: 01 BD 70 B5  returns 0x00 (0000ms, 1621ms total)
T0F64 093:030 JLINK_ReadMem (0x200001C8, 0x0002 Bytes, ...) -- Read from C cache (2 bytes @ 0x200001C8) - Data: 18 98  returns 0x00 (0000ms, 1621ms total)
T0F64 093:030 JLINK_ReadMem (0x200001CA, 0x0002 Bytes, ...) -- Read from C cache (2 bytes @ 0x200001CA) - Data: 46 69  returns 0x00 (0000ms, 1621ms total)
T0F64 093:031 JLINK_ReadMem (0x200001CC, 0x0002 Bytes, ...) -- Read from C cache (2 bytes @ 0x200001CC) - Data: 00 2F  returns 0x00 (0000ms, 1621ms total)
T0F64 093:031 JLINK_ReadMem (0x200001CE, 0x0002 Bytes, ...) -- Read from C cache (2 bytes @ 0x200001CE) - Data: 3D D5  returns 0x00 (0000ms, 1621ms total)
T0F64 093:068 JLINK_ReadMemHW(0x0000AA08, 0x0001 Bytes, ...) -- CPU_ReadMem(1 bytes @ 0x0000AA08) - Data: 90  returns 0x00 (0001ms, 1622ms total)
T5178 093:193 JLINK_IsHalted()  returns TRUE (0000ms, 1622ms total)
T0F64 093:234 JLINK_ReadReg(R15 (PC))  returns 0x00006978 (0000ms, 1622ms total)
T0F64 093:234 JLINK_GetNumBPUnits(Type = 0xFFFFFF02)  returns 0x04 (0000ms, 1622ms total)
T0F64 093:234 JLINK_SetBPEx(Addr = 0x0000AA08, Type = 0xFFFFFFF2)  returns 0x00000001 (0000ms, 1622ms total)
T0F64 093:234 JLINK_GetBPInfo(BPHandle = 1)  returns 0x00 (0000ms, 1622ms total)
T0F64 093:235 JLINK_Go() -- CPU_WriteMem(4 bytes @ 0xE0002000) -- CPU_ReadMem(4 bytes @ 0xE0001000) -- CPU_WriteMem(4 bytes @ 0xE000ED30) -- CPU_WriteMem(4 bytes @ 0xE0001000) -- CPU_WriteMem(4 bytes @ 0xE0002008) -- CPU_WriteMem(4 bytes @ 0xE000200C) -- CPU_WriteMem(4 bytes @ 0xE0002010) -- CPU_WriteMem(4 bytes @ 0xE0002014) -- CPU_WriteMem(4 bytes @ 0xE0001004) (0006ms, 1628ms total)
T5178 093:241 JLINK_IsHalted() -- CPU_ReadMem(4 bytes @ 0x41002100)  returns FALSE (0001ms, 1629ms total)
T5178 093:263 JLINK_IsHalted()  returns TRUE (0004ms, 1632ms total)
T5178 093:267 JLINK_GetMOEs(...) -- CPU_ReadMem(4 bytes @ 0xE000ED30)  returns 0x01 (0001ms, 1629ms total)
T5178 093:268 JLINK_ReadReg(R15 (PC))  returns 0x0000AA08 (0000ms, 1629ms total)
T0F64 093:271 JLINK_ReadReg(R15 (PC))  returns 0x0000AA08 (0000ms, 1629ms total)
T0F64 093:271 JLINK_ReadReg(R13 (SP))  returns 0x20002CC8 (0000ms, 1629ms total)
T0F64 093:271 JLINK_ReadMemHW(0x0000AA08, 0x0004 Bytes, ...) -- CPU_ReadMem(4 bytes @ 0x0000AA08) - Data: 90 B5 9F B0  returns 0x00 (0001ms, 1630ms total)
T5178 093:474 JLINK_IsHalted()  returns TRUE (0000ms, 1630ms total)
T5178 093:683 JLINK_IsHalted()  returns TRUE (0000ms, 1630ms total)
T5CE0 093:748 JLINK_ReadMemHW(0x00000000, 0x021C Bytes, ...) -- CPU_ReadMem(540 bytes @ 0x00000000) - Data: D8 2C 00 20 79 69 00 00 71 6A 00 00 71 6A 00 00 ...  returns 0x00 (0004ms, 1634ms total)
T5CE0 093:878 JLINK_ReadMemHW(0x0000021C, 0x0036 Bytes, ...) -- CPU_ReadMem(54 bytes @ 0x0000021C) - Data: 52 09 1A 70 0D 4B BB 60 0F 23 FB 18 1B 78 00 2B ...  returns 0x00 (0001ms, 1635ms total)
T5178 093:885 JLINK_IsHalted()  returns TRUE (0000ms, 1635ms total)
T5CE0 093:945 JLINK_ReadMemHW(0x00000000, 0x0252 Bytes, ...) -- CPU_ReadMem(594 bytes @ 0x00000000) - Data: D8 2C 00 20 79 69 00 00 71 6A 00 00 71 6A 00 00 ...  returns 0x00 (0005ms, 1640ms total)
T5178 094:086 JLINK_IsHalted()  returns TRUE (0000ms, 1640ms total)
T5178 094:292 JLINK_IsHalted()  returns TRUE (0000ms, 1640ms total)
T5178 094:497 JLINK_IsHalted()  returns TRUE (0000ms, 1640ms total)
T5178 094:699 JLINK_IsHalted()  returns TRUE (0000ms, 1640ms total)
T5178 094:900 JLINK_IsHalted()  returns TRUE (0000ms, 1640ms total)
T5178 095:101 JLINK_IsHalted()  returns TRUE (0000ms, 1640ms total)
T5178 095:302 JLINK_IsHalted()  returns TRUE (0000ms, 1640ms total)
T5178 095:502 JLINK_IsHalted()  returns TRUE (0000ms, 1640ms total)
T5178 095:708 JLINK_IsHalted()  returns TRUE (0000ms, 1640ms total)
T5178 095:908 JLINK_IsHalted()  returns TRUE (0000ms, 1640ms total)
T5178 096:109 JLINK_IsHalted()  returns TRUE (0000ms, 1640ms total)
T5178 096:311 JLINK_IsHalted()  returns TRUE (0001ms, 1641ms total)
T0F64 096:387 JLINK_WriteU32(0xE000EDFC, 0x01000000) -- CPU_WriteMem(4 bytes @ 0xE000EDFC)  returns 0 (0001ms, 1641ms total)
T0F64 096:388 JLINK_ReadMem (0xE0001000, 0x0004 Bytes, ...) -- CPU_ReadMem(4 bytes @ 0xE0001000) - Data: 00 00 00 20  returns 0x00 (0000ms, 1641ms total)
T0F64 096:388 JLINK_WriteU32(0xE0001000, 0x20000001)  returns 0 (0000ms, 1641ms total)
T0F64 096:388 JLINK_WriteU32(0xE0001028, 0x00000100)  returns 0 (0000ms, 1641ms total)
T0F64 096:388 JLINK_ReadMem (0xE0001028, 0x0004 Bytes, ...) -- CPU_WriteMem(4 bytes @ 0xE0001028) -- CPU_ReadMem(4 bytes @ 0xE0001028) - Data: 00 00 00 00  returns 0x00 (0001ms, 1642ms total)
T0F64 096:389 JLINK_WriteU32(0xE0001024, 0x0000001F)  returns 0 (0000ms, 1642ms total)
T0F64 096:389 JLINK_ReadMem (0xE0001024, 0x0004 Bytes, ...) -- CPU_WriteMem(4 bytes @ 0xE0001024) -- CPU_ReadMem(4 bytes @ 0xE0001024) - Data: 1F 00 00 00  returns 0x00 (0001ms, 1643ms total)
T0F64 096:390 JLINK_WriteU32(0xE0001038, 0x00000100)  returns 0 (0000ms, 1643ms total)
T0F64 096:390 JLINK_ReadMem (0xE0001038, 0x0004 Bytes, ...) -- CPU_WriteMem(4 bytes @ 0xE0001038) -- CPU_ReadMem(4 bytes @ 0xE0001038) - Data: 00 00 00 00  returns 0x00 (0001ms, 1644ms total)
T0F64 096:391 JLINK_WriteU32(0xE0001034, 0x0000001F)  returns 0 (0001ms, 1645ms total)
T0F64 096:392 JLINK_ReadMem (0xE0001034, 0x0004 Bytes, ...) -- CPU_WriteMem(4 bytes @ 0xE0001034) -- CPU_ReadMem(4 bytes @ 0xE0001034) - Data: 1F 00 00 00  returns 0x00 (0001ms, 1646ms total)
T0F64 096:393 JLINK_WriteU32(0xE0001020, 0x00000000)  returns 0 (0000ms, 1646ms total)
T0F64 096:393 JLINK_WriteU32(0xE0001024, 0x00000000)  returns 0 (0000ms, 1646ms total)
T0F64 096:393 JLINK_WriteU32(0xE0001028, 0x00000000)  returns 0 (0000ms, 1646ms total)
T0F64 096:393 JLINK_WriteU32(0xE0001030, 0x00000000)  returns 0 (0000ms, 1646ms total)
T0F64 096:393 JLINK_WriteU32(0xE0001034, 0x00000000)  returns 0 (0000ms, 1646ms total)
T0F64 096:393 JLINK_WriteU32(0xE0001038, 0x00000000)  returns 0 (0000ms, 1646ms total)
T0F64 096:393 JLINK_GetBPInfo(BPHandle = 1)  returns 0x00 (0000ms, 1646ms total)
T0F64 096:393 JLINK_ClrBPEx(BPHandle = 0x00000001)  returns 0x00 (0000ms, 1646ms total)
T0F64 096:393 JLINK_ReadReg(R15 (PC))  returns 0x0000AA08 (0000ms, 1646ms total)
T0F64 096:393 JLINK_Go() -- CPU_WriteMem(4 bytes @ 0xE0001000) -- CPU_ReadMem(4 bytes @ 0xE0001000) -- CPU_WriteMem(4 bytes @ 0xE000ED30) -- CPU_WriteMem(4 bytes @ 0xE0001000) -- CPU_WriteMem(4 bytes @ 0xE0001020) -- CPU_WriteMem(4 bytes @ 0xE0001030) -- CPU_WriteMem(4 bytes @ 0xE0001024) -- CPU_WriteMem(4 bytes @ 0xE0001034) -- CPU_WriteMem(4 bytes @ 0xE0001028) -- CPU_WriteMem(4 bytes @ 0xE0001038) -- CPU_WriteMem(4 bytes @ 0xE0002008) (0006ms, 1652ms total)
T5178 096:399 JLINK_IsHalted() -- CPU_ReadMem(4 bytes @ 0x41002100)  returns FALSE (0001ms, 1653ms total)
T5178 096:441 JLINK_IsHalted() -- CPU_ReadMem(4 bytes @ 0x41002100)  returns FALSE (0001ms, 1653ms total)
T5178 096:603 JLINK_IsHalted() -- CPU_ReadMem(4 bytes @ 0x41002100)  returns FALSE (0001ms, 1653ms total)
T5178 096:809 JLINK_IsHalted() -- CPU_ReadMem(4 bytes @ 0x41002100)  returns FALSE (0000ms, 1652ms total)
T5178 097:011 JLINK_IsHalted() -- CPU_ReadMem(4 bytes @ 0x41002100)  returns FALSE (0001ms, 1653ms total)
T5178 097:216 JLINK_IsHalted() -- CPU_ReadMem(4 bytes @ 0x41002100)  returns FALSE (0002ms, 1654ms total)
T5178 097:420 JLINK_IsHalted() -- CPU_ReadMem(4 bytes @ 0x41002100)  returns FALSE (0002ms, 1654ms total)
T5178 097:624 JLINK_IsHalted() -- CPU_ReadMem(4 bytes @ 0x41002100)  returns FALSE (0001ms, 1653ms total)
T5178 097:827 JLINK_IsHalted() -- CPU_ReadMem(4 bytes @ 0x41002100)  returns FALSE (0000ms, 1652ms total)
T5178 098:033 JLINK_IsHalted() -- CPU_ReadMem(4 bytes @ 0x41002100)  returns FALSE (0001ms, 1653ms total)
T5178 098:235 JLINK_IsHalted() -- CPU_ReadMem(4 bytes @ 0x41002100)  returns FALSE (0001ms, 1653ms total)
T5178 098:437 JLINK_IsHalted() -- CPU_ReadMem(4 bytes @ 0x41002100)  returns FALSE (0002ms, 1654ms total)
T5178 098:643 JLINK_IsHalted() -- CPU_ReadMem(4 bytes @ 0x41002100)  returns FALSE (0002ms, 1654ms total)
T5178 098:850 JLINK_IsHalted() -- CPU_ReadMem(4 bytes @ 0x41002100)  returns FALSE (0001ms, 1653ms total)
T5178 099:055 JLINK_IsHalted() -- CPU_ReadMem(4 bytes @ 0x41002100)  returns FALSE (0001ms, 1653ms total)
T5178 099:260 JLINK_IsHalted() -- CPU_ReadMem(4 bytes @ 0x41002100)  returns FALSE (0002ms, 1654ms total)
T5178 099:465 JLINK_IsHalted() -- CPU_ReadMem(4 bytes @ 0x41002100)  returns FALSE (0002ms, 1654ms total)
T5178 099:670 JLINK_IsHalted() -- CPU_ReadMem(4 bytes @ 0x41002100)  returns FALSE (0002ms, 1656ms total)
T5178 099:873 JLINK_IsHalted() -- CPU_ReadMem(4 bytes @ 0x41002100)  returns FALSE (0001ms, 1657ms total)
T5178 100:080 JLINK_IsHalted() -- CPU_ReadMem(4 bytes @ 0x41002100)  returns FALSE (0001ms, 1657ms total)
T5178 100:284 JLINK_IsHalted() -- CPU_ReadMem(4 bytes @ 0x41002100)  returns FALSE (0000ms, 1656ms total)
T5178 100:488 JLINK_IsHalted() -- CPU_ReadMem(4 bytes @ 0x41002100)  returns FALSE (0002ms, 1658ms total)
T5178 100:692 JLINK_IsHalted() -- CPU_ReadMem(4 bytes @ 0x41002100)  returns FALSE (0000ms, 1658ms total)
T5178 100:892 JLINK_IsHalted() -- CPU_ReadMem(4 bytes @ 0x41002100)  returns FALSE (0002ms, 1660ms total)
T5178 101:100 JLINK_IsHalted() -- CPU_ReadMem(4 bytes @ 0x41002100)  returns FALSE (0001ms, 1659ms total)
T5178 101:302 JLINK_IsHalted() -- CPU_ReadMem(4 bytes @ 0x41002100)  returns FALSE (0002ms, 1660ms total)
T5178 101:507 JLINK_IsHalted() -- CPU_ReadMem(4 bytes @ 0x41002100)  returns FALSE (0002ms, 1660ms total)
T5178 101:711 JLINK_IsHalted() -- CPU_ReadMem(4 bytes @ 0x41002100)  returns FALSE (0002ms, 1660ms total)
T5178 101:913 JLINK_IsHalted() -- CPU_ReadMem(4 bytes @ 0x41002100)  returns FALSE (0002ms, 1660ms total)
T5178 102:124 JLINK_IsHalted() -- CPU_ReadMem(4 bytes @ 0x41002100)  returns FALSE (0001ms, 1659ms total)
T5178 102:333 JLINK_IsHalted() -- CPU_ReadMem(4 bytes @ 0x41002100)  returns FALSE (0001ms, 1659ms total)
T5178 102:535 JLINK_IsHalted() -- CPU_ReadMem(4 bytes @ 0x41002100)  returns FALSE (0001ms, 1659ms total)
T5178 102:740 JLINK_IsHalted() -- CPU_ReadMem(4 bytes @ 0x41002100)  returns FALSE (0001ms, 1659ms total)
T5178 102:942 JLINK_IsHalted() -- CPU_ReadMem(4 bytes @ 0x41002100)  returns FALSE (0001ms, 1659ms total)
T5178 103:149 JLINK_IsHalted() -- CPU_ReadMem(4 bytes @ 0x41002100)  returns FALSE (0000ms, 1658ms total)
T5178 103:351 JLINK_IsHalted() -- CPU_ReadMem(4 bytes @ 0x41002100)  returns FALSE (0001ms, 1659ms total)
T5178 103:554 JLINK_IsHalted() -- CPU_ReadMem(4 bytes @ 0x41002100)  returns FALSE (0002ms, 1660ms total)
T5178 103:758 JLINK_IsHalted() -- CPU_ReadMem(4 bytes @ 0x41002100)  returns FALSE (0002ms, 1660ms total)
T5178 103:963 JLINK_IsHalted() -- CPU_ReadMem(4 bytes @ 0x41002100)  returns FALSE (0002ms, 1660ms total)
T5178 104:166 JLINK_IsHalted() -- CPU_ReadMem(4 bytes @ 0x41002100)  returns FALSE (0002ms, 1660ms total)
T5178 104:372 JLINK_IsHalted() -- CPU_ReadMem(4 bytes @ 0x41002100)  returns FALSE (0001ms, 1659ms total)
T5178 104:576 JLINK_IsHalted() -- CPU_ReadMem(4 bytes @ 0x41002100)  returns FALSE (0001ms, 1659ms total)
T5178 104:781 JLINK_IsHalted() -- CPU_ReadMem(4 bytes @ 0x41002100)  returns FALSE (0001ms, 1659ms total)
T5178 104:986 JLINK_IsHalted() -- CPU_ReadMem(4 bytes @ 0x41002100)  returns FALSE (0002ms, 1660ms total)
T5178 105:193 JLINK_IsHalted() -- CPU_ReadMem(4 bytes @ 0x41002100)  returns FALSE (0001ms, 1659ms total)
T5178 105:404 JLINK_IsHalted() -- CPU_ReadMem(4 bytes @ 0x41002100)  returns FALSE (0002ms, 1660ms total)
T5178 105:609 JLINK_IsHalted() -- CPU_ReadMem(4 bytes @ 0x41002100)  returns FALSE (0002ms, 1660ms total)
T5178 105:814 JLINK_IsHalted() -- CPU_ReadMem(4 bytes @ 0x41002100)  returns FALSE (0002ms, 1662ms total)
T5178 106:016 JLINK_IsHalted() -- CPU_ReadMem(4 bytes @ 0x41002100)  returns FALSE (0001ms, 1661ms total)
T5178 106:220 JLINK_IsHalted() -- CPU_ReadMem(4 bytes @ 0x41002100)  returns FALSE (0000ms, 1660ms total)
T5178 106:425 JLINK_IsHalted() -- CPU_ReadMem(4 bytes @ 0x41002100)  returns FALSE (0001ms, 1661ms total)
T5178 106:627 JLINK_IsHalted() -- CPU_ReadMem(4 bytes @ 0x41002100)  returns FALSE (0002ms, 1662ms total)
T5178 106:836 JLINK_IsHalted() -- CPU_ReadMem(4 bytes @ 0x41002100)  returns FALSE (0000ms, 1660ms total)
T5178 107:041 JLINK_IsHalted() -- CPU_ReadMem(4 bytes @ 0x41002100)  returns FALSE (0002ms, 1662ms total)
T5178 107:245 JLINK_IsHalted() -- CPU_ReadMem(4 bytes @ 0x41002100)  returns FALSE (0001ms, 1661ms total)
T5178 107:448 JLINK_IsHalted() -- CPU_ReadMem(4 bytes @ 0x41002100)  returns FALSE (0001ms, 1661ms total)
T5178 107:651 JLINK_IsHalted() -- CPU_ReadMem(4 bytes @ 0x41002100)  returns FALSE (0002ms, 1662ms total)
T5178 107:862 JLINK_IsHalted() -- CPU_ReadMem(4 bytes @ 0x41002100)  returns FALSE (0002ms, 1662ms total)
T5178 108:068 JLINK_IsHalted() -- CPU_ReadMem(4 bytes @ 0x41002100)  returns FALSE (0002ms, 1664ms total)
T5178 108:272 JLINK_IsHalted() -- CPU_ReadMem(4 bytes @ 0x41002100)  returns FALSE (0000ms, 1662ms total)
T5178 108:473 JLINK_IsHalted() -- CPU_ReadMem(4 bytes @ 0x41002100)  returns FALSE (0002ms, 1664ms total)
T5178 108:675 JLINK_IsHalted() -- CPU_ReadMem(4 bytes @ 0x41002100)  returns FALSE (0002ms, 1664ms total)
T5178 108:878 JLINK_IsHalted() -- CPU_ReadMem(4 bytes @ 0x41002100)  returns FALSE (0001ms, 1663ms total)
T5178 109:080 JLINK_IsHalted() -- CPU_ReadMem(4 bytes @ 0x41002100)  returns FALSE (0001ms, 1663ms total)
T5178 109:287 JLINK_IsHalted() -- CPU_ReadMem(4 bytes @ 0x41002100)  returns FALSE (0001ms, 1663ms total)
T5178 109:489 JLINK_IsHalted() -- CPU_ReadMem(4 bytes @ 0x41002100)  returns FALSE (0002ms, 1664ms total)
T5178 109:691 JLINK_IsHalted() -- CPU_ReadMem(4 bytes @ 0x41002100)  returns FALSE (0002ms, 1664ms total)
T5178 109:897 JLINK_IsHalted() -- CPU_ReadMem(4 bytes @ 0x41002100)  returns FALSE (0001ms, 1663ms total)
T5178 110:100 JLINK_IsHalted() -- CPU_ReadMem(4 bytes @ 0x41002100)  returns FALSE (0002ms, 1664ms total)
T5178 110:302 JLINK_IsHalted() -- CPU_ReadMem(4 bytes @ 0x41002100)  returns FALSE (0001ms, 1663ms total)
T5178 110:509 JLINK_IsHalted() -- CPU_ReadMem(4 bytes @ 0x41002100)  returns FALSE (0001ms, 1663ms total)
T5178 110:715 JLINK_IsHalted() -- CPU_ReadMem(4 bytes @ 0x41002100)  returns FALSE (0001ms, 1663ms total)
T5178 110:917 JLINK_IsHalted() -- CPU_ReadMem(4 bytes @ 0x41002100)  returns FALSE (0001ms, 1663ms total)
T5178 111:121 JLINK_IsHalted() -- CPU_ReadMem(4 bytes @ 0x41002100)  returns FALSE (0001ms, 1663ms total)
T5178 111:324 JLINK_IsHalted() -- CPU_ReadMem(4 bytes @ 0x41002100)  returns FALSE (0001ms, 1663ms total)
T5178 111:526 JLINK_IsHalted() -- CPU_ReadMem(4 bytes @ 0x41002100)  returns FALSE (0001ms, 1663ms total)
T5178 111:727 JLINK_IsHalted() -- CPU_ReadMem(4 bytes @ 0x41002100)  returns FALSE (0002ms, 1664ms total)
T5178 111:932 JLINK_IsHalted() -- CPU_ReadMem(4 bytes @ 0x41002100)  returns FALSE (0001ms, 1663ms total)
T5178 112:134 JLINK_IsHalted() -- CPU_ReadMem(4 bytes @ 0x41002100)  returns FALSE (0001ms, 1663ms total)
T5178 112:337 JLINK_IsHalted() -- CPU_ReadMem(4 bytes @ 0x41002100)  returns FALSE (0001ms, 1663ms total)
T5178 112:548 JLINK_IsHalted() -- CPU_ReadMem(4 bytes @ 0x41002100)  returns FALSE (0000ms, 1662ms total)
T5178 112:750 JLINK_IsHalted() -- CPU_ReadMem(4 bytes @ 0x41002100)  returns FALSE (0001ms, 1663ms total)
T5178 112:953 JLINK_IsHalted() -- CPU_ReadMem(4 bytes @ 0x41002100)  returns FALSE (0002ms, 1664ms total)
T5178 113:156 JLINK_IsHalted() -- CPU_ReadMem(4 bytes @ 0x41002100)  returns FALSE (0002ms, 1664ms total)
T5178 113:365 JLINK_IsHalted() -- CPU_ReadMem(4 bytes @ 0x41002100)  returns FALSE (0001ms, 1663ms total)
T5178 113:567 JLINK_IsHalted() -- CPU_ReadMem(4 bytes @ 0x41002100)  returns FALSE (0000ms, 1662ms total)
T5178 113:767 JLINK_IsHalted() -- CPU_ReadMem(4 bytes @ 0x41002100)  returns FALSE (0000ms, 1662ms total)
T5178 113:967 JLINK_IsHalted() -- CPU_ReadMem(4 bytes @ 0x41002100)  returns FALSE (0001ms, 1663ms total)
T5178 114:171 JLINK_IsHalted() -- CPU_ReadMem(4 bytes @ 0x41002100)  returns FALSE (0001ms, 1663ms total)
T5178 114:373 JLINK_IsHalted() -- CPU_ReadMem(4 bytes @ 0x41002100)  returns FALSE (0000ms, 1662ms total)
T5178 114:573 JLINK_IsHalted() -- CPU_ReadMem(4 bytes @ 0x41002100)  returns FALSE (0000ms, 1662ms total)
T5178 114:774 JLINK_IsHalted() -- CPU_ReadMem(4 bytes @ 0x41002100)  returns FALSE (0002ms, 1664ms total)
T5178 114:978 JLINK_IsHalted() -- CPU_ReadMem(4 bytes @ 0x41002100)  returns FALSE (0002ms, 1664ms total)
T5178 115:184 JLINK_IsHalted() -- CPU_ReadMem(4 bytes @ 0x41002100)  returns FALSE (0001ms, 1663ms total)
T5178 115:385 JLINK_IsHalted() -- CPU_ReadMem(4 bytes @ 0x41002100)  returns FALSE (0001ms, 1663ms total)
T5178 115:587 JLINK_IsHalted() -- CPU_ReadMem(4 bytes @ 0x41002100)  returns FALSE (0001ms, 1663ms total)
T5178 115:788 JLINK_IsHalted() -- CPU_ReadMem(4 bytes @ 0x41002100)  returns FALSE (0000ms, 1662ms total)
T5178 115:990 JLINK_IsHalted() -- CPU_ReadMem(4 bytes @ 0x41002100)  returns FALSE (0002ms, 1664ms total)
T5178 116:193 JLINK_IsHalted() -- CPU_ReadMem(4 bytes @ 0x41002100)  returns FALSE (0001ms, 1663ms total)
T5178 116:399 JLINK_IsHalted() -- CPU_ReadMem(4 bytes @ 0x41002100)  returns FALSE (0002ms, 1664ms total)
T5178 116:602 JLINK_IsHalted() -- CPU_ReadMem(4 bytes @ 0x41002100)  returns FALSE (0002ms, 1664ms total)
T5178 116:810 JLINK_IsHalted() -- CPU_ReadMem(4 bytes @ 0x41002100)  returns FALSE (0001ms, 1663ms total)
T5178 117:013 JLINK_IsHalted() -- CPU_ReadMem(4 bytes @ 0x41002100)  returns FALSE (0002ms, 1664ms total)
T5178 117:220 JLINK_IsHalted() -- CPU_ReadMem(4 bytes @ 0x41002100)  returns FALSE (0002ms, 1664ms total)
T5178 117:424 JLINK_IsHalted() -- CPU_ReadMem(4 bytes @ 0x41002100)  returns FALSE (0001ms, 1663ms total)
T5178 117:630 JLINK_IsHalted() -- CPU_ReadMem(4 bytes @ 0x41002100)  returns FALSE (0002ms, 1664ms total)
T5178 117:833 JLINK_IsHalted() -- CPU_ReadMem(4 bytes @ 0x41002100)  returns FALSE (0001ms, 1663ms total)
T5178 118:035 JLINK_IsHalted() -- CPU_ReadMem(4 bytes @ 0x41002100)  returns FALSE (0002ms, 1664ms total)
T5178 118:237 JLINK_IsHalted() -- CPU_ReadMem(4 bytes @ 0x41002100)  returns FALSE (0001ms, 1663ms total)
T5178 118:444 JLINK_IsHalted() -- CPU_ReadMem(4 bytes @ 0x41002100)  returns FALSE (0001ms, 1663ms total)
T5178 118:652 JLINK_IsHalted() -- CPU_ReadMem(4 bytes @ 0x41002100)  returns FALSE (0001ms, 1663ms total)
T5178 118:855 JLINK_IsHalted() -- CPU_ReadMem(4 bytes @ 0x41002100)  returns FALSE (0001ms, 1663ms total)
T5178 119:064 JLINK_IsHalted() -- CPU_ReadMem(4 bytes @ 0x41002100)  returns FALSE (0001ms, 1663ms total)
T5178 119:266 JLINK_IsHalted() -- CPU_ReadMem(4 bytes @ 0x41002100)  returns FALSE (0001ms, 1663ms total)
T5178 119:472 JLINK_IsHalted() -- CPU_ReadMem(4 bytes @ 0x41002100)  returns FALSE (0001ms, 1663ms total)
T5178 119:675 JLINK_IsHalted() -- CPU_ReadMem(4 bytes @ 0x41002100)  returns FALSE (0001ms, 1663ms total)
T5178 119:878 JLINK_IsHalted() -- CPU_ReadMem(4 bytes @ 0x41002100)  returns FALSE (0001ms, 1663ms total)
T5178 120:083 JLINK_IsHalted() -- CPU_ReadMem(4 bytes @ 0x41002100)  returns FALSE (0001ms, 1663ms total)
T5178 120:288 JLINK_IsHalted() -- CPU_ReadMem(4 bytes @ 0x41002100)  returns FALSE (0002ms, 1664ms total)
T5178 120:492 JLINK_IsHalted() -- CPU_ReadMem(4 bytes @ 0x41002100)  returns FALSE (0001ms, 1665ms total)
T5178 120:696 JLINK_IsHalted() -- CPU_ReadMem(4 bytes @ 0x41002100)  returns FALSE (0000ms, 1665ms total)
T5178 120:897 JLINK_IsHalted() -- CPU_ReadMem(4 bytes @ 0x41002100)  returns FALSE (0002ms, 1667ms total)
T5178 121:106 JLINK_IsHalted() -- CPU_ReadMem(4 bytes @ 0x41002100)  returns FALSE (0001ms, 1666ms total)
T5178 121:307 JLINK_IsHalted() -- CPU_ReadMem(4 bytes @ 0x41002100)  returns FALSE (0001ms, 1666ms total)
T5178 121:508 JLINK_IsHalted() -- CPU_ReadMem(4 bytes @ 0x41002100)  returns FALSE (0001ms, 1666ms total)
T5178 121:712 JLINK_IsHalted() -- CPU_ReadMem(4 bytes @ 0x41002100)  returns FALSE (0001ms, 1666ms total)
T5178 121:922 JLINK_IsHalted() -- CPU_ReadMem(4 bytes @ 0x41002100)  returns FALSE (0000ms, 1665ms total)
T5178 122:123 JLINK_IsHalted() -- CPU_ReadMem(4 bytes @ 0x41002100)  returns FALSE (0000ms, 1665ms total)
T5178 122:324 JLINK_IsHalted() -- CPU_ReadMem(4 bytes @ 0x41002100)  returns FALSE (0001ms, 1666ms total)
T5178 122:527 JLINK_IsHalted() -- CPU_ReadMem(4 bytes @ 0x41002100)  returns FALSE (0000ms, 1665ms total)
T5178 122:728 JLINK_IsHalted() -- CPU_ReadMem(4 bytes @ 0x41002100)  returns FALSE (0001ms, 1666ms total)
T5178 122:935 JLINK_IsHalted() -- CPU_ReadMem(4 bytes @ 0x41002100)  returns FALSE (0001ms, 1666ms total)
T5178 123:137 JLINK_IsHalted() -- CPU_ReadMem(4 bytes @ 0x41002100)  returns FALSE (0001ms, 1666ms total)
T5178 123:342 JLINK_IsHalted() -- CPU_ReadMem(4 bytes @ 0x41002100)  returns FALSE (0001ms, 1666ms total)
T5178 123:545 JLINK_IsHalted() -- CPU_ReadMem(4 bytes @ 0x41002100)  returns FALSE (0000ms, 1665ms total)
T5178 123:750 JLINK_IsHalted() -- CPU_ReadMem(4 bytes @ 0x41002100)  returns FALSE (0001ms, 1666ms total)
T5178 123:954 JLINK_IsHalted() -- CPU_ReadMem(4 bytes @ 0x41002100)  returns FALSE (0002ms, 1667ms total)
T5178 124:157 JLINK_IsHalted() -- CPU_ReadMem(4 bytes @ 0x41002100)  returns FALSE (0001ms, 1666ms total)
T5178 124:358 JLINK_IsHalted() -- CPU_ReadMem(4 bytes @ 0x41002100)  returns FALSE (0001ms, 1666ms total)
T5178 124:560 JLINK_IsHalted() -- CPU_ReadMem(4 bytes @ 0x41002100)  returns FALSE (0001ms, 1666ms total)
T5178 124:766 JLINK_IsHalted() -- CPU_ReadMem(4 bytes @ 0x41002100)  returns FALSE (0002ms, 1667ms total)
T5178 124:973 JLINK_IsHalted() -- CPU_ReadMem(4 bytes @ 0x41002100)  returns FALSE (0001ms, 1666ms total)
T5178 125:177 JLINK_IsHalted() -- CPU_ReadMem(4 bytes @ 0x41002100)  returns FALSE (0002ms, 1667ms total)
T5178 125:383 JLINK_IsHalted() -- CPU_ReadMem(4 bytes @ 0x41002100)  returns FALSE (0001ms, 1666ms total)
T5178 125:588 JLINK_IsHalted() -- CPU_ReadMem(4 bytes @ 0x41002100)  returns FALSE (0002ms, 1667ms total)
T5178 125:792 JLINK_IsHalted() -- CPU_ReadMem(4 bytes @ 0x41002100)  returns FALSE (0002ms, 1667ms total)
T5178 125:994 JLINK_IsHalted() -- CPU_ReadMem(4 bytes @ 0x41002100)  returns FALSE (0002ms, 1667ms total)
T5178 126:199 JLINK_IsHalted() -- CPU_ReadMem(4 bytes @ 0x41002100)  returns FALSE (0001ms, 1666ms total)
T5178 126:401 JLINK_IsHalted() -- CPU_ReadMem(4 bytes @ 0x41002100)  returns FALSE (0002ms, 1667ms total)
T5178 126:604 JLINK_IsHalted() -- CPU_ReadMem(4 bytes @ 0x41002100)  returns FALSE (0002ms, 1667ms total)
T5178 126:807 JLINK_IsHalted() -- CPU_ReadMem(4 bytes @ 0x41002100)  returns FALSE (0001ms, 1666ms total)
T5178 127:012 JLINK_IsHalted() -- CPU_ReadMem(4 bytes @ 0x41002100)  returns FALSE (0001ms, 1666ms total)
T5178 127:217 JLINK_IsHalted() -- CPU_ReadMem(4 bytes @ 0x41002100)  returns FALSE (0002ms, 1667ms total)
T5178 127:420 JLINK_IsHalted() -- CPU_ReadMem(4 bytes @ 0x41002100)  returns FALSE (0000ms, 1665ms total)
T5178 127:623 JLINK_IsHalted() -- CPU_ReadMem(4 bytes @ 0x41002100)  returns FALSE (0001ms, 1666ms total)
T5178 127:825 JLINK_IsHalted() -- CPU_ReadMem(4 bytes @ 0x41002100)  returns FALSE (0001ms, 1666ms total)
T5178 128:026 JLINK_IsHalted() -- CPU_ReadMem(4 bytes @ 0x41002100)  returns FALSE (0002ms, 1667ms total)
T5178 128:229 JLINK_IsHalted() -- CPU_ReadMem(4 bytes @ 0x41002100)  returns FALSE (0001ms, 1666ms total)
T5178 128:430 JLINK_IsHalted() -- CPU_ReadMem(4 bytes @ 0x41002100)  returns FALSE (0001ms, 1666ms total)
T5178 128:633 JLINK_IsHalted() -- CPU_ReadMem(4 bytes @ 0x41002100)  returns FALSE (0001ms, 1666ms total)
T5178 128:838 JLINK_IsHalted() -- CPU_ReadMem(4 bytes @ 0x41002100)  returns FALSE (0001ms, 1666ms total)
T5178 129:042 JLINK_IsHalted() -- CPU_ReadMem(4 bytes @ 0x41002100)  returns FALSE (0001ms, 1666ms total)
T5178 129:245 JLINK_IsHalted() -- CPU_ReadMem(4 bytes @ 0x41002100)  returns FALSE (0000ms, 1665ms total)
T5178 129:446 JLINK_IsHalted() -- CPU_ReadMem(4 bytes @ 0x41002100)  returns FALSE (0001ms, 1666ms total)
T5178 129:647 JLINK_IsHalted() -- CPU_ReadMem(4 bytes @ 0x41002100)  returns FALSE (0000ms, 1665ms total)
T5178 129:847 JLINK_IsHalted() -- CPU_ReadMem(4 bytes @ 0x41002100)  returns FALSE (0001ms, 1666ms total)
T5178 130:049 JLINK_IsHalted() -- CPU_ReadMem(4 bytes @ 0x41002100)  returns FALSE (0001ms, 1666ms total)
T5178 130:251 JLINK_IsHalted() -- CPU_ReadMem(4 bytes @ 0x41002100)  returns FALSE (0001ms, 1666ms total)
T5178 130:453 JLINK_IsHalted() -- CPU_ReadMem(4 bytes @ 0x41002100)  returns FALSE (0000ms, 1665ms total)
T5178 130:653 JLINK_IsHalted() -- CPU_ReadMem(4 bytes @ 0x41002100)  returns FALSE (0000ms, 1665ms total)
T5178 130:854 JLINK_IsHalted() -- CPU_ReadMem(4 bytes @ 0x41002100)  returns FALSE (0000ms, 1665ms total)
T5178 131:062 JLINK_IsHalted() -- CPU_ReadMem(4 bytes @ 0x41002100)  returns FALSE (0000ms, 1665ms total)
T5178 131:264 JLINK_IsHalted() -- CPU_ReadMem(4 bytes @ 0x41002100)  returns FALSE (0001ms, 1666ms total)
T5178 131:466 JLINK_IsHalted() -- CPU_ReadMem(4 bytes @ 0x41002100)  returns FALSE (0001ms, 1666ms total)
T5178 131:668 JLINK_IsHalted() -- CPU_ReadMem(4 bytes @ 0x41002100)  returns FALSE (0001ms, 1666ms total)
T5178 131:873 JLINK_IsHalted() -- CPU_ReadMem(4 bytes @ 0x41002100)  returns FALSE (0000ms, 1665ms total)
T5178 132:074 JLINK_IsHalted() -- CPU_ReadMem(4 bytes @ 0x41002100)  returns FALSE (0001ms, 1666ms total)
T5178 132:277 JLINK_IsHalted() -- CPU_ReadMem(4 bytes @ 0x41002100)  returns FALSE (0001ms, 1666ms total)
T5178 132:482 JLINK_IsHalted() -- CPU_ReadMem(4 bytes @ 0x41002100)  returns FALSE (0000ms, 1665ms total)
T5178 132:688 JLINK_IsHalted() -- CPU_ReadMem(4 bytes @ 0x41002100)  returns FALSE (0002ms, 1667ms total)
T5178 132:890 JLINK_IsHalted() -- CPU_ReadMem(4 bytes @ 0x41002100)  returns FALSE (0002ms, 1667ms total)
T5178 133:096 JLINK_IsHalted() -- CPU_ReadMem(4 bytes @ 0x41002100)  returns FALSE (0001ms, 1666ms total)
T5178 133:299 JLINK_IsHalted() -- CPU_ReadMem(4 bytes @ 0x41002100)  returns FALSE (0001ms, 1666ms total)
T5178 133:503 JLINK_IsHalted() -- CPU_ReadMem(4 bytes @ 0x41002100)  returns FALSE (0001ms, 1666ms total)
T5178 133:704 JLINK_IsHalted() -- CPU_ReadMem(4 bytes @ 0x41002100)  returns FALSE (0001ms, 1666ms total)
T5178 133:911 JLINK_IsHalted() -- CPU_ReadMem(4 bytes @ 0x41002100)  returns FALSE (0001ms, 1666ms total)
T5178 134:112 JLINK_IsHalted() -- CPU_ReadMem(4 bytes @ 0x41002100)  returns FALSE (0002ms, 1667ms total)
T5178 134:315 JLINK_IsHalted() -- CPU_ReadMem(4 bytes @ 0x41002100)  returns FALSE (0001ms, 1666ms total)
T0F64 134:386 JLINK_Halt()  returns 0x00 (0003ms, 1668ms total)
T5178 134:518 JLINK_IsHalted()  returns TRUE (0000ms, 1668ms total)
T5178 134:518 JLINK_GetMOEs(...) -- CPU_ReadMem(4 bytes @ 0xE000ED30)  returns 0x01 (0000ms, 1668ms total)
T5178 134:518 JLINK_ReadReg(R15 (PC))  returns 0x00021F3A (0000ms, 1668ms total)
T5CE0 134:519 JLINK_ResetPullsRESET(ON) (0000ms, 1668ms total)
T5CE0 134:519 JLINK_ResetNoHalt()InitTarget() >0x10B TIF>Found SW-DP with ID 0x0BC11477 >0x0D TIF> >0x28 TIF> >0x0D TIF> >0x28 TIF> >0x0D TIF> >0x28 TIF> >0x0D TIF> >0x28 TIF> >0x0D TIF> >0x21 TIF> >0x0D TIF> >0x28 TIF>AP map detection skipped. Manually configured AP map found.AP[0]: AHB-AP (IDR: Not set) >0x42 TIF> >0x28 TIF> >0x0D TIF> >0x28 TIF> >0x0D TIF> >0x21 TIF> >0x0D TIF> >0x21 TIF> >0x42 TIF> >0x28 TIF> >0x0D TIF> >0x28 TIF> >0x0D TIF> >0x28 TIF> >0x0D TIF> >0x21 TIF> >0x0D TIF> >0x21 TIF>
AP[0]: Core foundAP[0]: AHB-AP ROM base: 0x41003000 >0x0D TIF> >0x28 TIF> >0x0D TIF> >0x28 TIF> >0x0D TIF> >0x28 TIF> >0x0D TIF> >0x21 TIF> >0x0D TIF> >0x21 TIF>CPUID register: 0x410CC601. Implementer code: 0x41 (ARM)Found Cortex-M0 r0p1, Little endian. -- Max. mem block: 0x00001028 -- CPU_ReadMem(4 bytes @ 0xE000EDF0) -- CPU_ReadMem(4 bytes @ 0xE0002000)FPUnit: 4 code (BP) slots and 0 literal slots -- CPU_ReadMem(4 bytes @ 0xE0001000)CoreSight components:ROMTbl[0] @ 41003000
 -- CPU_ReadMem(16 bytes @ 0x41003000) -- CPU_ReadMem(16 bytes @ 0xE00FFFF0) -- CPU_ReadMem(16 bytes @ 0xE00FFFE0)ROMTbl[0][0]: E00FF000, CID: B105100D, PID: 000BB4C0 ROM TableROMTbl[1] @ E00FF000 -- CPU_ReadMem(16 bytes @ 0xE00FF000) -- CPU_ReadMem(16 bytes @ 0xE000EFF0) -- CPU_ReadMem(16 bytes @ 0xE000EFE0)ROMTbl[1][0]: E000E000, CID: B105E00D, PID: 000BB008 SCS -- CPU_WriteMem(4 bytes @ 0xE0001000) -- CPU_ReadMem(16 bytes @ 0xE0001FF0) -- CPU_ReadMem(16 bytes @ 0xE0001FE0)
ROMTbl[1][1]: E0001000, CID: B105E00D, PID: 000BB00A DWT -- CPU_ReadMem(16 bytes @ 0xE0002FF0) -- CPU_ReadMem(16 bytes @ 0xE0002FE0)ROMTbl[1][2]: E0002000, CID: B105E00D, PID: 000BB00B FPB -- CPU_ReadMem(16 bytes @ 0x41006FF0) -- CPU_ReadMem(16 bytes @ 0x41006FE0)ROMTbl[0][1]: 41006000, CID: B105900D, PID: 001BB932 MTB-M0+
                JLINK_Reset() -- CPU_ReadMem(4 bytes @ 0xE000EDFC) -- CPU_WriteMem(4 bytes @ 0xE000EDFC) -- CPU_WriteMem(4 bytes @ 0xE000ED0C) -- CPU_ReadMem(4 bytes @ 0xE000EDF0) -- CPU_ReadMem(4 bytes @ 0x41002100) -- CPU_WriteMem(4 bytes @ 0x41002100) -- CPU_ReadMem(4 bytes @ 0x41002100) -- CPU_WriteMem(4 bytes @ 0xE000EDFC) -- CPU_WriteMem(4 bytes @ 0xE0002000) -- CPU_ReadMem(4 bytes @ 0xE000EDFC) -- CPU_ReadMem(4 bytes @ 0xE0001000) -- CPU_WriteMem(4 bytes @ 0xE0001000) (0013ms, 0013ms total)
                JLINK_Go() -- CPU_ReadMem(4 bytes @ 0xE0001000) -- CPU_WriteMem(4 bytes @ 0xE0001000) -- CPU_WriteMem(4 bytes @ 0xE0002008) -- CPU_WriteMem(4 bytes @ 0xE000200C) -- CPU_WriteMem(4 bytes @ 0xE0002010) -- CPU_WriteMem(4 bytes @ 0xE0002014) -- CPU_WriteMem(4 bytes @ 0xE0001004) (0004ms, 0017ms total)
               (0142ms, 1810ms total)
T5CE0 134:682 JLINK_Close() -- CPU is running -- CPU_WriteMem(4 bytes @ 0xE0002008) -- CPU is running -- CPU_WriteMem(4 bytes @ 0xE000200C) -- CPU is running -- CPU_WriteMem(4 bytes @ 0xE0002010) -- CPU is running -- CPU_WriteMem(4 bytes @ 0xE0002014) >0x0D TIF> >0x28 TIF> >0x0D TIF> >0x28 TIF> >0x0D TIF> >0x28 TIF> >0x0D TIF> >0x28 TIF> >0x0D TIF> >0x28 TIF> >0x0D TIF> >0x28 TIF> >0x0D TIF> >0x28 TIF> >0x0D TIF> >0x28 TIF> >0x0D TIF> >0x21 TIF> >0x0D TIF> >0x28 TIF> (0017ms, 1827ms total)
T5CE0 134:682  (0017ms, 1827ms total)
T5CE0 134:682 Closed (0017ms, 1827ms total)
