T6688 081:503 SEGGER J-Link V6.48a Log File (0001ms, 1682ms total)
T6688 081:503 DLL Compiled: Jul 30 2019 15:16:09 (0001ms, 1682ms total)
T6688 081:503 Logging started @ 2021-05-09 20:21 (0001ms, 1682ms total)
T6688 081:510 JLINK_ExecCommand("Device = ATSAMD21G18A", ...). Device "ATSAMD21G18" selected.  returns 0x00 (0001ms, 1683ms total)
T6688 081:526 JLINK_TIF_Select(JLINKARM_TIF_SWD)  returns 0x00 (0000ms, 1683ms total)
T6688 081:527 JLINK_SetSpeed(4000) (0000ms, 1684ms total)
T6688 081:527 JLINK_ResetPullsRESET(OFF) (0000ms, 1684ms total)
T6688 081:527 JLINK_Connect()InitTarget() >0x10B TIF>Found SW-DP with ID 0x0BC11477 >0x0D TIF> >0x28 TIF> >0x0D TIF> >0x28 TIF> >0x0D TIF> >0x28 TIF> >0x0D TIF> >0x28 TIF> >0x0D TIF> >0x21 TIF> >0x0D TIF> >0x28 TIF>Scanning AP map to find all available APs >0x0D TIF> >0x28 TIF> >0x0D TIF> >0x21 TIF> >0x0D TIF> >0x21 TIF> >0x0D TIF> >0x28 TIF> >0x0D TIF> >0x21 TIF> >0x0D TIF> >0x21 TIF>AP[1]: Stopped AP scan as end of AP map has been reachedAP[0]: AHB-AP (IDR: 0x04770031)
Iterating through AP map to find AHB-AP to use >0x42 TIF> >0x28 TIF> >0x0D TIF> >0x28 TIF> >0x0D TIF> >0x21 TIF> >0x0D TIF> >0x21 TIF> >0x42 TIF> >0x28 TIF> >0x0D TIF> >0x28 TIF> >0x0D TIF> >0x28 TIF> >0x0D TIF> >0x21 TIF> >0x0D TIF> >0x21 TIF>AP[0]: Core foundAP[0]: AHB-AP ROM base: 0x41003000 >0x0D TIF> >0x28 TIF> >0x0D TIF> >0x28 TIF> >0x0D TIF> >0x28 TIF> >0x0D TIF> >0x21 TIF> >0x0D TIF> >0x21 TIF>CPUID register: 0x410CC601. Implementer code: 0x41 (ARM)Found Cortex-M0 r0p1, Little endian.
 -- Max. mem block: 0x00001338 -- CPU_ReadMem(4 bytes @ 0xE000EDF0) -- CPU_WriteMem(4 bytes @ 0xE000EDF0) -- CPU_ReadMem(4 bytes @ 0xE0002000)FPUnit: 4 code (BP) slots and 0 literal slots -- CPU_ReadMem(4 bytes @ 0xE000EDFC) -- CPU_WriteMem(4 bytes @ 0xE000EDFC) -- CPU_ReadMem(4 bytes @ 0xE0001000) -- CPU_WriteMem(4 bytes @ 0xE0001000)CoreSight components:ROMTbl[0] @ 41003000 -- CPU_ReadMem(16 bytes @ 0x41003000) -- CPU_ReadMem(16 bytes @ 0xE00FFFF0) -- CPU_ReadMem(16 bytes @ 0xE00FFFE0)
ROMTbl[0][0]: E00FF000, CID: B105100D, PID: 000BB4C0 ROM TableROMTbl[1] @ E00FF000 -- CPU_ReadMem(16 bytes @ 0xE00FF000) -- CPU_ReadMem(16 bytes @ 0xE000EFF0) -- CPU_ReadMem(16 bytes @ 0xE000EFE0)ROMTbl[1][0]: E000E000, CID: B105E00D, PID: 000BB008 SCS -- CPU_ReadMem(16 bytes @ 0xE0001FF0) -- CPU_ReadMem(16 bytes @ 0xE0001FE0)ROMTbl[1][1]: E0001000, CID: B105E00D, PID: 000BB00A DWT -- CPU_ReadMem(16 bytes @ 0xE0002FF0) -- CPU_ReadMem(16 bytes @ 0xE0002FE0)
ROMTbl[1][2]: E0002000, CID: B105E00D, PID: 000BB00B FPB -- CPU_ReadMem(16 bytes @ 0x41006FF0) -- CPU_ReadMem(16 bytes @ 0x41006FE0)ROMTbl[0][1]: 41006000, CID: B105900D, PID: 001BB932 MTB-M0+  returns 0x00 (0125ms, 1809ms total)
T6688 081:652 JLINK_ExecCommand("ExcludeFlashCacheRange 0x0 - 0x40000", ...).   returns 0x00 (0000ms, 1809ms total)
T6688 081:652 JLINK_Halt()  returns 0x00 (0003ms, 1812ms total)
T6688 081:657 JLINK_JTAG_GetDeviceID(DeviceIndex = 0)  returns 0x00 (0000ms, 1812ms total)
T6688 081:657 JLINK_ReadMemU32(0x41002018, 0x0001 Items, ...) -- CPU_ReadMem(4 bytes @ 0x41002018) - Data: 05 03 01 10  returns 1 (0000ms, 1812ms total)
T2EF8 081:667 JLINK_IsHalted()  returns TRUE (0000ms, 1812ms total)
T2EF8 081:667 JLINK_GetMOEs(...) -- CPU_ReadMem(4 bytes @ 0xE000ED30)  returns 0x01 (0000ms, 1812ms total)
T2EF8 081:667 JLINK_ReadReg(R15 (PC))  returns 0x00000130 (0000ms, 1812ms total)
T6688 081:720 JLINK_BeginDownload(Flags = 0x00) (0000ms, 1812ms total)
T6688 081:720 JLINK_WriteMem(0x00000000, 0xCDD8 Bytes, ...) - Data: D8 2C 00 20 79 69 00 00 71 6A 00 00 71 6A 00 00 ... -- Read from flash cache (52696 bytes @ 0x00000000)  returns 0xCDD8 (0000ms, 1812ms total)
T6688 081:720 JLINK_WriteMem(0x0000CDD8, 0x0094 Bytes, ...) - Data: 40 1F 00 00 08 00 00 00 07 01 00 00 30 3A 73 64 ... -- Read from flash cache (148 bytes @ 0x0000CDD8)  returns 0x94 (0001ms, 1813ms total)
T6688 081:735 JLINK_EndDownload() -- CPU_ReadMem(4 bytes @ 0x41006004) -- CPU_ReadMem(4 bytes @ 0xE000ED90) -- -------------------------------------- -- Start of determining dirty areas in flash cache -- End of determining dirty areas -- Start of preparing flash programming -- Calculating RAM usage -- RAM usage = 3828 Bytes -- Preserving CPU registers -- Preparing memory -- Preparing target -- Downloading RAMCode -- Checking target RAM -- Preparing RAMCode -- End of preparing flash programming
 -- CPU speed could not be measured. -- Start of comparing flash -- CRC check was estimated as fastest method -- Comparing range 0x0000 - 0x7FFF (128 Sectors, 32 KB), using multi-block CRC calculation -- All CRCs match -- Comparing range 0x8000 - 0xCEFF (79 Sectors, 19 KB), using multi-block CRC calculation -- All CRCs match -- Comparing range 0x0000 - 0x7FFF (128 Sectors, 32 KB), using alternative multi-block CRC calculation -- All CRCs match
 -- Comparing range 0x8000 - 0xCEFF (79 Sectors, 19 KB), using alternative multi-block CRC calculation -- All CRCs match -- End of comparing flash -- Start of erasing sectors -- End of erasing sectors -- Start of flash programming -- End of flash programming -- Start of verifying flash -- End of verifying flash -- Start of restoring -- Restoring RAMCode -- Restore target -- Restore memory -- Restoring CPU registers -- End of restoring -- Bank 0 @ 0x00000000: Skipped. Contents already match
 -- Bank 0 @ 0x00000000: Skipped. Contents already match  returns 0x00 (0142ms, 1955ms total)
T6688 081:878 JLINK_SetResetType(JLINKARM_CM3_RESET_TYPE_NORMAL)  returns JLINKARM_CM3_RESET_TYPE_NORMAL (0000ms, 1955ms total)
T6688 081:878 JLINK_Reset() -- CPU_ReadMem(4 bytes @ 0x20000684) -- CPU_WriteMem(4 bytes @ 0x20000684) -- CPU_ReadMem(4 bytes @ 0xE000EDFC) -- CPU_WriteMem(4 bytes @ 0xE000EDFC) -- CPU_WriteMem(4 bytes @ 0xE000ED0C) -- CPU_ReadMem(4 bytes @ 0xE000EDF0) -- CPU_ReadMem(4 bytes @ 0x41002100) -- CPU_WriteMem(4 bytes @ 0xE000EDFC) -- CPU_WriteMem(4 bytes @ 0xE0002000) -- CPU_ReadMem(4 bytes @ 0xE000EDFC) -- CPU_ReadMem(4 bytes @ 0xE0001000) -- CPU_WriteMem(4 bytes @ 0xE0001000) (0009ms, 1964ms total)
T2EF8 082:070 JLINK_IsHalted()  returns TRUE (0000ms, 1964ms total)
T225C 082:112 JLINK_Halt()  returns 0x00 (0000ms, 1964ms total)
T225C 082:113 JLINK_ReadReg(R15 (PC))  returns 0x00006978 (0000ms, 1964ms total)
T225C 082:113 JLINK_ReadReg(R13 (SP))  returns 0x20002CD8 (0000ms, 1964ms total)
T225C 082:119 JLINK_ReadMemHW(0x00006978, 0x0004 Bytes, ...) -- CPU_ReadMem(4 bytes @ 0x00006978) - Data: 80 B5 82 B0  returns 0x00 (0001ms, 1965ms total)
T225C 082:120 JLINK_ReadReg(R0)  returns 0x40001000 (0000ms, 1965ms total)
T225C 082:120 JLINK_ReadReg(R1)  returns 0x00000000 (0000ms, 1965ms total)
T225C 082:120 JLINK_ReadReg(R2)  returns 0x00000000 (0000ms, 1965ms total)
T225C 082:120 JLINK_ReadReg(R3)  returns 0x00000000 (0000ms, 1965ms total)
T225C 082:120 JLINK_ReadReg(R4)  returns 0x20000664 (0000ms, 1965ms total)
T225C 082:120 JLINK_ReadReg(R5)  returns 0x200006BC (0001ms, 1966ms total)
T225C 082:121 JLINK_ReadReg(R6)  returns 0x200006BC (0000ms, 1966ms total)
T225C 082:121 JLINK_ReadReg(R7)  returns 0x20002C20 (0000ms, 1966ms total)
T225C 082:121 JLINK_ReadReg(R8)  returns 0xA5A5A5A5 (0000ms, 1966ms total)
T225C 082:121 JLINK_ReadReg(R9)  returns 0xA5A5A5A5 (0000ms, 1966ms total)
T225C 082:121 JLINK_ReadReg(R10)  returns 0xA5A5A5A5 (0000ms, 1966ms total)
T225C 082:121 JLINK_ReadReg(R11)  returns 0xA5A5A5A5 (0000ms, 1966ms total)
T225C 082:121 JLINK_ReadReg(R12)  returns 0x200005D8 (0000ms, 1966ms total)
T225C 082:121 JLINK_ReadReg(R13 (SP))  returns 0x20002CD8 (0000ms, 1966ms total)
T225C 082:121 JLINK_ReadReg(R14)  returns 0x2000032F (0000ms, 1966ms total)
T225C 082:121 JLINK_ReadReg(R15 (PC))  returns 0x00006978 (0000ms, 1966ms total)
T225C 082:121 JLINK_ReadReg(XPSR)  returns 0x61000000 (0000ms, 1966ms total)
T225C 082:121 JLINK_ReadReg(MSP)  returns 0x20002CD8 (0000ms, 1966ms total)
T225C 082:121 JLINK_ReadReg(PSP)  returns 0x200028C0 (0000ms, 1966ms total)
T225C 082:121 JLINK_ReadReg(PRIMASK)  returns 0x00000000 (0000ms, 1966ms total)
T225C 082:121 JLINK_ReadReg(BASEPRI)  returns 0x00000000 (0000ms, 1966ms total)
T225C 082:121 JLINK_ReadReg(FAULTMASK)  returns 0x00000000 (0000ms, 1966ms total)
T225C 082:121 JLINK_ReadReg(CONTROL)  returns 0x00000000 (0000ms, 1966ms total)
T225C 082:121 JLINK_ReadMemHW(0x00006978, 0x0002 Bytes, ...) -- CPU_ReadMem(2 bytes @ 0x00006978) - Data: 80 B5  returns 0x00 (0001ms, 1967ms total)
T225C 082:164 JLINK_ReadReg(R0)  returns 0x40001000 (0001ms, 1968ms total)
T225C 082:165 JLINK_ReadReg(R1)  returns 0x00000000 (0000ms, 1968ms total)
T225C 082:165 JLINK_ReadReg(R2)  returns 0x00000000 (0000ms, 1968ms total)
T225C 082:165 JLINK_ReadReg(R3)  returns 0x00000000 (0000ms, 1968ms total)
T225C 082:165 JLINK_ReadReg(R4)  returns 0x20000664 (0000ms, 1968ms total)
T225C 082:165 JLINK_ReadReg(R5)  returns 0x200006BC (0000ms, 1968ms total)
T225C 082:165 JLINK_ReadReg(R6)  returns 0x200006BC (0000ms, 1968ms total)
T225C 082:165 JLINK_ReadReg(R7)  returns 0x20002C20 (0000ms, 1968ms total)
T225C 082:165 JLINK_ReadReg(R8)  returns 0xA5A5A5A5 (0000ms, 1968ms total)
T225C 082:165 JLINK_ReadReg(R9)  returns 0xA5A5A5A5 (0000ms, 1968ms total)
T225C 082:165 JLINK_ReadReg(R10)  returns 0xA5A5A5A5 (0000ms, 1968ms total)
T225C 082:165 JLINK_ReadReg(R11)  returns 0xA5A5A5A5 (0000ms, 1968ms total)
T225C 082:165 JLINK_ReadReg(R12)  returns 0x200005D8 (0000ms, 1968ms total)
T225C 082:165 JLINK_ReadReg(R13 (SP))  returns 0x20002CD8 (0000ms, 1968ms total)
T225C 082:165 JLINK_ReadReg(R14)  returns 0x2000032F (0000ms, 1968ms total)
T225C 082:165 JLINK_ReadReg(R15 (PC))  returns 0x00006978 (0000ms, 1968ms total)
T225C 082:165 JLINK_ReadReg(XPSR)  returns 0x61000000 (0000ms, 1968ms total)
T225C 082:165 JLINK_ReadReg(MSP)  returns 0x20002CD8 (0000ms, 1968ms total)
T225C 082:165 JLINK_ReadReg(PSP)  returns 0x200028C0 (0000ms, 1968ms total)
T225C 082:165 JLINK_ReadReg(PRIMASK)  returns 0x00000000 (0000ms, 1968ms total)
T225C 082:165 JLINK_ReadReg(BASEPRI)  returns 0x00000000 (0000ms, 1968ms total)
T225C 082:165 JLINK_ReadReg(FAULTMASK)  returns 0x00000000 (0000ms, 1968ms total)
T225C 082:165 JLINK_ReadReg(CONTROL)  returns 0x00000000 (0000ms, 1968ms total)
T225C 082:177 JLINK_ReadMemHW(0x00006978, 0x0004 Bytes, ...) -- CPU_ReadMem(4 bytes @ 0x00006978) - Data: 80 B5 82 B0  returns 0x00 (0000ms, 1968ms total)
T225C 082:214 JLINK_SetResetType(JLINKARM_CM3_RESET_TYPE_NORMAL)  returns JLINKARM_CM3_RESET_TYPE_NORMAL (0000ms, 1968ms total)
T225C 082:214 JLINK_Reset() -- CPU_ReadMem(4 bytes @ 0xE000EDFC) -- CPU_WriteMem(4 bytes @ 0xE000EDFC) -- CPU_WriteMem(4 bytes @ 0xE000ED0C) -- CPU_ReadMem(4 bytes @ 0xE000EDF0) -- CPU_ReadMem(4 bytes @ 0x41002100) -- CPU_WriteMem(4 bytes @ 0xE000EDFC) -- CPU_WriteMem(4 bytes @ 0xE0002000) -- CPU_ReadMem(4 bytes @ 0xE000EDFC) -- CPU_ReadMem(4 bytes @ 0xE0001000) -- CPU_WriteMem(4 bytes @ 0xE0001000) (0010ms, 1978ms total)
T2EF8 082:224 JLINK_IsHalted()  returns TRUE (0000ms, 1978ms total)
T2EF8 082:224 JLINK_GetMOEs(...) -- CPU_ReadMem(4 bytes @ 0xE000ED30)  returns 0x01 (0001ms, 1979ms total)
T2EF8 082:225 JLINK_ReadReg(R15 (PC))  returns 0x00006978 (0000ms, 1979ms total)
T225C 082:235 JLINK_ReadReg(R15 (PC))  returns 0x00006978 (0000ms, 1979ms total)
T225C 082:235 JLINK_ReadReg(R13 (SP))  returns 0x20002CD8 (0000ms, 1979ms total)
T225C 082:235 JLINK_ReadMemHW(0x00006978, 0x0004 Bytes, ...) -- CPU_ReadMem(4 bytes @ 0x00006978) - Data: 80 B5 82 B0  returns 0x00 (0001ms, 1980ms total)
T225C 082:260 JLINK_ReadReg(R0)  returns 0x40001000 (0000ms, 1980ms total)
T225C 082:260 JLINK_ReadReg(R1)  returns 0x00000000 (0000ms, 1980ms total)
T225C 082:260 JLINK_ReadReg(R2)  returns 0x00000000 (0000ms, 1980ms total)
T225C 082:260 JLINK_ReadReg(R3)  returns 0x00000000 (0000ms, 1980ms total)
T225C 082:260 JLINK_ReadReg(R4)  returns 0x20000664 (0000ms, 1980ms total)
T225C 082:260 JLINK_ReadReg(R5)  returns 0x200006BC (0000ms, 1980ms total)
T225C 082:260 JLINK_ReadReg(R6)  returns 0x200006BC (0000ms, 1980ms total)
T225C 082:260 JLINK_ReadReg(R7)  returns 0x20002C20 (0000ms, 1980ms total)
T225C 082:260 JLINK_ReadReg(R8)  returns 0xA5A5A5A5 (0000ms, 1980ms total)
T225C 082:260 JLINK_ReadReg(R9)  returns 0xA5A5A5A5 (0000ms, 1980ms total)
T225C 082:260 JLINK_ReadReg(R10)  returns 0xA5A5A5A5 (0000ms, 1980ms total)
T225C 082:260 JLINK_ReadReg(R11)  returns 0xA5A5A5A5 (0000ms, 1980ms total)
T225C 082:260 JLINK_ReadReg(R12)  returns 0x200005D8 (0000ms, 1980ms total)
T225C 082:260 JLINK_ReadReg(R13 (SP))  returns 0x20002CD8 (0000ms, 1980ms total)
T225C 082:260 JLINK_ReadReg(R14)  returns 0x2000032F (0000ms, 1980ms total)
T225C 082:260 JLINK_ReadReg(R15 (PC))  returns 0x00006978 (0000ms, 1980ms total)
T225C 082:260 JLINK_ReadReg(XPSR)  returns 0x61000000 (0000ms, 1980ms total)
T225C 082:260 JLINK_ReadReg(MSP)  returns 0x20002CD8 (0000ms, 1980ms total)
T225C 082:260 JLINK_ReadReg(PSP)  returns 0x200028C0 (0000ms, 1980ms total)
T225C 082:260 JLINK_ReadReg(PRIMASK)  returns 0x00000000 (0000ms, 1980ms total)
T225C 082:260 JLINK_ReadReg(BASEPRI)  returns 0x00000000 (0000ms, 1980ms total)
T225C 082:260 JLINK_ReadReg(FAULTMASK)  returns 0x00000000 (0000ms, 1980ms total)
T225C 082:260 JLINK_ReadReg(CONTROL)  returns 0x00000000 (0000ms, 1980ms total)
T225C 082:261 JLINK_ReadMem (0x2000032E, 0x0004 Bytes, ...) -- CPU_ReadMem(64 bytes @ 0x20000300) -- Updating C cache (64 bytes @ 0x20000300) -- Read from C cache (4 bytes @ 0x2000032E) - Data: 01 BD 70 B5  returns 0x00 (0001ms, 1981ms total)
T225C 082:263 JLINK_ReadMem (0x200001C8, 0x0002 Bytes, ...) -- CPU_ReadMem(64 bytes @ 0x200001C0) -- Updating C cache (64 bytes @ 0x200001C0) -- Read from C cache (2 bytes @ 0x200001C8) - Data: 18 98  returns 0x00 (0001ms, 1982ms total)
T225C 082:264 JLINK_ReadMem (0x200001CA, 0x0002 Bytes, ...) -- Read from C cache (2 bytes @ 0x200001CA) - Data: 46 69  returns 0x00 (0000ms, 1982ms total)
T225C 082:265 JLINK_ReadMem (0x200001CC, 0x0002 Bytes, ...) -- Read from C cache (2 bytes @ 0x200001CC) - Data: 00 2F  returns 0x00 (0000ms, 1982ms total)
T225C 082:265 JLINK_ReadMem (0x200001CE, 0x0002 Bytes, ...) -- Read from C cache (2 bytes @ 0x200001CE) - Data: 3D D5  returns 0x00 (0000ms, 1982ms total)
T225C 082:266 JLINK_ReadMem (0x2000032E, 0x0004 Bytes, ...) -- Read from C cache (4 bytes @ 0x2000032E) - Data: 01 BD 70 B5  returns 0x00 (0000ms, 1982ms total)
T225C 082:266 JLINK_ReadMem (0x200001C8, 0x0002 Bytes, ...) -- Read from C cache (2 bytes @ 0x200001C8) - Data: 18 98  returns 0x00 (0000ms, 1982ms total)
T225C 082:267 JLINK_ReadMem (0x200001CA, 0x0002 Bytes, ...) -- Read from C cache (2 bytes @ 0x200001CA) - Data: 46 69  returns 0x00 (0000ms, 1982ms total)
T225C 082:267 JLINK_ReadMem (0x200001CC, 0x0002 Bytes, ...) -- Read from C cache (2 bytes @ 0x200001CC) - Data: 00 2F  returns 0x00 (0000ms, 1982ms total)
T225C 082:267 JLINK_ReadMem (0x200001CE, 0x0002 Bytes, ...) -- Read from C cache (2 bytes @ 0x200001CE) - Data: 3D D5  returns 0x00 (0000ms, 1982ms total)
T225C 082:305 JLINK_ReadMemHW(0x0000AA08, 0x0001 Bytes, ...) -- CPU_ReadMem(1 bytes @ 0x0000AA08) - Data: 90  returns 0x00 (0001ms, 1983ms total)
T2EF8 082:428 JLINK_IsHalted()  returns TRUE (0000ms, 1983ms total)
T225C 082:514 JLINK_ReadReg(R15 (PC))  returns 0x00006978 (0000ms, 1983ms total)
T225C 082:517 JLINK_GetNumBPUnits(Type = 0xFFFFFF02)  returns 0x04 (0000ms, 1983ms total)
T225C 082:517 JLINK_SetBPEx(Addr = 0x0000AA08, Type = 0xFFFFFFF2)  returns 0x00000001 (0000ms, 1983ms total)
T225C 082:517 JLINK_GetBPInfo(BPHandle = 1)  returns 0x00 (0000ms, 1983ms total)
T225C 082:517 JLINK_Go() -- CPU_WriteMem(4 bytes @ 0xE0002000) -- CPU_ReadMem(4 bytes @ 0xE0001000) -- CPU_WriteMem(4 bytes @ 0xE000ED30) -- CPU_WriteMem(4 bytes @ 0xE0001000) -- CPU_WriteMem(4 bytes @ 0xE0002008) -- CPU_WriteMem(4 bytes @ 0xE000200C) -- CPU_WriteMem(4 bytes @ 0xE0002010) -- CPU_WriteMem(4 bytes @ 0xE0002014) -- CPU_WriteMem(4 bytes @ 0xE0001004) (0003ms, 1986ms total)
T2EF8 082:521 JLINK_IsHalted() -- CPU_ReadMem(4 bytes @ 0x41002100)  returns FALSE (0000ms, 1986ms total)
T2EF8 082:543 JLINK_IsHalted()  returns TRUE (0003ms, 1989ms total)
T2EF8 082:546 JLINK_GetMOEs(...) -- CPU_ReadMem(4 bytes @ 0xE000ED30)  returns 0x01 (0001ms, 1987ms total)
T2EF8 082:547 JLINK_ReadReg(R15 (PC))  returns 0x0000AA08 (0000ms, 1987ms total)
T225C 082:554 JLINK_ReadReg(R15 (PC))  returns 0x0000AA08 (0000ms, 1987ms total)
T225C 082:554 JLINK_ReadReg(R13 (SP))  returns 0x20002CC8 (0000ms, 1987ms total)
T225C 082:554 JLINK_ReadMemHW(0x0000AA08, 0x0004 Bytes, ...) -- CPU_ReadMem(4 bytes @ 0x0000AA08) - Data: 90 B5 9F B0  returns 0x00 (0001ms, 1988ms total)
T6688 082:727 JLINK_ReadMemHW(0x00000000, 0x021C Bytes, ...) -- CPU_ReadMem(540 bytes @ 0x00000000) - Data: D8 2C 00 20 79 69 00 00 71 6A 00 00 71 6A 00 00 ...  returns 0x00 (0006ms, 1994ms total)
T2EF8 082:747 JLINK_IsHalted()  returns TRUE (0000ms, 1994ms total)
T6688 082:869 JLINK_ReadMemHW(0x0000021C, 0x0036 Bytes, ...) -- CPU_ReadMem(54 bytes @ 0x0000021C) - Data: 52 09 1A 70 0D 4B BB 60 0F 23 FB 18 1B 78 00 2B ...  returns 0x00 (0001ms, 1995ms total)
T2EF8 082:949 JLINK_IsHalted()  returns TRUE (0000ms, 1995ms total)
T6688 082:969 JLINK_ReadMemHW(0x00000000, 0x0252 Bytes, ...) -- CPU_ReadMem(594 bytes @ 0x00000000) - Data: D8 2C 00 20 79 69 00 00 71 6A 00 00 71 6A 00 00 ...  returns 0x00 (0006ms, 2001ms total)
T2EF8 083:151 JLINK_IsHalted()  returns TRUE (0000ms, 2001ms total)
T2EF8 083:351 JLINK_IsHalted()  returns TRUE (0000ms, 2001ms total)
T2EF8 083:553 JLINK_IsHalted()  returns TRUE (0000ms, 2001ms total)
T2EF8 083:755 JLINK_IsHalted()  returns TRUE (0000ms, 2001ms total)
T2EF8 083:956 JLINK_IsHalted()  returns TRUE (0000ms, 2001ms total)
T2EF8 084:158 JLINK_IsHalted()  returns TRUE (0000ms, 2001ms total)
T2EF8 084:360 JLINK_IsHalted()  returns TRUE (0000ms, 2001ms total)
T2EF8 084:563 JLINK_IsHalted()  returns TRUE (0000ms, 2001ms total)
T2EF8 084:766 JLINK_IsHalted()  returns TRUE (0000ms, 2001ms total)
T2EF8 084:967 JLINK_IsHalted()  returns TRUE (0001ms, 2002ms total)
T2EF8 085:169 JLINK_IsHalted()  returns TRUE (0000ms, 2001ms total)
T2EF8 085:369 JLINK_IsHalted()  returns TRUE (0000ms, 2001ms total)
T225C 085:486 JLINK_WriteU32(0xE000EDFC, 0x01000000) -- CPU_WriteMem(4 bytes @ 0xE000EDFC)  returns 0 (0001ms, 2002ms total)
T225C 085:487 JLINK_ReadMem (0xE0001000, 0x0004 Bytes, ...) -- CPU_ReadMem(4 bytes @ 0xE0001000) - Data: 00 00 00 20  returns 0x00 (0001ms, 2003ms total)
T225C 085:488 JLINK_WriteU32(0xE0001000, 0x20000001)  returns 0 (0000ms, 2003ms total)
T225C 085:488 JLINK_WriteU32(0xE0001028, 0x00000100)  returns 0 (0000ms, 2003ms total)
T225C 085:488 JLINK_ReadMem (0xE0001028, 0x0004 Bytes, ...) -- CPU_WriteMem(4 bytes @ 0xE0001028) -- CPU_ReadMem(4 bytes @ 0xE0001028) - Data: 00 00 00 00  returns 0x00 (0001ms, 2004ms total)
T225C 085:489 JLINK_WriteU32(0xE0001024, 0x0000001F)  returns 0 (0000ms, 2004ms total)
T225C 085:489 JLINK_ReadMem (0xE0001024, 0x0004 Bytes, ...) -- CPU_WriteMem(4 bytes @ 0xE0001024) -- CPU_ReadMem(4 bytes @ 0xE0001024) - Data: 1F 00 00 00  returns 0x00 (0001ms, 2005ms total)
T225C 085:492 JLINK_WriteU32(0xE0001038, 0x00000100)  returns 0 (0000ms, 2005ms total)
T225C 085:492 JLINK_ReadMem (0xE0001038, 0x0004 Bytes, ...) -- CPU_WriteMem(4 bytes @ 0xE0001038) -- CPU_ReadMem(4 bytes @ 0xE0001038) - Data: 00 00 00 00  returns 0x00 (0001ms, 2006ms total)
T225C 085:493 JLINK_WriteU32(0xE0001034, 0x0000001F)  returns 0 (0000ms, 2006ms total)
T225C 085:493 JLINK_ReadMem (0xE0001034, 0x0004 Bytes, ...) -- CPU_WriteMem(4 bytes @ 0xE0001034) -- CPU_ReadMem(4 bytes @ 0xE0001034) - Data: 1F 00 00 00  returns 0x00 (0002ms, 2008ms total)
T225C 085:495 JLINK_WriteU32(0xE0001020, 0x00000000)  returns 0 (0000ms, 2008ms total)
T225C 085:495 JLINK_WriteU32(0xE0001024, 0x00000000)  returns 0 (0000ms, 2008ms total)
T225C 085:495 JLINK_WriteU32(0xE0001028, 0x00000000)  returns 0 (0000ms, 2008ms total)
T225C 085:495 JLINK_WriteU32(0xE0001030, 0x00000000)  returns 0 (0000ms, 2008ms total)
T225C 085:495 JLINK_WriteU32(0xE0001034, 0x00000000)  returns 0 (0000ms, 2008ms total)
T225C 085:495 JLINK_WriteU32(0xE0001038, 0x00000000)  returns 0 (0000ms, 2008ms total)
T225C 085:495 JLINK_GetBPInfo(BPHandle = 1)  returns 0x00 (0000ms, 2008ms total)
T225C 085:495 JLINK_ClrBPEx(BPHandle = 0x00000001)  returns 0x00 (0000ms, 2008ms total)
T225C 085:495 JLINK_ReadReg(R15 (PC))  returns 0x0000AA08 (0000ms, 2008ms total)
T225C 085:496 JLINK_Go() -- CPU_WriteMem(4 bytes @ 0xE0001000) -- CPU_ReadMem(4 bytes @ 0xE0001000) -- CPU_WriteMem(4 bytes @ 0xE000ED30) -- CPU_WriteMem(4 bytes @ 0xE0001000) -- CPU_WriteMem(4 bytes @ 0xE0001020) -- CPU_WriteMem(4 bytes @ 0xE0001030) -- CPU_WriteMem(4 bytes @ 0xE0001024) -- CPU_WriteMem(4 bytes @ 0xE0001034) -- CPU_WriteMem(4 bytes @ 0xE0001028) -- CPU_WriteMem(4 bytes @ 0xE0001038) -- CPU_WriteMem(4 bytes @ 0xE0002008) (0004ms, 2013ms total)
T2EF8 085:500 JLINK_IsHalted() -- CPU_ReadMem(4 bytes @ 0x41002100)  returns FALSE (0001ms, 2014ms total)
T2EF8 085:541 JLINK_IsHalted() -- CPU_ReadMem(4 bytes @ 0x41002100)  returns FALSE (0001ms, 2014ms total)
T2EF8 085:703 JLINK_IsHalted() -- CPU_ReadMem(4 bytes @ 0x41002100)  returns FALSE (0000ms, 2013ms total)
T2EF8 085:903 JLINK_IsHalted() -- CPU_ReadMem(4 bytes @ 0x41002100)  returns FALSE (0001ms, 2014ms total)
T2EF8 086:105 JLINK_IsHalted() -- CPU_ReadMem(4 bytes @ 0x41002100)  returns FALSE (0000ms, 2013ms total)
T2EF8 086:308 JLINK_IsHalted() -- CPU_ReadMem(4 bytes @ 0x41002100)  returns FALSE (0000ms, 2013ms total)
T2EF8 086:509 JLINK_IsHalted() -- CPU_ReadMem(4 bytes @ 0x41002100)  returns FALSE (0001ms, 2014ms total)
T2EF8 086:710 JLINK_IsHalted() -- CPU_ReadMem(4 bytes @ 0x41002100)  returns FALSE (0002ms, 2015ms total)
T2EF8 086:912 JLINK_IsHalted() -- CPU_ReadMem(4 bytes @ 0x41002100)  returns FALSE (0001ms, 2014ms total)
T2EF8 087:117 JLINK_IsHalted() -- CPU_ReadMem(4 bytes @ 0x41002100)  returns FALSE (0001ms, 2014ms total)
T2EF8 087:318 JLINK_IsHalted() -- CPU_ReadMem(4 bytes @ 0x41002100)  returns FALSE (0001ms, 2014ms total)
T2EF8 087:523 JLINK_IsHalted() -- CPU_ReadMem(4 bytes @ 0x41002100)  returns FALSE (0001ms, 2014ms total)
T2EF8 087:725 JLINK_IsHalted() -- CPU_ReadMem(4 bytes @ 0x41002100)  returns FALSE (0002ms, 2015ms total)
T2EF8 087:930 JLINK_IsHalted() -- CPU_ReadMem(4 bytes @ 0x41002100)  returns FALSE (0001ms, 2014ms total)
T2EF8 088:131 JLINK_IsHalted() -- CPU_ReadMem(4 bytes @ 0x41002100)  returns FALSE (0001ms, 2014ms total)
T2EF8 088:333 JLINK_IsHalted() -- CPU_ReadMem(4 bytes @ 0x41002100)  returns FALSE (0001ms, 2014ms total)
T2EF8 088:534 JLINK_IsHalted() -- CPU_ReadMem(4 bytes @ 0x41002100)  returns FALSE (0000ms, 2013ms total)
T2EF8 088:735 JLINK_IsHalted() -- CPU_ReadMem(4 bytes @ 0x41002100)  returns FALSE (0001ms, 2014ms total)
T2EF8 088:937 JLINK_IsHalted() -- CPU_ReadMem(4 bytes @ 0x41002100)  returns FALSE (0000ms, 2013ms total)
T2EF8 089:141 JLINK_IsHalted() -- CPU_ReadMem(4 bytes @ 0x41002100)  returns FALSE (0000ms, 2013ms total)
T2EF8 089:344 JLINK_IsHalted() -- CPU_ReadMem(4 bytes @ 0x41002100)  returns FALSE (0000ms, 2013ms total)
T2EF8 089:546 JLINK_IsHalted() -- CPU_ReadMem(4 bytes @ 0x41002100)  returns FALSE (0002ms, 2015ms total)
T2EF8 089:748 JLINK_IsHalted() -- CPU_ReadMem(4 bytes @ 0x41002100)  returns FALSE (0002ms, 2015ms total)
T2EF8 089:953 JLINK_IsHalted() -- CPU_ReadMem(4 bytes @ 0x41002100)  returns FALSE (0000ms, 2013ms total)
T2EF8 090:153 JLINK_IsHalted() -- CPU_ReadMem(4 bytes @ 0x41002100)  returns FALSE (0000ms, 2013ms total)
T2EF8 090:353 JLINK_IsHalted() -- CPU_ReadMem(4 bytes @ 0x41002100)  returns FALSE (0002ms, 2015ms total)
T2EF8 090:560 JLINK_IsHalted() -- CPU_ReadMem(4 bytes @ 0x41002100)  returns FALSE (0001ms, 2014ms total)
T2EF8 090:765 JLINK_IsHalted() -- CPU_ReadMem(4 bytes @ 0x41002100)  returns FALSE (0001ms, 2014ms total)
T2EF8 090:968 JLINK_IsHalted() -- CPU_ReadMem(4 bytes @ 0x41002100)  returns FALSE (0001ms, 2014ms total)
T2EF8 091:169 JLINK_IsHalted() -- CPU_ReadMem(4 bytes @ 0x41002100)  returns FALSE (0002ms, 2015ms total)
T2EF8 091:378 JLINK_IsHalted() -- CPU_ReadMem(4 bytes @ 0x41002100)  returns FALSE (0001ms, 2014ms total)
T2EF8 091:583 JLINK_IsHalted() -- CPU_ReadMem(4 bytes @ 0x41002100)  returns FALSE (0001ms, 2014ms total)
T2EF8 091:787 JLINK_IsHalted() -- CPU_ReadMem(4 bytes @ 0x41002100)  returns FALSE (0002ms, 2015ms total)
T2EF8 091:989 JLINK_IsHalted() -- CPU_ReadMem(4 bytes @ 0x41002100)  returns FALSE (0002ms, 2015ms total)
T2EF8 092:192 JLINK_IsHalted() -- CPU_ReadMem(4 bytes @ 0x41002100)  returns FALSE (0002ms, 2015ms total)
T2EF8 092:398 JLINK_IsHalted() -- CPU_ReadMem(4 bytes @ 0x41002100)  returns FALSE (0001ms, 2014ms total)
T2EF8 092:599 JLINK_IsHalted() -- CPU_ReadMem(4 bytes @ 0x41002100)  returns FALSE (0001ms, 2014ms total)
T2EF8 092:802 JLINK_IsHalted() -- CPU_ReadMem(4 bytes @ 0x41002100)  returns FALSE (0001ms, 2014ms total)
T2EF8 093:003 JLINK_IsHalted() -- CPU_ReadMem(4 bytes @ 0x41002100)  returns FALSE (0002ms, 2015ms total)
T2EF8 093:205 JLINK_IsHalted() -- CPU_ReadMem(4 bytes @ 0x41002100)  returns FALSE (0001ms, 2014ms total)
T2EF8 093:406 JLINK_IsHalted() -- CPU_ReadMem(4 bytes @ 0x41002100)  returns FALSE (0002ms, 2015ms total)
T2EF8 093:611 JLINK_IsHalted() -- CPU_ReadMem(4 bytes @ 0x41002100)  returns FALSE (0001ms, 2014ms total)
T2EF8 093:814 JLINK_IsHalted() -- CPU_ReadMem(4 bytes @ 0x41002100)  returns FALSE (0001ms, 2014ms total)
T2EF8 094:017 JLINK_IsHalted() -- CPU_ReadMem(4 bytes @ 0x41002100)  returns FALSE (0001ms, 2014ms total)
T2EF8 094:223 JLINK_IsHalted() -- CPU_ReadMem(4 bytes @ 0x41002100)  returns FALSE (0001ms, 2014ms total)
T2EF8 094:425 JLINK_IsHalted() -- CPU_ReadMem(4 bytes @ 0x41002100)  returns FALSE (0002ms, 2015ms total)
T2EF8 094:628 JLINK_IsHalted() -- CPU_ReadMem(4 bytes @ 0x41002100)  returns FALSE (0000ms, 2013ms total)
T2EF8 094:838 JLINK_IsHalted() -- CPU_ReadMem(4 bytes @ 0x41002100)  returns FALSE (0001ms, 2014ms total)
T2EF8 095:040 JLINK_IsHalted() -- CPU_ReadMem(4 bytes @ 0x41002100)  returns FALSE (0001ms, 2014ms total)
T3124 095:201 JLINK_EMU_GetList(InterfaceMask = 0x00000001, MaxInfos = 0x00000032) [0]: USB, S/N: 801027238  returns 0x01 (0001ms, 2014ms total)
T3124 095:202 JLINK_EMU_GetList(InterfaceMask = 0x00000002, MaxInfos = 0x00000032)   returns 0x00 (0071ms, 2085ms total)
T2EF8 095:273 JLINK_IsHalted() -- CPU_ReadMem(4 bytes @ 0x41002100)  returns FALSE (0001ms, 2086ms total)
T2EF8 095:475 JLINK_IsHalted() -- CPU_ReadMem(4 bytes @ 0x41002100)  returns FALSE (0000ms, 2086ms total)
T2EF8 095:682 JLINK_IsHalted() -- CPU_ReadMem(4 bytes @ 0x41002100)  returns FALSE (0001ms, 2087ms total)
T2EF8 095:885 JLINK_IsHalted() -- CPU_ReadMem(4 bytes @ 0x41002100)  returns FALSE (0001ms, 2087ms total)
T2EF8 096:090 JLINK_IsHalted() -- CPU_ReadMem(4 bytes @ 0x41002100)  returns FALSE (0001ms, 2087ms total)
T2EF8 096:294 JLINK_IsHalted() -- CPU_ReadMem(4 bytes @ 0x41002100)  returns FALSE (0001ms, 2087ms total)
T3124 096:381 JLINK_EMU_GetList(InterfaceMask = 0x00000001, MaxInfos = 0x00000032) [0]: USB, S/N: 801027238  returns 0x01 (0002ms, 2088ms total)
T3124 096:383 JLINK_EMU_GetList(InterfaceMask = 0x00000002, MaxInfos = 0x00000032)   returns 0x00 (0071ms, 2159ms total)
T2EF8 096:496 JLINK_IsHalted() -- CPU_ReadMem(4 bytes @ 0x41002100)  returns FALSE (0001ms, 2160ms total)
T2EF8 096:699 JLINK_IsHalted() -- CPU_ReadMem(4 bytes @ 0x41002100)  returns FALSE (0000ms, 2159ms total)
T2EF8 096:901 JLINK_IsHalted() -- CPU_ReadMem(4 bytes @ 0x41002100)  returns FALSE (0001ms, 2160ms total)
T2EF8 097:104 JLINK_IsHalted() -- CPU_ReadMem(4 bytes @ 0x41002100)  returns FALSE (0001ms, 2160ms total)
T2EF8 097:307 JLINK_IsHalted() -- CPU_ReadMem(4 bytes @ 0x41002100)  returns FALSE (0001ms, 2160ms total)
T2EF8 097:509 JLINK_IsHalted() -- CPU_ReadMem(4 bytes @ 0x41002100)  returns FALSE (0002ms, 2161ms total)
T3124 097:568 JLINK_EMU_GetList(InterfaceMask = 0x00000001, MaxInfos = 0x00000032) [0]: USB, S/N: 801027238  returns 0x01 (0001ms, 2160ms total)
T3124 097:569 JLINK_EMU_GetList(InterfaceMask = 0x00000002, MaxInfos = 0x00000032)   returns 0x00 (0071ms, 2231ms total)
T2EF8 097:711 JLINK_IsHalted() -- CPU_ReadMem(4 bytes @ 0x41002100)  returns FALSE (0001ms, 2232ms total)
T2EF8 097:912 JLINK_IsHalted() -- CPU_ReadMem(4 bytes @ 0x41002100)  returns FALSE (0001ms, 2232ms total)
T2EF8 098:117 JLINK_IsHalted() -- CPU_ReadMem(4 bytes @ 0x41002100)  returns FALSE (0001ms, 2232ms total)
T2EF8 098:319 JLINK_IsHalted() -- CPU_ReadMem(4 bytes @ 0x41002100)  returns FALSE (0001ms, 2232ms total)
T2EF8 098:520 JLINK_IsHalted() -- CPU_ReadMem(4 bytes @ 0x41002100)  returns FALSE (0001ms, 2232ms total)
T2EF8 098:722 JLINK_IsHalted() -- CPU_ReadMem(4 bytes @ 0x41002100)  returns FALSE (0000ms, 2231ms total)
T3124 098:753 JLINK_EMU_GetList(InterfaceMask = 0x00000001, MaxInfos = 0x00000032) [0]: USB, S/N: 801027238  returns 0x01 (0001ms, 2232ms total)
T3124 098:754 JLINK_EMU_GetList(InterfaceMask = 0x00000002, MaxInfos = 0x00000032)   returns 0x00 (0071ms, 2303ms total)
T2EF8 098:923 JLINK_IsHalted() -- CPU_ReadMem(4 bytes @ 0x41002100)  returns FALSE (0001ms, 2304ms total)
T2EF8 099:127 JLINK_IsHalted() -- CPU_ReadMem(4 bytes @ 0x41002100)  returns FALSE (0002ms, 2305ms total)
T2EF8 099:332 JLINK_IsHalted() -- CPU_ReadMem(4 bytes @ 0x41002100)  returns FALSE (0002ms, 2305ms total)
T2EF8 099:535 JLINK_IsHalted() -- CPU_ReadMem(4 bytes @ 0x41002100)  returns FALSE (0001ms, 2304ms total)
T2EF8 099:738 JLINK_IsHalted() -- CPU_ReadMem(4 bytes @ 0x41002100)  returns FALSE (0000ms, 2303ms total)
T3124 099:937 JLINK_EMU_GetList(InterfaceMask = 0x00000001, MaxInfos = 0x00000032) [0]: USB, S/N: 801027238  returns 0x01 (0002ms, 2305ms total)
T3124 099:939 JLINK_EMU_GetList(InterfaceMask = 0x00000002, MaxInfos = 0x00000032)   returns 0x00 (0071ms, 2376ms total)
T2EF8 100:010 JLINK_IsHalted() -- CPU_ReadMem(4 bytes @ 0x41002100)  returns FALSE (0001ms, 2377ms total)
T2EF8 100:212 JLINK_IsHalted() -- CPU_ReadMem(4 bytes @ 0x41002100)  returns FALSE (0002ms, 2379ms total)
T2EF8 100:418 JLINK_IsHalted() -- CPU_ReadMem(4 bytes @ 0x41002100)  returns FALSE (0000ms, 2377ms total)
T2EF8 100:623 JLINK_IsHalted() -- CPU_ReadMem(4 bytes @ 0x41002100)  returns FALSE (0001ms, 2378ms total)
T2EF8 100:825 JLINK_IsHalted() -- CPU_ReadMem(4 bytes @ 0x41002100)  returns FALSE (0000ms, 2377ms total)
T2EF8 101:025 JLINK_IsHalted() -- CPU_ReadMem(4 bytes @ 0x41002100)  returns FALSE (0001ms, 2378ms total)
T3124 101:122 JLINK_EMU_GetList(InterfaceMask = 0x00000001, MaxInfos = 0x00000032) [0]: USB, S/N: 801027238  returns 0x01 (0002ms, 2379ms total)
T3124 101:124 JLINK_EMU_GetList(InterfaceMask = 0x00000002, MaxInfos = 0x00000032)   returns 0x00 (0070ms, 2449ms total)
T2EF8 101:228 JLINK_IsHalted() -- CPU_ReadMem(4 bytes @ 0x41002100)  returns FALSE (0001ms, 2450ms total)
T2EF8 101:429 JLINK_IsHalted() -- CPU_ReadMem(4 bytes @ 0x41002100)  returns FALSE (0000ms, 2449ms total)
T2EF8 101:630 JLINK_IsHalted() -- CPU_ReadMem(4 bytes @ 0x41002100)  returns FALSE (0001ms, 2450ms total)
T2EF8 101:832 JLINK_IsHalted() -- CPU_ReadMem(4 bytes @ 0x41002100)  returns FALSE (0000ms, 2449ms total)
T2EF8 102:036 JLINK_IsHalted() -- CPU_ReadMem(4 bytes @ 0x41002100)  returns FALSE (0001ms, 2450ms total)
T2EF8 102:241 JLINK_IsHalted() -- CPU_ReadMem(4 bytes @ 0x41002100)  returns FALSE (0001ms, 2450ms total)
T3124 102:322 JLINK_EMU_GetList(InterfaceMask = 0x00000001, MaxInfos = 0x00000032) [0]: USB, S/N: 801027238  returns 0x01 (0002ms, 2451ms total)
T3124 102:324 JLINK_EMU_GetList(InterfaceMask = 0x00000002, MaxInfos = 0x00000032)   returns 0x00 (0071ms, 2522ms total)
T2EF8 102:444 JLINK_IsHalted() -- CPU_ReadMem(4 bytes @ 0x41002100)  returns FALSE (0001ms, 2523ms total)
T2EF8 102:647 JLINK_IsHalted() -- CPU_ReadMem(4 bytes @ 0x41002100)  returns FALSE (0001ms, 2523ms total)
T225C 102:790 JLINK_Halt()  returns 0x00 (0003ms, 2525ms total)
T2EF8 102:849 JLINK_IsHalted()  returns TRUE (0000ms, 2525ms total)
T2EF8 102:849 JLINK_GetMOEs(...) -- CPU_ReadMem(4 bytes @ 0xE000ED30)  returns 0x01 (0001ms, 2526ms total)
T2EF8 102:850 JLINK_ReadReg(R15 (PC))  returns 0x00000134 (0000ms, 2526ms total)
T225C 102:857 JLINK_ReadReg(R15 (PC))  returns 0x00000134 (0000ms, 2526ms total)
T225C 102:857 JLINK_ReadReg(R13 (SP))  returns 0x20002C20 (0000ms, 2526ms total)
T225C 102:868 JLINK_ReadMemHW(0x00000134, 0x0004 Bytes, ...) -- CPU_ReadMem(4 bytes @ 0x00000134) - Data: 80 23 5B 02  returns 0x00 (0001ms, 2527ms total)
T225C 102:869 JLINK_ReadReg(R0)  returns 0x0000BB64 (0000ms, 2527ms total)
T225C 102:869 JLINK_ReadReg(R1)  returns 0x00000033 (0000ms, 2527ms total)
T225C 102:869 JLINK_ReadReg(R2)  returns 0x00000005 (0000ms, 2527ms total)
T225C 102:869 JLINK_ReadReg(R3)  returns 0xE000E010 (0000ms, 2527ms total)
T225C 102:869 JLINK_ReadReg(R4)  returns 0x20000664 (0000ms, 2527ms total)
T225C 102:870 JLINK_ReadReg(R5)  returns 0x200006BC (0000ms, 2527ms total)
T225C 102:870 JLINK_ReadReg(R6)  returns 0x200006BC (0000ms, 2527ms total)
T225C 102:870 JLINK_ReadReg(R7)  returns 0x20002C20 (0000ms, 2527ms total)
T225C 102:870 JLINK_ReadReg(R8)  returns 0xA5A5A5A5 (0000ms, 2527ms total)
T225C 102:870 JLINK_ReadReg(R9)  returns 0xA5A5A5A5 (0000ms, 2527ms total)
T225C 102:870 JLINK_ReadReg(R10)  returns 0xA5A5A5A5 (0000ms, 2527ms total)
T225C 102:870 JLINK_ReadReg(R11)  returns 0xA5A5A5A5 (0000ms, 2527ms total)
T225C 102:870 JLINK_ReadReg(R12)  returns 0x20002B10 (0000ms, 2527ms total)
T225C 102:870 JLINK_ReadReg(R13 (SP))  returns 0x20002C20 (0000ms, 2527ms total)
T225C 102:870 JLINK_ReadReg(R14)  returns 0x000001B5 (0000ms, 2527ms total)
T225C 102:870 JLINK_ReadReg(R15 (PC))  returns 0x00000134 (0000ms, 2527ms total)
T225C 102:870 JLINK_ReadReg(XPSR)  returns 0x41000000 (0000ms, 2527ms total)
T225C 102:870 JLINK_ReadReg(MSP)  returns 0x20002C20 (0000ms, 2527ms total)
T225C 102:870 JLINK_ReadReg(PSP)  returns 0x200028C0 (0000ms, 2527ms total)
T225C 102:870 JLINK_ReadReg(PRIMASK)  returns 0x00000000 (0000ms, 2527ms total)
T225C 102:870 JLINK_ReadReg(BASEPRI)  returns 0x00000000 (0000ms, 2527ms total)
T225C 102:870 JLINK_ReadReg(FAULTMASK)  returns 0x00000000 (0000ms, 2527ms total)
T225C 102:870 JLINK_ReadReg(CONTROL)  returns 0x00000000 (0000ms, 2527ms total)
T225C 102:873 JLINK_ReadMem (0x20002C00, 0x0040 Bytes, ...) -- CPU_ReadMem(64 bytes @ 0x20002C00) -- Updating C cache (64 bytes @ 0x20002C00) -- Read from C cache (64 bytes @ 0x20002C00) - Data: 64 BB 00 00 33 00 00 00 05 00 00 00 00 00 00 00 ...  returns 0x00 (0001ms, 2528ms total)
T225C 102:900 JLINK_ReadMemHW(0x000001B4, 0x0004 Bytes, ...) -- CPU_ReadMem(4 bytes @ 0x000001B4) - Data: 7B 68 5A 1E  returns 0x00 (0000ms, 2528ms total)
T225C 102:902 JLINK_ReadMemHW(0x0000AA68, 0x0004 Bytes, ...) -- CPU_ReadMem(4 bytes @ 0x0000AA68) - Data: 2B 4B 98 47  returns 0x00 (0001ms, 2529ms total)
T2EF8 103:059 JLINK_IsHalted()  returns TRUE (0000ms, 2529ms total)
T6688 103:208 JLINK_ReadMemHW(0x00000000, 0x0252 Bytes, ...) -- CPU_ReadMem(594 bytes @ 0x00000000) - Data: D8 2C 00 20 79 69 00 00 71 6A 00 00 71 6A 00 00 ...  returns 0x00 (0005ms, 2534ms total)
T2EF8 103:259 JLINK_IsHalted()  returns TRUE (0001ms, 2535ms total)
T2EF8 103:462 JLINK_IsHalted()  returns TRUE (0000ms, 2534ms total)
T3124 103:506 JLINK_EMU_GetList(InterfaceMask = 0x00000001, MaxInfos = 0x00000032) [0]: USB, S/N: 801027238  returns 0x01 (0001ms, 2535ms total)
T3124 103:507 JLINK_EMU_GetList(InterfaceMask = 0x00000002, MaxInfos = 0x00000032)   returns 0x00 (0071ms, 2606ms total)
T2EF8 103:663 JLINK_IsHalted()  returns TRUE (0000ms, 2606ms total)
T2EF8 103:864 JLINK_IsHalted()  returns TRUE (0000ms, 2606ms total)
T2EF8 104:064 JLINK_IsHalted()  returns TRUE (0000ms, 2606ms total)
T2EF8 104:264 JLINK_IsHalted()  returns TRUE (0000ms, 2606ms total)
T2EF8 104:465 JLINK_IsHalted()  returns TRUE (0001ms, 2607ms total)
T2EF8 104:667 JLINK_IsHalted()  returns TRUE (0000ms, 2606ms total)
T3124 104:688 JLINK_EMU_GetList(InterfaceMask = 0x00000001, MaxInfos = 0x00000032) [0]: USB, S/N: 801027238  returns 0x01 (0001ms, 2607ms total)
T3124 104:689 JLINK_EMU_GetList(InterfaceMask = 0x00000002, MaxInfos = 0x00000032)   returns 0x00 (0071ms, 2678ms total)
T2EF8 104:868 JLINK_IsHalted()  returns TRUE (0000ms, 2678ms total)
T2EF8 105:068 JLINK_IsHalted()  returns TRUE (0000ms, 2678ms total)
T2EF8 105:268 JLINK_IsHalted()  returns TRUE (0000ms, 2678ms total)
T2EF8 105:476 JLINK_IsHalted()  returns TRUE (0000ms, 2678ms total)
T2EF8 105:676 JLINK_IsHalted()  returns TRUE (0001ms, 2679ms total)
T3124 105:867 JLINK_EMU_GetList(InterfaceMask = 0x00000001, MaxInfos = 0x00000032) [0]: USB, S/N: 801027238  returns 0x01 (0001ms, 2679ms total)
T3124 105:869 JLINK_EMU_GetList(InterfaceMask = 0x00000002, MaxInfos = 0x00000032)   returns 0x00 (0070ms, 2749ms total)
T2EF8 105:939 JLINK_IsHalted()  returns TRUE (0000ms, 2749ms total)
T2EF8 106:141 JLINK_IsHalted()  returns TRUE (0000ms, 2749ms total)
T2EF8 106:342 JLINK_IsHalted()  returns TRUE (0001ms, 2750ms total)
T2EF8 106:544 JLINK_IsHalted()  returns TRUE (0000ms, 2749ms total)
T2EF8 106:745 JLINK_IsHalted()  returns TRUE (0000ms, 2749ms total)
T2EF8 106:946 JLINK_IsHalted()  returns TRUE (0000ms, 2749ms total)
T3124 107:058 JLINK_EMU_GetList(InterfaceMask = 0x00000001, MaxInfos = 0x00000032) [0]: USB, S/N: 801027238  returns 0x01 (0001ms, 2750ms total)
T3124 107:059 JLINK_EMU_GetList(InterfaceMask = 0x00000002, MaxInfos = 0x00000032)   returns 0x00 (0071ms, 2821ms total)
T2EF8 107:148 JLINK_IsHalted()  returns TRUE (0000ms, 2821ms total)
T2EF8 107:349 JLINK_IsHalted()  returns TRUE (0000ms, 2821ms total)
T2EF8 107:549 JLINK_IsHalted()  returns TRUE (0000ms, 2821ms total)
T2EF8 107:750 JLINK_IsHalted()  returns TRUE (0000ms, 2821ms total)
T2EF8 107:951 JLINK_IsHalted()  returns TRUE (0000ms, 2821ms total)
T2EF8 108:151 JLINK_IsHalted()  returns TRUE (0000ms, 2821ms total)
T3124 108:237 JLINK_EMU_GetList(InterfaceMask = 0x00000001, MaxInfos = 0x00000032) [0]: USB, S/N: 801027238  returns 0x01 (0002ms, 2823ms total)
T3124 108:239 JLINK_EMU_GetList(InterfaceMask = 0x00000002, MaxInfos = 0x00000032)   returns 0x00 (0071ms, 2894ms total)
T2EF8 108:351 JLINK_IsHalted()  returns TRUE (0000ms, 2894ms total)
T2EF8 108:552 JLINK_IsHalted()  returns TRUE (0000ms, 2894ms total)
T2EF8 108:752 JLINK_IsHalted()  returns TRUE (0000ms, 2894ms total)
T2EF8 108:956 JLINK_IsHalted()  returns TRUE (0000ms, 2894ms total)
T2EF8 109:156 JLINK_IsHalted()  returns TRUE (0000ms, 2894ms total)
T2EF8 109:357 JLINK_IsHalted()  returns TRUE (0001ms, 2895ms total)
T3124 109:424 JLINK_EMU_GetList(InterfaceMask = 0x00000001, MaxInfos = 0x00000032) [0]: USB, S/N: 801027238  returns 0x01 (0001ms, 2895ms total)
T3124 109:425 JLINK_EMU_GetList(InterfaceMask = 0x00000002, MaxInfos = 0x00000032)   returns 0x00 (0070ms, 2965ms total)
T2EF8 109:558 JLINK_IsHalted()  returns TRUE (0000ms, 2965ms total)
T2EF8 109:759 JLINK_IsHalted()  returns TRUE (0000ms, 2965ms total)
T2EF8 109:959 JLINK_IsHalted()  returns TRUE (0000ms, 2965ms total)
T2EF8 110:160 JLINK_IsHalted()  returns TRUE (0000ms, 2965ms total)
T2EF8 110:360 JLINK_IsHalted()  returns TRUE (0000ms, 2965ms total)
T2EF8 110:562 JLINK_IsHalted()  returns TRUE (0000ms, 2965ms total)
T3124 110:610 JLINK_EMU_GetList(InterfaceMask = 0x00000001, MaxInfos = 0x00000032) [0]: USB, S/N: 801027238  returns 0x01 (0001ms, 2966ms total)
T3124 110:611 JLINK_EMU_GetList(InterfaceMask = 0x00000002, MaxInfos = 0x00000032)   returns 0x00 (0071ms, 3037ms total)
T2EF8 110:767 JLINK_IsHalted()  returns TRUE (0000ms, 3037ms total)
T2EF8 110:969 JLINK_IsHalted()  returns TRUE (0000ms, 3037ms total)
T2EF8 111:170 JLINK_IsHalted()  returns TRUE (0000ms, 3037ms total)
T2EF8 111:372 JLINK_IsHalted()  returns TRUE (0000ms, 3037ms total)
T2EF8 111:575 JLINK_IsHalted()  returns TRUE (0000ms, 3037ms total)
T2EF8 111:777 JLINK_IsHalted()  returns TRUE (0000ms, 3037ms total)
T3124 111:796 JLINK_EMU_GetList(InterfaceMask = 0x00000001, MaxInfos = 0x00000032) [0]: USB, S/N: 801027238  returns 0x01 (0002ms, 3039ms total)
T3124 111:798 JLINK_EMU_GetList(InterfaceMask = 0x00000002, MaxInfos = 0x00000032)   returns 0x00 (0070ms, 3109ms total)
T2EF8 111:982 JLINK_IsHalted()  returns TRUE (0000ms, 3109ms total)
T2EF8 112:188 JLINK_IsHalted()  returns TRUE (0000ms, 3109ms total)
T2EF8 112:388 JLINK_IsHalted()  returns TRUE (0000ms, 3109ms total)
T2EF8 112:588 JLINK_IsHalted()  returns TRUE (0000ms, 3109ms total)
T2EF8 112:788 JLINK_IsHalted()  returns TRUE (0000ms, 3109ms total)
T3124 112:978 JLINK_EMU_GetList(InterfaceMask = 0x00000001, MaxInfos = 0x00000032) [0]: USB, S/N: 801027238  returns 0x01 (0001ms, 3110ms total)
T3124 112:979 JLINK_EMU_GetList(InterfaceMask = 0x00000002, MaxInfos = 0x00000032)   returns 0x00 (0071ms, 3181ms total)
T2EF8 113:050 JLINK_IsHalted()  returns TRUE (0000ms, 3181ms total)
T2EF8 113:254 JLINK_IsHalted()  returns TRUE (0000ms, 3181ms total)
T2EF8 113:455 JLINK_IsHalted()  returns TRUE (0000ms, 3181ms total)
T2EF8 113:655 JLINK_IsHalted()  returns TRUE (0001ms, 3182ms total)
T2EF8 113:856 JLINK_IsHalted()  returns TRUE (0000ms, 3181ms total)
T2EF8 114:058 JLINK_IsHalted()  returns TRUE (0000ms, 3181ms total)
T3124 114:165 JLINK_EMU_GetList(InterfaceMask = 0x00000001, MaxInfos = 0x00000032) [0]: USB, S/N: 801027238  returns 0x01 (0001ms, 3182ms total)
T3124 114:166 JLINK_EMU_GetList(InterfaceMask = 0x00000002, MaxInfos = 0x00000032)   returns 0x00 (0074ms, 3256ms total)
T2EF8 114:261 JLINK_IsHalted()  returns TRUE (0001ms, 3257ms total)
T2EF8 114:463 JLINK_IsHalted()  returns TRUE (0000ms, 3256ms total)
T2EF8 114:667 JLINK_IsHalted()  returns TRUE (0000ms, 3256ms total)
T2EF8 114:870 JLINK_IsHalted()  returns TRUE (0000ms, 3256ms total)
T2EF8 115:072 JLINK_IsHalted()  returns TRUE (0000ms, 3256ms total)
T2EF8 115:273 JLINK_IsHalted()  returns TRUE (0000ms, 3256ms total)
T3124 115:354 JLINK_EMU_GetList(InterfaceMask = 0x00000001, MaxInfos = 0x00000032) [0]: USB, S/N: 801027238  returns 0x01 (0001ms, 3257ms total)
T3124 115:355 JLINK_EMU_GetList(InterfaceMask = 0x00000002, MaxInfos = 0x00000032)   returns 0x00 (0072ms, 3329ms total)
T2EF8 115:473 JLINK_IsHalted()  returns TRUE (0000ms, 3329ms total)
T2EF8 115:674 JLINK_IsHalted()  returns TRUE (0000ms, 3329ms total)
T2EF8 115:874 JLINK_IsHalted()  returns TRUE (0000ms, 3329ms total)
T2EF8 116:074 JLINK_IsHalted()  returns TRUE (0000ms, 3329ms total)
T2EF8 116:275 JLINK_IsHalted()  returns TRUE (0000ms, 3329ms total)
T2EF8 116:475 JLINK_IsHalted()  returns TRUE (0000ms, 3329ms total)
T3124 116:556 JLINK_EMU_GetList(InterfaceMask = 0x00000001, MaxInfos = 0x00000032) [0]: USB, S/N: 801027238  returns 0x01 (0002ms, 3331ms total)
T3124 116:558 JLINK_EMU_GetList(InterfaceMask = 0x00000002, MaxInfos = 0x00000032)   returns 0x00 (0073ms, 3404ms total)
T2EF8 116:676 JLINK_IsHalted()  returns TRUE (0000ms, 3404ms total)
T2EF8 116:879 JLINK_IsHalted()  returns TRUE (0000ms, 3404ms total)
T2EF8 117:083 JLINK_IsHalted()  returns TRUE (0000ms, 3404ms total)
T2EF8 117:287 JLINK_IsHalted()  returns TRUE (0000ms, 3404ms total)
T2EF8 117:491 JLINK_IsHalted()  returns TRUE (0000ms, 3404ms total)
T2EF8 117:691 JLINK_IsHalted()  returns TRUE (0000ms, 3404ms total)
T3124 117:735 JLINK_EMU_GetList(InterfaceMask = 0x00000001, MaxInfos = 0x00000032) [0]: USB, S/N: 801027238  returns 0x01 (0001ms, 3405ms total)
T3124 117:736 JLINK_EMU_GetList(InterfaceMask = 0x00000002, MaxInfos = 0x00000032)   returns 0x00 (0071ms, 3476ms total)
T2EF8 117:892 JLINK_IsHalted()  returns TRUE (0000ms, 3476ms total)
T2EF8 118:092 JLINK_IsHalted()  returns TRUE (0000ms, 3476ms total)
T2EF8 118:293 JLINK_IsHalted()  returns TRUE (0000ms, 3476ms total)
T2EF8 118:496 JLINK_IsHalted()  returns TRUE (0000ms, 3476ms total)
T2EF8 118:696 JLINK_IsHalted()  returns TRUE (0000ms, 3476ms total)
T2EF8 118:897 JLINK_IsHalted()  returns TRUE (0000ms, 3476ms total)
T3124 118:919 JLINK_EMU_GetList(InterfaceMask = 0x00000001, MaxInfos = 0x00000032) [0]: USB, S/N: 801027238  returns 0x01 (0001ms, 3477ms total)
T3124 118:920 JLINK_EMU_GetList(InterfaceMask = 0x00000002, MaxInfos = 0x00000032)   returns 0x00 (0070ms, 3547ms total)
T2EF8 119:097 JLINK_IsHalted()  returns TRUE (0000ms, 3547ms total)
T2EF8 119:298 JLINK_IsHalted()  returns TRUE (0000ms, 3547ms total)
T2EF8 119:500 JLINK_IsHalted()  returns TRUE (0000ms, 3547ms total)
T2EF8 119:701 JLINK_IsHalted()  returns TRUE (0000ms, 3547ms total)
T2EF8 119:904 JLINK_IsHalted()  returns TRUE (0000ms, 3547ms total)
T3124 120:099 JLINK_EMU_GetList(InterfaceMask = 0x00000001, MaxInfos = 0x00000032) [0]: USB, S/N: 801027238  returns 0x01 (0002ms, 3549ms total)
T3124 120:101 JLINK_EMU_GetList(InterfaceMask = 0x00000002, MaxInfos = 0x00000032)   returns 0x00 (0071ms, 3620ms total)
T2EF8 120:172 JLINK_IsHalted()  returns TRUE (0000ms, 3620ms total)
T2EF8 120:374 JLINK_IsHalted()  returns TRUE (0000ms, 3620ms total)
T2EF8 120:576 JLINK_IsHalted()  returns TRUE (0000ms, 3620ms total)
T2EF8 120:778 JLINK_IsHalted()  returns TRUE (0000ms, 3620ms total)
T2EF8 120:978 JLINK_IsHalted()  returns TRUE (0001ms, 3621ms total)
T2EF8 121:179 JLINK_IsHalted()  returns TRUE (0000ms, 3620ms total)
T3124 121:277 JLINK_EMU_GetList(InterfaceMask = 0x00000001, MaxInfos = 0x00000032) [0]: USB, S/N: 801027238  returns 0x01 (0002ms, 3622ms total)
T3124 121:279 JLINK_EMU_GetList(InterfaceMask = 0x00000002, MaxInfos = 0x00000032)   returns 0x00 (0071ms, 3693ms total)
T2EF8 121:383 JLINK_IsHalted()  returns TRUE (0000ms, 3693ms total)
T2EF8 121:589 JLINK_IsHalted()  returns TRUE (0001ms, 3694ms total)
T2EF8 121:791 JLINK_IsHalted()  returns TRUE (0000ms, 3693ms total)
T2EF8 121:995 JLINK_IsHalted()  returns TRUE (0000ms, 3693ms total)
T2EF8 122:196 JLINK_IsHalted()  returns TRUE (0000ms, 3693ms total)
T2EF8 122:396 JLINK_IsHalted()  returns TRUE (0000ms, 3693ms total)
T3124 122:465 JLINK_EMU_GetList(InterfaceMask = 0x00000001, MaxInfos = 0x00000032) [0]: USB, S/N: 801027238  returns 0x01 (0002ms, 3695ms total)
T3124 122:467 JLINK_EMU_GetList(InterfaceMask = 0x00000002, MaxInfos = 0x00000032)   returns 0x00 (0071ms, 3766ms total)
T2EF8 122:596 JLINK_IsHalted()  returns TRUE (0000ms, 3766ms total)
T2EF8 122:802 JLINK_IsHalted()  returns TRUE (0000ms, 3766ms total)
T2EF8 123:005 JLINK_IsHalted()  returns TRUE (0000ms, 3766ms total)
T2EF8 123:207 JLINK_IsHalted()  returns TRUE (0000ms, 3766ms total)
T2EF8 123:411 JLINK_IsHalted()  returns TRUE (0000ms, 3766ms total)
T2EF8 123:613 JLINK_IsHalted()  returns TRUE (0000ms, 3766ms total)
T3124 123:646 JLINK_EMU_GetList(InterfaceMask = 0x00000001, MaxInfos = 0x00000032) [0]: USB, S/N: 801027238  returns 0x01 (0002ms, 3768ms total)
T3124 123:648 JLINK_EMU_GetList(InterfaceMask = 0x00000002, MaxInfos = 0x00000032)   returns 0x00 (0071ms, 3839ms total)
T2EF8 123:814 JLINK_IsHalted()  returns TRUE (0000ms, 3839ms total)
T2EF8 124:015 JLINK_IsHalted()  returns TRUE (0000ms, 3839ms total)
T2EF8 124:216 JLINK_IsHalted()  returns TRUE (0000ms, 3839ms total)
T2EF8 124:417 JLINK_IsHalted()  returns TRUE (0000ms, 3839ms total)
T2EF8 124:618 JLINK_IsHalted()  returns TRUE (0000ms, 3839ms total)
T2EF8 124:820 JLINK_IsHalted()  returns TRUE (0000ms, 3839ms total)
T3124 124:831 JLINK_EMU_GetList(InterfaceMask = 0x00000001, MaxInfos = 0x00000032) [0]: USB, S/N: 801027238  returns 0x01 (0002ms, 3841ms total)
T3124 124:833 JLINK_EMU_GetList(InterfaceMask = 0x00000002, MaxInfos = 0x00000032)   returns 0x00 (0071ms, 3912ms total)
T2EF8 125:021 JLINK_IsHalted()  returns TRUE (0000ms, 3912ms total)
T2EF8 125:223 JLINK_IsHalted()Connection to device lost. Trying to reconnect to target. >0x10B TIF>Found SW-DP with ID 0x0BC11477 >0x0D TIF> >0x28 TIF> >0x0D TIF> >0x28 TIF> -- CPU_ReadMem(4 bytes @ 0x41002100)  returns FALSE (0004ms, 3916ms total)
T2EF8 125:431 JLINK_IsHalted()Connection to device lost. Trying to reconnect to target.
  ***** Error: Supply voltage too low (1 Volt is required, Measured: 0.0 Volt).
Please check target power.  returns ERROR (0007ms, 3919ms total)
T2EF8 125:640 JLINK_IsHalted()  returns ERROR (0000ms, 3912ms total)
T2EF8 125:841 JLINK_IsHalted()  returns ERROR (0000ms, 3912ms total)
T3124 126:014 JLINK_EMU_GetList(InterfaceMask = 0x00000001, MaxInfos = 0x00000032) [0]: USB, S/N: 801027238  returns 0x01 (0002ms, 3914ms total)
T3124 126:016 JLINK_EMU_GetList(InterfaceMask = 0x00000002, MaxInfos = 0x00000032)   returns 0x00 (0071ms, 3985ms total)
T2EF8 126:087 JLINK_IsHalted()  returns ERROR (0000ms, 3985ms total)
T2EF8 126:289 JLINK_IsHalted()  returns ERROR (0000ms, 3985ms total)
