T6108 3179:855 SEGGER J-Link V6.48a Log File (0000ms, 17689ms total)
T6108 3179:855 DLL Compiled: Jul 30 2019 15:16:09 (0000ms, 17689ms total)
T6108 3179:855 Logging started @ 2021-05-09 18:41 (0000ms, 17689ms total)
T6108 3179:862 JLINK_ExecCommand("Device = ATSAMD21G18A", ...). Device "ATSAMD21G18" selected.  returns 0x00 (0001ms, 17690ms total)
T6108 3179:889 JLINK_TIF_Select(JLINKARM_TIF_SWD)  returns 0x00 (0001ms, 17691ms total)
T6108 3179:890 JLINK_SetSpeed(4000) (0001ms, 17692ms total)
T6108 3179:891 JLINK_ResetPullsRESET(OFF) (0000ms, 17692ms total)
T6108 3179:891 JLINK_Connect()InitTarget() >0x10B TIF>Found SW-DP with ID 0x0BC11477 >0x0D TIF> >0x28 TIF> >0x0D TIF> >0x28 TIF> >0x0D TIF> >0x28 TIF> >0x0D TIF> >0x28 TIF> >0x0D TIF> >0x21 TIF> >0x0D TIF> >0x28 TIF>Scanning AP map to find all available APs >0x0D TIF> >0x28 TIF> >0x0D TIF> >0x21 TIF> >0x0D TIF> >0x21 TIF> >0x0D TIF> >0x28 TIF> >0x0D TIF> >0x21 TIF> >0x0D TIF> >0x21 TIF>AP[1]: Stopped AP scan as end of AP map has been reachedAP[0]: AHB-AP (IDR: 0x04770031)
Iterating through AP map to find AHB-AP to use >0x42 TIF> >0x28 TIF> >0x0D TIF> >0x28 TIF> >0x0D TIF> >0x21 TIF> >0x0D TIF> >0x21 TIF> >0x42 TIF> >0x28 TIF> >0x0D TIF> >0x28 TIF> >0x0D TIF> >0x28 TIF> >0x0D TIF> >0x21 TIF> >0x0D TIF> >0x21 TIF>AP[0]: Core foundAP[0]: AHB-AP ROM base: 0x41003000 >0x0D TIF> >0x28 TIF> >0x0D TIF> >0x28 TIF> >0x0D TIF> >0x28 TIF> >0x0D TIF> >0x21 TIF> >0x0D TIF> >0x21 TIF>CPUID register: 0x410CC601. Implementer code: 0x41 (ARM)Found Cortex-M0 r0p1, Little endian.
 -- Max. mem block: 0x00001338 -- CPU_ReadMem(4 bytes @ 0xE000EDF0) -- CPU_WriteMem(4 bytes @ 0xE000EDF0) -- CPU_ReadMem(4 bytes @ 0xE0002000)FPUnit: 4 code (BP) slots and 0 literal slots -- CPU_ReadMem(4 bytes @ 0xE000EDFC) -- CPU_WriteMem(4 bytes @ 0xE000EDFC) -- CPU_ReadMem(4 bytes @ 0xE0001000) -- CPU_WriteMem(4 bytes @ 0xE0001000)CoreSight components:ROMTbl[0] @ 41003000 -- CPU_ReadMem(16 bytes @ 0x41003000) -- CPU_ReadMem(16 bytes @ 0xE00FFFF0) -- CPU_ReadMem(16 bytes @ 0xE00FFFE0)
ROMTbl[0][0]: E00FF000, CID: B105100D, PID: 000BB4C0 ROM TableROMTbl[1] @ E00FF000 -- CPU_ReadMem(16 bytes @ 0xE00FF000) -- CPU_ReadMem(16 bytes @ 0xE000EFF0) -- CPU_ReadMem(16 bytes @ 0xE000EFE0)ROMTbl[1][0]: E000E000, CID: B105E00D, PID: 000BB008 SCS -- CPU_ReadMem(16 bytes @ 0xE0001FF0) -- CPU_ReadMem(16 bytes @ 0xE0001FE0)ROMTbl[1][1]: E0001000, CID: B105E00D, PID: 000BB00A DWT -- CPU_ReadMem(16 bytes @ 0xE0002FF0) -- CPU_ReadMem(16 bytes @ 0xE0002FE0)
ROMTbl[1][2]: E0002000, CID: B105E00D, PID: 000BB00B FPB -- CPU_ReadMem(16 bytes @ 0x41006FF0) -- CPU_ReadMem(16 bytes @ 0x41006FE0)ROMTbl[0][1]: 41006000, CID: B105900D, PID: 001BB932 MTB-M0+  returns 0x00 (0125ms, 17817ms total)
T6108 3180:016 JLINK_ExecCommand("ExcludeFlashCacheRange 0x0 - 0x40000", ...).   returns 0x00 (0000ms, 17817ms total)
T6108 3180:016 JLINK_Halt()  returns 0x00 (0003ms, 17820ms total)
T6108 3180:021 JLINK_JTAG_GetDeviceID(DeviceIndex = 0)  returns 0x00 (0000ms, 17820ms total)
T6108 3180:021 JLINK_ReadMemU32(0x41002018, 0x0001 Items, ...) -- CPU_ReadMem(4 bytes @ 0x41002018) - Data: 05 03 01 10  returns 1 (0000ms, 17820ms total)
T579C 3180:031 JLINK_IsHalted()  returns TRUE (0000ms, 17820ms total)
T579C 3180:031 JLINK_GetMOEs(...) -- CPU_ReadMem(4 bytes @ 0xE000ED30)  returns 0x01 (0001ms, 17821ms total)
T579C 3180:032 JLINK_ReadReg(R15 (PC))  returns 0x00017A8A (0000ms, 17821ms total)
T6108 3180:128 JLINK_BeginDownload(Flags = 0x00) (0000ms, 17821ms total)
T6108 3180:128 JLINK_WriteMem(0x00012000, 0x19264 Bytes, ...) - Data: F0 75 00 20 A1 F9 01 00 85 F9 01 00 85 F9 01 00 ... -- Read from flash cache (103012 bytes @ 0x00012000)  returns 0x19264 (0001ms, 17822ms total)
T6108 3180:129 JLINK_WriteMem(0x0002B264, 0x02AC Bytes, ...) - Data: 00 00 00 00 0C 00 00 00 00 00 00 00 00 00 00 00 ... -- Read from flash cache (684 bytes @ 0x0002B264)  returns 0x2AC (0000ms, 17822ms total)
T6108 3180:179 JLINK_EndDownload() -- CPU_ReadMem(4 bytes @ 0x41006004) -- CPU_ReadMem(4 bytes @ 0xE000ED90) -- -------------------------------------- -- Start of determining dirty areas in flash cache -- End of determining dirty areas -- Start of preparing flash programming -- Calculating RAM usage -- RAM usage = 5876 Bytes -- Preserving CPU registers -- Preparing memory -- Preparing target -- Downloading RAMCode -- Checking target RAM -- Preparing RAMCode -- End of preparing flash programming
 -- CPU speed could not be measured. -- Start of comparing flash -- CRC check was estimated as fastest method -- Comparing range 0x12000 - 0x21FFF (256 Sectors, 64 KB), using multi-block CRC calculation -- CRC does not match for sectors 0-1, 4, 6, 8-9, 11-255 -- Comparing range 0x22000 - 0x2B5FF (150 Sectors, 37 KB), using multi-block CRC calculation -- CRC does not match for sectors 0-149 -- Comparing range 0x12200 - 0x123FF (2 Sectors, 512 Bytes), using alternative multi-block CRC calculation
 -- All CRCs match -- Comparing range 0x12500 - 0x125FF (1 Sector, 256 Bytes), using alternative multi-block CRC calculation -- All CRCs match -- Comparing range 0x12700 - 0x127FF (1 Sector, 256 Bytes), using alternative multi-block CRC calculation -- All CRCs match -- Comparing range 0x12A00 - 0x12AFF (1 Sector, 256 Bytes), using alternative multi-block CRC calculation -- All CRCs match -- End of comparing flash -- Start of erasing sectors
 -- Erasing range 0x00012000 - 0x000121FF (  2 Sectors, 512 Bytes) -- Erasing range 0x00012400 - 0x000124FF (  1 Sector, 256 Bytes) -- Erasing range 0x00012600 - 0x000126FF (  1 Sector, 256 Bytes) -- Erasing range 0x00012800 - 0x000129FF (  2 Sectors, 512 Bytes) -- Erasing range 0x00012B00 - 0x0001AAFF (128 Sectors, 32 KB) -- Erasing range 0x0001AB00 - 0x00022AFF (128 Sectors, 32 KB) -- Erasing range 0x00022B00 - 0x0002AAFF (128 Sectors, 32 KB) -- Erasing range 0x0002AB00 - 0x0002B5FF ( 11 Sectors, 2 KB)
 -- End of erasing sectors -- Start of flash programming -- Programming range 0x00012000 - 0x000121FF (  2 Sectors, 512 Bytes) -- Programming range 0x00012400 - 0x000124FF (  1 Sector, 256 Bytes) -- Programming range 0x00012600 - 0x000126FF (  1 Sector, 256 Bytes) -- Programming range 0x00012800 - 0x000129FF (  2 Sectors, 512 Bytes) -- Programming range 0x00012B00 - 0x0001AAFF (128 Sectors, 32 KB) -- Programming range 0x0001AB00 - 0x00022AFF (128 Sectors, 32 KB)
 -- Programming range 0x00022B00 - 0x0002AAFF (128 Sectors, 32 KB) -- Programming range 0x0002AB00 - 0x0002B5FF ( 11 Sectors, 2 KB) -- End of flash programming -- 0x12000 - 0x121FF (  2 Sectors, 512 Bytes) -- 0x12400 - 0x124FF (  1 Sector, 256 Bytes) -- 0x12600 - 0x126FF (  1 Sector, 256 Bytes) -- 0x12800 - 0x129FF (  2 Sectors, 512 Bytes) -- 0x12B00 - 0x2B5FF (395 Sectors, 98 KB) -- Start of verifying flash -- Use CRC or checksum calculation as verify method
 -- Use CRC or checksum calculation as verify method -- Use CRC or checksum calculation as verify method -- Use CRC or checksum calculation as verify method -- Use CRC or checksum calculation as verify method -- End of verifying flash -- Start of restoring -- Restoring RAMCode -- Restore target -- Restore memory -- Restoring CPU registers -- End of restoring -- Bank 0 @ 0x00000000: 5 ranges affected (102656 bytes)
 -- Total time needed: 1.093s (Prepare: 0.033s, Compare: 0.057s, Erase: 0.346s, Program: 0.642s, Verify: 0.009s, Restore: 0.004s)  returns 0x19100 (1100ms, 18922ms total)
T6108 3181:279 JLINK_SetResetType(JLINKARM_CM3_RESET_TYPE_NORMAL)  returns JLINKARM_CM3_RESET_TYPE_NORMAL (0000ms, 18922ms total)
T6108 3181:279 JLINK_Reset() -- CPU_ReadMem(4 bytes @ 0x200006BC) -- CPU_WriteMem(4 bytes @ 0x200006BC) -- CPU_ReadMem(4 bytes @ 0xE000EDFC) -- CPU_WriteMem(4 bytes @ 0xE000EDFC) -- CPU_WriteMem(4 bytes @ 0xE000ED0C) -- CPU_ReadMem(4 bytes @ 0xE000EDF0) -- CPU_ReadMem(4 bytes @ 0x41002100) -- CPU_WriteMem(4 bytes @ 0x41002100) -- CPU_ReadMem(4 bytes @ 0x41002100) -- CPU_WriteMem(4 bytes @ 0xE000EDFC) -- CPU_WriteMem(4 bytes @ 0xE0002000) -- CPU_ReadMem(4 bytes @ 0xE000EDFC)
 -- CPU_ReadMem(4 bytes @ 0xE0001000) -- CPU_WriteMem(4 bytes @ 0xE0001000) (0013ms, 18935ms total)
T4C7C 3181:403 JLINK_Halt()  returns 0x00 (0000ms, 18935ms total)
T4C7C 3181:403 JLINK_ReadReg(R15 (PC))  returns 0x00006978 (0000ms, 18935ms total)
T4C7C 3181:403 JLINK_ReadReg(R13 (SP))  returns 0x20002CD8 (0000ms, 18935ms total)
T4C7C 3181:409 JLINK_ReadMemHW(0x00006978, 0x0004 Bytes, ...) -- CPU_ReadMem(4 bytes @ 0x00006978) - Data: 80 B5 82 B0  returns 0x00 (0001ms, 18936ms total)
T4C7C 3181:410 JLINK_ReadReg(R0)  returns 0x40001000 (0000ms, 18936ms total)
T4C7C 3181:410 JLINK_ReadReg(R1)  returns 0x00000000 (0000ms, 18936ms total)
T4C7C 3181:410 JLINK_ReadReg(R2)  returns 0x00000000 (0000ms, 18936ms total)
T4C7C 3181:410 JLINK_ReadReg(R3)  returns 0x4E3F3C76 (0000ms, 18936ms total)
T4C7C 3181:410 JLINK_ReadReg(R4)  returns 0x20000664 (0000ms, 18936ms total)
T4C7C 3181:410 JLINK_ReadReg(R5)  returns 0x20000684 (0000ms, 18936ms total)
T4C7C 3181:410 JLINK_ReadReg(R6)  returns 0x20000684 (0000ms, 18936ms total)
T4C7C 3181:410 JLINK_ReadReg(R7)  returns 0x20003BFC (0000ms, 18936ms total)
T4C7C 3181:410 JLINK_ReadReg(R8)  returns 0x000166F1 (0000ms, 18936ms total)
T4C7C 3181:410 JLINK_ReadReg(R9)  returns 0x20003B88 (0000ms, 18936ms total)
T4C7C 3181:410 JLINK_ReadReg(R10)  returns 0x000165C3 (0000ms, 18936ms total)
T4C7C 3181:410 JLINK_ReadReg(R11)  returns 0xA5A5A5A5 (0000ms, 18936ms total)
T4C7C 3181:410 JLINK_ReadReg(R12)  returns 0x200005D8 (0000ms, 18936ms total)
T4C7C 3181:410 JLINK_ReadReg(R13 (SP))  returns 0x20002CD8 (0000ms, 18936ms total)
T4C7C 3181:410 JLINK_ReadReg(R14)  returns 0x2000032F (0000ms, 18936ms total)
T4C7C 3181:410 JLINK_ReadReg(R15 (PC))  returns 0x00006978 (0000ms, 18936ms total)
T4C7C 3181:410 JLINK_ReadReg(XPSR)  returns 0x21000000 (0000ms, 18936ms total)
T4C7C 3181:410 JLINK_ReadReg(MSP)  returns 0x20002CD8 (0000ms, 18936ms total)
T4C7C 3181:410 JLINK_ReadReg(PSP)  returns 0x20000648 (0000ms, 18936ms total)
T4C7C 3181:410 JLINK_ReadReg(PRIMASK)  returns 0x00000000 (0001ms, 18937ms total)
T4C7C 3181:411 JLINK_ReadReg(BASEPRI)  returns 0x00000000 (0000ms, 18937ms total)
T4C7C 3181:411 JLINK_ReadReg(FAULTMASK)  returns 0x00000000 (0000ms, 18937ms total)
T4C7C 3181:411 JLINK_ReadReg(CONTROL)  returns 0x00000000 (0000ms, 18937ms total)
T4C7C 3181:411 JLINK_ReadMemHW(0x00006978, 0x0002 Bytes, ...) -- CPU_ReadMem(2 bytes @ 0x00006978) - Data: 80 B5  returns 0x00 (0001ms, 18938ms total)
T579C 3181:440 JLINK_IsHalted()  returns TRUE (0000ms, 18938ms total)
T4C7C 3181:474 JLINK_ReadReg(R0)  returns 0x40001000 (0000ms, 18938ms total)
T4C7C 3181:474 JLINK_ReadReg(R1)  returns 0x00000000 (0000ms, 18938ms total)
T4C7C 3181:474 JLINK_ReadReg(R2)  returns 0x00000000 (0000ms, 18938ms total)
T4C7C 3181:474 JLINK_ReadReg(R3)  returns 0x4E3F3C76 (0000ms, 18938ms total)
T4C7C 3181:474 JLINK_ReadReg(R4)  returns 0x20000664 (0000ms, 18938ms total)
T4C7C 3181:474 JLINK_ReadReg(R5)  returns 0x20000684 (0000ms, 18938ms total)
T4C7C 3181:474 JLINK_ReadReg(R6)  returns 0x20000684 (0001ms, 18939ms total)
T4C7C 3181:475 JLINK_ReadReg(R7)  returns 0x20003BFC (0000ms, 18939ms total)
T4C7C 3181:475 JLINK_ReadReg(R8)  returns 0x000166F1 (0000ms, 18939ms total)
T4C7C 3181:475 JLINK_ReadReg(R9)  returns 0x20003B88 (0000ms, 18939ms total)
T4C7C 3181:475 JLINK_ReadReg(R10)  returns 0x000165C3 (0000ms, 18939ms total)
T4C7C 3181:475 JLINK_ReadReg(R11)  returns 0xA5A5A5A5 (0000ms, 18939ms total)
T4C7C 3181:475 JLINK_ReadReg(R12)  returns 0x200005D8 (0000ms, 18939ms total)
T4C7C 3181:475 JLINK_ReadReg(R13 (SP))  returns 0x20002CD8 (0000ms, 18939ms total)
T4C7C 3181:475 JLINK_ReadReg(R14)  returns 0x2000032F (0000ms, 18939ms total)
T4C7C 3181:475 JLINK_ReadReg(R15 (PC))  returns 0x00006978 (0000ms, 18939ms total)
T4C7C 3181:475 JLINK_ReadReg(XPSR)  returns 0x21000000 (0000ms, 18939ms total)
T4C7C 3181:475 JLINK_ReadReg(MSP)  returns 0x20002CD8 (0000ms, 18939ms total)
T4C7C 3181:475 JLINK_ReadReg(PSP)  returns 0x20000648 (0000ms, 18939ms total)
T4C7C 3181:475 JLINK_ReadReg(PRIMASK)  returns 0x00000000 (0000ms, 18939ms total)
T4C7C 3181:475 JLINK_ReadReg(BASEPRI)  returns 0x00000000 (0000ms, 18939ms total)
T4C7C 3181:475 JLINK_ReadReg(FAULTMASK)  returns 0x00000000 (0000ms, 18939ms total)
T4C7C 3181:475 JLINK_ReadReg(CONTROL)  returns 0x00000000 (0000ms, 18939ms total)
T4C7C 3181:476 JLINK_ReadMemHW(0x00006978, 0x0004 Bytes, ...) -- CPU_ReadMem(4 bytes @ 0x00006978) - Data: 80 B5 82 B0  returns 0x00 (0001ms, 18940ms total)
T4C7C 3181:477 JLINK_ReadMemHW(0x00006978, 0x0002 Bytes, ...) -- CPU_ReadMem(2 bytes @ 0x00006978) - Data: 80 B5  returns 0x00 (0000ms, 18940ms total)
T4C7C 3181:500 JLINK_SetResetType(JLINKARM_CM3_RESET_TYPE_NORMAL)  returns JLINKARM_CM3_RESET_TYPE_NORMAL (0000ms, 18940ms total)
T4C7C 3181:500 JLINK_Reset() -- CPU_ReadMem(4 bytes @ 0xE000EDFC) -- CPU_WriteMem(4 bytes @ 0xE000EDFC) -- CPU_WriteMem(4 bytes @ 0xE000ED0C) -- CPU_ReadMem(4 bytes @ 0xE000EDF0) -- CPU_ReadMem(4 bytes @ 0x41002100) -- CPU_WriteMem(4 bytes @ 0x41002100) -- CPU_ReadMem(4 bytes @ 0x41002100) -- CPU_WriteMem(4 bytes @ 0xE000EDFC) -- CPU_WriteMem(4 bytes @ 0xE0002000) -- CPU_ReadMem(4 bytes @ 0xE000EDFC) -- CPU_ReadMem(4 bytes @ 0xE0001000) -- CPU_WriteMem(4 bytes @ 0xE0001000) (0015ms, 18955ms total)
T579C 3181:515 JLINK_IsHalted()  returns TRUE (0000ms, 18955ms total)
T579C 3181:515 JLINK_GetMOEs(...) -- CPU_ReadMem(4 bytes @ 0xE000ED30)  returns 0x01 (0001ms, 18956ms total)
T579C 3181:516 JLINK_ReadReg(R15 (PC))  returns 0x00006978 (0000ms, 18956ms total)
T4C7C 3181:525 JLINK_ReadReg(R15 (PC))  returns 0x00006978 (0000ms, 18956ms total)
T4C7C 3181:525 JLINK_ReadReg(R13 (SP))  returns 0x20002CD8 (0000ms, 18956ms total)
T4C7C 3181:525 JLINK_ReadMemHW(0x00006978, 0x0004 Bytes, ...) -- CPU_ReadMem(4 bytes @ 0x00006978) - Data: 80 B5 82 B0  returns 0x00 (0001ms, 18957ms total)
T4C7C 3181:526 JLINK_ReadReg(R0)  returns 0x40001000 (0000ms, 18957ms total)
T4C7C 3181:526 JLINK_ReadReg(R1)  returns 0x00000000 (0000ms, 18957ms total)
T4C7C 3181:526 JLINK_ReadReg(R2)  returns 0x00000000 (0000ms, 18957ms total)
T4C7C 3181:526 JLINK_ReadReg(R3)  returns 0x4E3F3C76 (0000ms, 18957ms total)
T4C7C 3181:526 JLINK_ReadReg(R4)  returns 0x20000664 (0000ms, 18957ms total)
T4C7C 3181:526 JLINK_ReadReg(R5)  returns 0x20000684 (0000ms, 18957ms total)
T4C7C 3181:526 JLINK_ReadReg(R6)  returns 0x20000684 (0000ms, 18957ms total)
T4C7C 3181:527 JLINK_ReadReg(R7)  returns 0x20003BFC (0000ms, 18957ms total)
T4C7C 3181:527 JLINK_ReadReg(R8)  returns 0x000166F1 (0000ms, 18957ms total)
T4C7C 3181:527 JLINK_ReadReg(R9)  returns 0x20003B88 (0000ms, 18957ms total)
T4C7C 3181:527 JLINK_ReadReg(R10)  returns 0x000165C3 (0000ms, 18957ms total)
T4C7C 3181:527 JLINK_ReadReg(R11)  returns 0xA5A5A5A5 (0000ms, 18957ms total)
T4C7C 3181:527 JLINK_ReadReg(R12)  returns 0x200005D8 (0000ms, 18957ms total)
T4C7C 3181:527 JLINK_ReadReg(R13 (SP))  returns 0x20002CD8 (0000ms, 18957ms total)
T4C7C 3181:527 JLINK_ReadReg(R14)  returns 0x2000032F (0000ms, 18957ms total)
T4C7C 3181:527 JLINK_ReadReg(R15 (PC))  returns 0x00006978 (0000ms, 18957ms total)
T4C7C 3181:527 JLINK_ReadReg(XPSR)  returns 0x21000000 (0000ms, 18957ms total)
T4C7C 3181:527 JLINK_ReadReg(MSP)  returns 0x20002CD8 (0000ms, 18957ms total)
T4C7C 3181:527 JLINK_ReadReg(PSP)  returns 0x20000648 (0000ms, 18957ms total)
T4C7C 3181:527 JLINK_ReadReg(PRIMASK)  returns 0x00000000 (0000ms, 18957ms total)
T4C7C 3181:527 JLINK_ReadReg(BASEPRI)  returns 0x00000000 (0000ms, 18957ms total)
T4C7C 3181:527 JLINK_ReadReg(FAULTMASK)  returns 0x00000000 (0000ms, 18957ms total)
T4C7C 3181:527 JLINK_ReadReg(CONTROL)  returns 0x00000000 (0000ms, 18957ms total)
T4C7C 3181:527 JLINK_ReadMemHW(0x00006978, 0x0002 Bytes, ...) -- CPU_ReadMem(2 bytes @ 0x00006978) - Data: 80 B5  returns 0x00 (0001ms, 18958ms total)
T4C7C 3181:546 JLINK_ReadMem (0x2000032E, 0x0004 Bytes, ...) -- CPU_ReadMem(64 bytes @ 0x20000300) -- Updating C cache (64 bytes @ 0x20000300) -- Read from C cache (4 bytes @ 0x2000032E) - Data: 01 BD 70 B5  returns 0x00 (0001ms, 18959ms total)
T4C7C 3181:547 JLINK_ReadMem (0x200002E0, 0x0002 Bytes, ...) -- CPU_ReadMem(64 bytes @ 0x200002C0) -- Updating C cache (64 bytes @ 0x200002C0) -- Read from C cache (2 bytes @ 0x200002E0) - Data: FF F7  returns 0x00 (0002ms, 18961ms total)
T4C7C 3181:550 JLINK_ReadMem (0x200002E2, 0x0002 Bytes, ...) -- Read from C cache (2 bytes @ 0x200002E2) - Data: E6 FE  returns 0x00 (0000ms, 18961ms total)
T4C7C 3181:550 JLINK_ReadMem (0x2000032E, 0x0004 Bytes, ...) -- Read from C cache (4 bytes @ 0x2000032E) - Data: 01 BD 70 B5  returns 0x00 (0000ms, 18961ms total)
T4C7C 3181:551 JLINK_ReadMem (0x200002E0, 0x0002 Bytes, ...) -- Read from C cache (2 bytes @ 0x200002E0) - Data: FF F7  returns 0x00 (0000ms, 18961ms total)
T4C7C 3181:551 JLINK_ReadMem (0x200002E2, 0x0002 Bytes, ...) -- Read from C cache (2 bytes @ 0x200002E2) - Data: E6 FE  returns 0x00 (0000ms, 18961ms total)
T4C7C 3181:592 JLINK_ReadMemHW(0x00023E60, 0x0001 Bytes, ...) -- CPU_ReadMem(1 bytes @ 0x00023E60) - Data: 10  returns 0x00 (0000ms, 18961ms total)
T4C7C 3181:637 JLINK_ReadReg(R15 (PC))  returns 0x00006978 (0000ms, 18961ms total)
T4C7C 3181:637 JLINK_GetNumBPUnits(Type = 0xFFFFFF02)  returns 0x04 (0001ms, 18962ms total)
T4C7C 3181:638 JLINK_SetBPEx(Addr = 0x00023E60, Type = 0xFFFFFFF2)  returns 0x00000001 (0000ms, 18962ms total)
T4C7C 3181:638 JLINK_GetBPInfo(BPHandle = 1)  returns 0x00 (0000ms, 18962ms total)
T4C7C 3181:638 JLINK_Go() -- CPU_WriteMem(4 bytes @ 0xE0002000) -- CPU_ReadMem(4 bytes @ 0xE0001000) -- CPU_WriteMem(4 bytes @ 0xE000ED30) -- CPU_WriteMem(4 bytes @ 0xE0001000) -- CPU_WriteMem(4 bytes @ 0xE0002008) -- CPU_WriteMem(4 bytes @ 0xE000200C) -- CPU_WriteMem(4 bytes @ 0xE0002010) -- CPU_WriteMem(4 bytes @ 0xE0002014) -- CPU_WriteMem(4 bytes @ 0xE0001004) (0005ms, 18967ms total)
T579C 3181:643 JLINK_IsHalted() -- CPU_ReadMem(4 bytes @ 0x41002100)  returns FALSE (0001ms, 18968ms total)
T579C 3181:666 JLINK_IsHalted() -- CPU_ReadMem(4 bytes @ 0x41002100)  returns FALSE (0001ms, 18969ms total)
T579C 3181:748 JLINK_IsHalted() -- CPU_ReadMem(4 bytes @ 0x41002100)  returns FALSE (0001ms, 18969ms total)
T579C 3181:951 JLINK_IsHalted() -- CPU_ReadMem(4 bytes @ 0x41002100)  returns FALSE (0000ms, 18968ms total)
T579C 3182:151 JLINK_IsHalted() -- CPU_ReadMem(4 bytes @ 0x41002100)  returns FALSE (0001ms, 18969ms total)
T579C 3182:357 JLINK_IsHalted() -- CPU_ReadMem(4 bytes @ 0x41002100)  returns FALSE (0001ms, 18969ms total)
T579C 3182:561 JLINK_IsHalted() -- CPU_ReadMem(4 bytes @ 0x41002100)  returns FALSE (0001ms, 18969ms total)
T579C 3182:763 JLINK_IsHalted() -- CPU_ReadMem(4 bytes @ 0x41002100)  returns FALSE (0001ms, 18969ms total)
T579C 3182:965 JLINK_IsHalted() -- CPU_ReadMem(4 bytes @ 0x41002100)  returns FALSE (0001ms, 18969ms total)
T579C 3183:167 JLINK_IsHalted() -- CPU_ReadMem(4 bytes @ 0x41002100)  returns FALSE (0001ms, 18969ms total)
T579C 3183:374 JLINK_IsHalted() -- CPU_ReadMem(4 bytes @ 0x41002100)  returns FALSE (0001ms, 18969ms total)
T579C 3183:576 JLINK_IsHalted() -- CPU_ReadMem(4 bytes @ 0x41002100)  returns FALSE (0001ms, 18969ms total)
T579C 3183:777 JLINK_IsHalted() -- CPU_ReadMem(4 bytes @ 0x41002100)  returns FALSE (0001ms, 18969ms total)
T579C 3183:979 JLINK_IsHalted() -- CPU_ReadMem(4 bytes @ 0x41002100)  returns FALSE (0001ms, 18969ms total)
T579C 3184:180 JLINK_IsHalted()  returns TRUE (0004ms, 18972ms total)
T579C 3184:184 JLINK_GetMOEs(...) -- CPU_ReadMem(4 bytes @ 0xE000ED30)  returns 0x01 (0001ms, 18969ms total)
T579C 3184:185 JLINK_ReadReg(R15 (PC))  returns 0x00023E60 (0000ms, 18969ms total)
T4C7C 3184:187 JLINK_ReadReg(R15 (PC))  returns 0x00023E60 (0000ms, 18969ms total)
T4C7C 3184:187 JLINK_ReadReg(R13 (SP))  returns 0x200075D8 (0000ms, 18969ms total)
T4C7C 3184:187 JLINK_ReadMemHW(0x00023E60, 0x0004 Bytes, ...) -- CPU_ReadMem(4 bytes @ 0x00023E60) - Data: 10 B5 05 4B  returns 0x00 (0001ms, 18970ms total)
T6108 3184:373 JLINK_ReadMemHW(0x00000000, 0x01CE Bytes, ...) -- CPU_ReadMem(462 bytes @ 0x00000000) - Data: D8 2C 00 20 79 69 00 00 71 6A 00 00 71 6A 00 00 ...  returns 0x00 (0004ms, 18974ms total)
T579C 3184:386 JLINK_IsHalted()  returns TRUE (0000ms, 18974ms total)
T6108 3184:442 JLINK_ReadMemHW(0x000001CE, 0x0084 Bytes, ...) -- CPU_ReadMem(132 bytes @ 0x000001CE) - Data: 00 00 80 B5 00 AF 02 4B 1B 68 18 00 BD 46 80 BD ...  returns 0x00 (0002ms, 18976ms total)
T6108 3184:450 JLINK_ReadMemHW(0x00000252, 0x00BD Bytes, ...) -- CPU_ReadMem(189 bytes @ 0x00000252) - Data: BD 46 04 B0 80 BD 00 44 00 41 80 B5 82 B0 00 AF ...  returns 0x00 (0002ms, 18978ms total)
T579C 3184:589 JLINK_IsHalted()  returns TRUE (0000ms, 18978ms total)
T579C 3184:791 JLINK_IsHalted()  returns TRUE (0000ms, 18978ms total)
T579C 3184:992 JLINK_IsHalted()  returns TRUE (0000ms, 18978ms total)
T579C 3185:193 JLINK_IsHalted()  returns TRUE (0000ms, 18978ms total)
T579C 3185:394 JLINK_IsHalted()  returns TRUE (0000ms, 18978ms total)
T579C 3185:604 JLINK_IsHalted()  returns TRUE (0000ms, 18978ms total)
T579C 3185:807 JLINK_IsHalted()  returns TRUE (0000ms, 18978ms total)
T579C 3186:010 JLINK_IsHalted()  returns TRUE (0000ms, 18978ms total)
T579C 3186:211 JLINK_IsHalted()  returns TRUE (0000ms, 18978ms total)
T579C 3186:420 JLINK_IsHalted()  returns TRUE (0000ms, 18978ms total)
T579C 3186:621 JLINK_IsHalted()  returns TRUE (0001ms, 18979ms total)
T4C7C 3186:788 JLINK_WriteU32(0xE000EDFC, 0x01000000) -- CPU_WriteMem(4 bytes @ 0xE000EDFC)  returns 0 (0001ms, 18979ms total)
T4C7C 3186:789 JLINK_ReadMem (0xE0001000, 0x0004 Bytes, ...) -- CPU_ReadMem(4 bytes @ 0xE0001000) - Data: 00 00 00 20  returns 0x00 (0000ms, 18979ms total)
T4C7C 3186:790 JLINK_WriteU32(0xE0001000, 0x20000001)  returns 0 (0000ms, 18979ms total)
T4C7C 3186:790 JLINK_WriteU32(0xE0001028, 0x00000100)  returns 0 (0000ms, 18979ms total)
T4C7C 3186:790 JLINK_ReadMem (0xE0001028, 0x0004 Bytes, ...) -- CPU_WriteMem(4 bytes @ 0xE0001028) -- CPU_ReadMem(4 bytes @ 0xE0001028) - Data: 00 00 00 00  returns 0x00 (0001ms, 18980ms total)
T4C7C 3186:791 JLINK_WriteU32(0xE0001024, 0x0000001F)  returns 0 (0000ms, 18980ms total)
T4C7C 3186:791 JLINK_ReadMem (0xE0001024, 0x0004 Bytes, ...) -- CPU_WriteMem(4 bytes @ 0xE0001024) -- CPU_ReadMem(4 bytes @ 0xE0001024) - Data: 1F 00 00 00  returns 0x00 (0001ms, 18981ms total)
T4C7C 3186:792 JLINK_WriteU32(0xE0001038, 0x00000100)  returns 0 (0000ms, 18981ms total)
T4C7C 3186:792 JLINK_ReadMem (0xE0001038, 0x0004 Bytes, ...) -- CPU_WriteMem(4 bytes @ 0xE0001038) -- CPU_ReadMem(4 bytes @ 0xE0001038) - Data: 00 00 00 00  returns 0x00 (0001ms, 18982ms total)
T4C7C 3186:793 JLINK_WriteU32(0xE0001034, 0x0000001F)  returns 0 (0000ms, 18982ms total)
T4C7C 3186:793 JLINK_ReadMem (0xE0001034, 0x0004 Bytes, ...) -- CPU_WriteMem(4 bytes @ 0xE0001034) -- CPU_ReadMem(4 bytes @ 0xE0001034) - Data: 1F 00 00 00  returns 0x00 (0001ms, 18983ms total)
T4C7C 3186:794 JLINK_WriteU32(0xE0001020, 0x00000000)  returns 0 (0000ms, 18983ms total)
T4C7C 3186:794 JLINK_WriteU32(0xE0001024, 0x00000000)  returns 0 (0000ms, 18983ms total)
T4C7C 3186:794 JLINK_WriteU32(0xE0001028, 0x00000000)  returns 0 (0000ms, 18983ms total)
T4C7C 3186:794 JLINK_WriteU32(0xE0001030, 0x00000000)  returns 0 (0000ms, 18983ms total)
T4C7C 3186:794 JLINK_WriteU32(0xE0001034, 0x00000000)  returns 0 (0000ms, 18983ms total)
T4C7C 3186:794 JLINK_WriteU32(0xE0001038, 0x00000000)  returns 0 (0000ms, 18983ms total)
T4C7C 3186:794 JLINK_GetBPInfo(BPHandle = 1)  returns 0x00 (0000ms, 18983ms total)
T4C7C 3186:794 JLINK_ClrBPEx(BPHandle = 0x00000001)  returns 0x00 (0000ms, 18983ms total)
T4C7C 3186:794 JLINK_ReadReg(R15 (PC))  returns 0x00023E60 (0000ms, 18983ms total)
T4C7C 3186:794 JLINK_Go() -- CPU_WriteMem(4 bytes @ 0xE0001000) -- CPU_ReadMem(4 bytes @ 0xE0001000) -- CPU_WriteMem(4 bytes @ 0xE000ED30) -- CPU_WriteMem(4 bytes @ 0xE0001000) -- CPU_WriteMem(4 bytes @ 0xE0001020) -- CPU_WriteMem(4 bytes @ 0xE0001030) -- CPU_WriteMem(4 bytes @ 0xE0001024) -- CPU_WriteMem(4 bytes @ 0xE0001034) -- CPU_WriteMem(4 bytes @ 0xE0001028) -- CPU_WriteMem(4 bytes @ 0xE0001038) -- CPU_WriteMem(4 bytes @ 0xE0002008) (0004ms, 18987ms total)
T579C 3186:798 JLINK_IsHalted() -- CPU_ReadMem(4 bytes @ 0x41002100)  returns FALSE (0001ms, 18988ms total)
T579C 3186:840 JLINK_IsHalted() -- CPU_ReadMem(4 bytes @ 0x41002100)  returns FALSE (0000ms, 18987ms total)
T579C 3187:002 JLINK_IsHalted() -- CPU_ReadMem(4 bytes @ 0x41002100)  returns FALSE (0000ms, 18987ms total)
T579C 3187:203 JLINK_IsHalted() -- CPU_ReadMem(4 bytes @ 0x41002100)  returns FALSE (0001ms, 18988ms total)
T579C 3187:406 JLINK_IsHalted() -- CPU_ReadMem(4 bytes @ 0x41002100)  returns FALSE (0000ms, 18987ms total)
T579C 3187:610 JLINK_IsHalted() -- CPU_ReadMem(4 bytes @ 0x41002100)  returns FALSE (0001ms, 18988ms total)
T579C 3187:812 JLINK_IsHalted() -- CPU_ReadMem(4 bytes @ 0x41002100)  returns FALSE (0000ms, 18987ms total)
T579C 3188:013 JLINK_IsHalted() -- CPU_ReadMem(4 bytes @ 0x41002100)  returns FALSE (0000ms, 18987ms total)
T579C 3188:214 JLINK_IsHalted() -- CPU_ReadMem(4 bytes @ 0x41002100)  returns FALSE (0001ms, 18988ms total)
T579C 3188:415 JLINK_IsHalted() -- CPU_ReadMem(4 bytes @ 0x41002100)  returns FALSE (0002ms, 18989ms total)
T579C 3188:618 JLINK_IsHalted() -- CPU_ReadMem(4 bytes @ 0x41002100)  returns FALSE (0002ms, 18989ms total)
T579C 3188:821 JLINK_IsHalted() -- CPU_ReadMem(4 bytes @ 0x41002100)  returns FALSE (0001ms, 18988ms total)
T579C 3189:026 JLINK_IsHalted() -- CPU_ReadMem(4 bytes @ 0x41002100)  returns FALSE (0001ms, 18988ms total)
T579C 3189:229 JLINK_IsHalted() -- CPU_ReadMem(4 bytes @ 0x41002100)  returns FALSE (0002ms, 18989ms total)
T579C 3189:435 JLINK_IsHalted() -- CPU_ReadMem(4 bytes @ 0x41002100)  returns FALSE (0001ms, 18988ms total)
T579C 3189:641 JLINK_IsHalted() -- CPU_ReadMem(4 bytes @ 0x41002100)  returns FALSE (0002ms, 18989ms total)
T579C 3189:844 JLINK_IsHalted() -- CPU_ReadMem(4 bytes @ 0x41002100)  returns FALSE (0000ms, 18987ms total)
T579C 3190:046 JLINK_IsHalted() -- CPU_ReadMem(4 bytes @ 0x41002100)  returns FALSE (0001ms, 18988ms total)
T579C 3190:247 JLINK_IsHalted() -- CPU_ReadMem(4 bytes @ 0x41002100)  returns FALSE (0001ms, 18988ms total)
T579C 3190:455 JLINK_IsHalted() -- CPU_ReadMem(4 bytes @ 0x41002100)  returns FALSE (0002ms, 18989ms total)
T579C 3190:657 JLINK_IsHalted() -- CPU_ReadMem(4 bytes @ 0x41002100)  returns FALSE (0001ms, 18988ms total)
T579C 3190:861 JLINK_IsHalted() -- CPU_ReadMem(4 bytes @ 0x41002100)  returns FALSE (0000ms, 18987ms total)
T579C 3191:063 JLINK_IsHalted() -- CPU_ReadMem(4 bytes @ 0x41002100)  returns FALSE (0001ms, 18988ms total)
T579C 3191:264 JLINK_IsHalted() -- CPU_ReadMem(4 bytes @ 0x41002100)  returns FALSE (0002ms, 18989ms total)
T579C 3191:469 JLINK_IsHalted() -- CPU_ReadMem(4 bytes @ 0x41002100)  returns FALSE (0001ms, 18988ms total)
T579C 3191:672 JLINK_IsHalted() -- CPU_ReadMem(4 bytes @ 0x41002100)  returns FALSE (0001ms, 18989ms total)
T579C 3191:875 JLINK_IsHalted() -- CPU_ReadMem(4 bytes @ 0x41002100)  returns FALSE (0001ms, 18989ms total)
T579C 3192:082 JLINK_IsHalted() -- CPU_ReadMem(4 bytes @ 0x41002100)  returns FALSE (0001ms, 18989ms total)
T579C 3192:287 JLINK_IsHalted() -- CPU_ReadMem(4 bytes @ 0x41002100)  returns FALSE (0002ms, 18990ms total)
T579C 3192:490 JLINK_IsHalted() -- CPU_ReadMem(4 bytes @ 0x41002100)  returns FALSE (0001ms, 18989ms total)
T579C 3192:696 JLINK_IsHalted() -- CPU_ReadMem(4 bytes @ 0x41002100)  returns FALSE (0001ms, 18989ms total)
T579C 3192:898 JLINK_IsHalted() -- CPU_ReadMem(4 bytes @ 0x41002100)  returns FALSE (0000ms, 18988ms total)
T579C 3193:100 JLINK_IsHalted() -- CPU_ReadMem(4 bytes @ 0x41002100)  returns FALSE (0001ms, 18989ms total)
T579C 3193:306 JLINK_IsHalted() -- CPU_ReadMem(4 bytes @ 0x41002100)  returns FALSE (0000ms, 18988ms total)
T579C 3193:508 JLINK_IsHalted() -- CPU_ReadMem(4 bytes @ 0x41002100)  returns FALSE (0002ms, 18990ms total)
T579C 3193:710 JLINK_IsHalted() -- CPU_ReadMem(4 bytes @ 0x41002100)  returns FALSE (0000ms, 18988ms total)
T579C 3193:911 JLINK_IsHalted() -- CPU_ReadMem(4 bytes @ 0x41002100)  returns FALSE (0000ms, 18988ms total)
T579C 3194:111 JLINK_IsHalted() -- CPU_ReadMem(4 bytes @ 0x41002100)  returns FALSE (0002ms, 18990ms total)
T579C 3194:315 JLINK_IsHalted() -- CPU_ReadMem(4 bytes @ 0x41002100)  returns FALSE (0001ms, 18989ms total)
T579C 3194:517 JLINK_IsHalted() -- CPU_ReadMem(4 bytes @ 0x41002100)  returns FALSE (0001ms, 18989ms total)
T579C 3194:720 JLINK_IsHalted() -- CPU_ReadMem(4 bytes @ 0x41002100)  returns FALSE (0000ms, 18988ms total)
T579C 3194:921 JLINK_IsHalted() -- CPU_ReadMem(4 bytes @ 0x41002100)  returns FALSE (0001ms, 18989ms total)
T579C 3195:130 JLINK_IsHalted() -- CPU_ReadMem(4 bytes @ 0x41002100)  returns FALSE (0001ms, 18989ms total)
T579C 3195:332 JLINK_IsHalted() -- CPU_ReadMem(4 bytes @ 0x41002100)  returns FALSE (0002ms, 18990ms total)
T579C 3195:535 JLINK_IsHalted() -- CPU_ReadMem(4 bytes @ 0x41002100)  returns FALSE (0002ms, 18990ms total)
T579C 3195:746 JLINK_IsHalted() -- CPU_ReadMem(4 bytes @ 0x41002100)  returns FALSE (0001ms, 18989ms total)
T579C 3195:947 JLINK_IsHalted() -- CPU_ReadMem(4 bytes @ 0x41002100)  returns FALSE (0000ms, 18988ms total)
T579C 3196:152 JLINK_IsHalted() -- CPU_ReadMem(4 bytes @ 0x41002100)  returns FALSE (0001ms, 18989ms total)
T579C 3196:354 JLINK_IsHalted() -- CPU_ReadMem(4 bytes @ 0x41002100)  returns FALSE (0001ms, 18989ms total)
T579C 3196:555 JLINK_IsHalted() -- CPU_ReadMem(4 bytes @ 0x41002100)  returns FALSE (0001ms, 18989ms total)
T579C 3196:757 JLINK_IsHalted() -- CPU_ReadMem(4 bytes @ 0x41002100)  returns FALSE (0002ms, 18990ms total)
T579C 3196:968 JLINK_IsHalted() -- CPU_ReadMem(4 bytes @ 0x41002100)  returns FALSE (0001ms, 18989ms total)
T579C 3197:170 JLINK_IsHalted() -- CPU_ReadMem(4 bytes @ 0x41002100)  returns FALSE (0001ms, 18989ms total)
T579C 3197:372 JLINK_IsHalted() -- CPU_ReadMem(4 bytes @ 0x41002100)  returns FALSE (0000ms, 18988ms total)
T579C 3197:575 JLINK_IsHalted() -- CPU_ReadMem(4 bytes @ 0x41002100)  returns FALSE (0001ms, 18989ms total)
T579C 3197:778 JLINK_IsHalted() -- CPU_ReadMem(4 bytes @ 0x41002100)  returns FALSE (0000ms, 18988ms total)
T579C 3197:980 JLINK_IsHalted() -- CPU_ReadMem(4 bytes @ 0x41002100)  returns FALSE (0000ms, 18988ms total)
T579C 3198:187 JLINK_IsHalted() -- CPU_ReadMem(4 bytes @ 0x41002100)  returns FALSE (0001ms, 18989ms total)
T579C 3198:389 JLINK_IsHalted() -- CPU_ReadMem(4 bytes @ 0x41002100)  returns FALSE (0000ms, 18988ms total)
T579C 3198:589 JLINK_IsHalted() -- CPU_ReadMem(4 bytes @ 0x41002100)  returns FALSE (0000ms, 18988ms total)
T579C 3198:789 JLINK_IsHalted() -- CPU_ReadMem(4 bytes @ 0x41002100)  returns FALSE (0002ms, 18990ms total)
T579C 3198:994 JLINK_IsHalted() -- CPU_ReadMem(4 bytes @ 0x41002100)  returns FALSE (0001ms, 18989ms total)
T579C 3199:197 JLINK_IsHalted() -- CPU_ReadMem(4 bytes @ 0x41002100)  returns FALSE (0002ms, 18990ms total)
T579C 3199:401 JLINK_IsHalted() -- CPU_ReadMem(4 bytes @ 0x41002100)  returns FALSE (0001ms, 18989ms total)
T579C 3199:605 JLINK_IsHalted() -- CPU_ReadMem(4 bytes @ 0x41002100)  returns FALSE (0001ms, 18989ms total)
T579C 3199:807 JLINK_IsHalted() -- CPU_ReadMem(4 bytes @ 0x41002100)  returns FALSE (0002ms, 18990ms total)
T579C 3200:010 JLINK_IsHalted() -- CPU_ReadMem(4 bytes @ 0x41002100)  returns FALSE (0001ms, 18989ms total)
T579C 3200:212 JLINK_IsHalted() -- CPU_ReadMem(4 bytes @ 0x41002100)  returns FALSE (0001ms, 18990ms total)
T579C 3200:417 JLINK_IsHalted() -- CPU_ReadMem(4 bytes @ 0x41002100)  returns FALSE (0001ms, 18990ms total)
T579C 3200:618 JLINK_IsHalted() -- CPU_ReadMem(4 bytes @ 0x41002100)  returns FALSE (0002ms, 18991ms total)
T579C 3200:821 JLINK_IsHalted() -- CPU_ReadMem(4 bytes @ 0x41002100)  returns FALSE (0001ms, 18990ms total)
T579C 3201:023 JLINK_IsHalted() -- CPU_ReadMem(4 bytes @ 0x41002100)  returns FALSE (0001ms, 18990ms total)
T579C 3201:229 JLINK_IsHalted() -- CPU_ReadMem(4 bytes @ 0x41002100)  returns FALSE (0000ms, 18989ms total)
T579C 3201:430 JLINK_IsHalted() -- CPU_ReadMem(4 bytes @ 0x41002100)  returns FALSE (0001ms, 18990ms total)
T579C 3201:633 JLINK_IsHalted() -- CPU_ReadMem(4 bytes @ 0x41002100)  returns FALSE (0002ms, 18991ms total)
T579C 3201:835 JLINK_IsHalted() -- CPU_ReadMem(4 bytes @ 0x41002100)  returns FALSE (0002ms, 18991ms total)
T579C 3202:040 JLINK_IsHalted() -- CPU_ReadMem(4 bytes @ 0x41002100)  returns FALSE (0001ms, 18990ms total)
T579C 3202:243 JLINK_IsHalted() -- CPU_ReadMem(4 bytes @ 0x41002100)  returns FALSE (0001ms, 18990ms total)
T579C 3202:445 JLINK_IsHalted() -- CPU_ReadMem(4 bytes @ 0x41002100)  returns FALSE (0002ms, 18991ms total)
T579C 3202:657 JLINK_IsHalted() -- CPU_ReadMem(4 bytes @ 0x41002100)  returns FALSE (0001ms, 18990ms total)
T579C 3202:858 JLINK_IsHalted() -- CPU_ReadMem(4 bytes @ 0x41002100)  returns FALSE (0001ms, 18990ms total)
T579C 3203:059 JLINK_IsHalted() -- CPU_ReadMem(4 bytes @ 0x41002100)  returns FALSE (0001ms, 18990ms total)
T579C 3203:260 JLINK_IsHalted() -- CPU_ReadMem(4 bytes @ 0x41002100)  returns FALSE (0002ms, 18991ms total)
T579C 3203:470 JLINK_IsHalted() -- CPU_ReadMem(4 bytes @ 0x41002100)  returns FALSE (0002ms, 18991ms total)
T579C 3203:675 JLINK_IsHalted() -- CPU_ReadMem(4 bytes @ 0x41002100)  returns FALSE (0001ms, 18990ms total)
T579C 3203:877 JLINK_IsHalted() -- CPU_ReadMem(4 bytes @ 0x41002100)  returns FALSE (0001ms, 18990ms total)
T579C 3204:082 JLINK_IsHalted() -- CPU_ReadMem(4 bytes @ 0x41002100)  returns FALSE (0002ms, 18991ms total)
T579C 3204:293 JLINK_IsHalted() -- CPU_ReadMem(4 bytes @ 0x41002100)  returns FALSE (0001ms, 18990ms total)
T579C 3204:497 JLINK_IsHalted() -- CPU_ReadMem(4 bytes @ 0x41002100)  returns FALSE (0001ms, 18990ms total)
T579C 3204:702 JLINK_IsHalted() -- CPU_ReadMem(4 bytes @ 0x41002100)  returns FALSE (0002ms, 18991ms total)
T579C 3204:906 JLINK_IsHalted() -- CPU_ReadMem(4 bytes @ 0x41002100)  returns FALSE (0001ms, 18990ms total)
T579C 3205:108 JLINK_IsHalted() -- CPU_ReadMem(4 bytes @ 0x41002100)  returns FALSE (0000ms, 18989ms total)
T579C 3205:308 JLINK_IsHalted() -- CPU_ReadMem(4 bytes @ 0x41002100)  returns FALSE (0001ms, 18990ms total)
T579C 3205:509 JLINK_IsHalted() -- CPU_ReadMem(4 bytes @ 0x41002100)  returns FALSE (0002ms, 18991ms total)
T579C 3205:712 JLINK_IsHalted() -- CPU_ReadMem(4 bytes @ 0x41002100)  returns FALSE (0001ms, 18990ms total)
T579C 3205:914 JLINK_IsHalted() -- CPU_ReadMem(4 bytes @ 0x41002100)  returns FALSE (0001ms, 18990ms total)
T579C 3206:117 JLINK_IsHalted() -- CPU_ReadMem(4 bytes @ 0x41002100)  returns FALSE (0001ms, 18990ms total)
T579C 3206:324 JLINK_IsHalted() -- CPU_ReadMem(4 bytes @ 0x41002100)  returns FALSE (0001ms, 18990ms total)
T579C 3206:528 JLINK_IsHalted() -- CPU_ReadMem(4 bytes @ 0x41002100)  returns FALSE (0001ms, 18990ms total)
T579C 3206:734 JLINK_IsHalted() -- CPU_ReadMem(4 bytes @ 0x41002100)  returns FALSE (0001ms, 18990ms total)
T579C 3206:940 JLINK_IsHalted() -- CPU_ReadMem(4 bytes @ 0x41002100)  returns FALSE (0001ms, 18990ms total)
T579C 3207:145 JLINK_IsHalted() -- CPU_ReadMem(4 bytes @ 0x41002100)  returns FALSE (0002ms, 18991ms total)
T579C 3207:350 JLINK_IsHalted() -- CPU_ReadMem(4 bytes @ 0x41002100)  returns FALSE (0001ms, 18990ms total)
T579C 3207:552 JLINK_IsHalted() -- CPU_ReadMem(4 bytes @ 0x41002100)  returns FALSE (0001ms, 18990ms total)
T579C 3207:758 JLINK_IsHalted() -- CPU_ReadMem(4 bytes @ 0x41002100)  returns FALSE (0001ms, 18990ms total)
T579C 3207:960 JLINK_IsHalted() -- CPU_ReadMem(4 bytes @ 0x41002100)  returns FALSE (0001ms, 18990ms total)
T579C 3208:162 JLINK_IsHalted() -- CPU_ReadMem(4 bytes @ 0x41002100)  returns FALSE (0002ms, 18991ms total)
T579C 3208:370 JLINK_IsHalted() -- CPU_ReadMem(4 bytes @ 0x41002100)  returns FALSE (0001ms, 18990ms total)
T579C 3208:573 JLINK_IsHalted() -- CPU_ReadMem(4 bytes @ 0x41002100)  returns FALSE (0002ms, 18992ms total)
T579C 3208:780 JLINK_IsHalted() -- CPU_ReadMem(4 bytes @ 0x41002100)  returns FALSE (0001ms, 18991ms total)
T579C 3208:982 JLINK_IsHalted() -- CPU_ReadMem(4 bytes @ 0x41002100)  returns FALSE (0001ms, 18991ms total)
T579C 3209:184 JLINK_IsHalted() -- CPU_ReadMem(4 bytes @ 0x41002100)  returns FALSE (0000ms, 18990ms total)
T579C 3209:390 JLINK_IsHalted() -- CPU_ReadMem(4 bytes @ 0x41002100)  returns FALSE (0002ms, 18992ms total)
T579C 3209:595 JLINK_IsHalted() -- CPU_ReadMem(4 bytes @ 0x41002100)  returns FALSE (0001ms, 18993ms total)
T579C 3209:797 JLINK_IsHalted() -- CPU_ReadMem(4 bytes @ 0x41002100)  returns FALSE (0001ms, 18994ms total)
T579C 3209:999 JLINK_IsHalted() -- CPU_ReadMem(4 bytes @ 0x41002100)  returns FALSE (0001ms, 18994ms total)
T579C 3210:206 JLINK_IsHalted() -- CPU_ReadMem(4 bytes @ 0x41002100)  returns FALSE (0000ms, 18993ms total)
T579C 3210:411 JLINK_IsHalted() -- CPU_ReadMem(4 bytes @ 0x41002100)  returns FALSE (0001ms, 18994ms total)
T579C 3210:614 JLINK_IsHalted() -- CPU_ReadMem(4 bytes @ 0x41002100)  returns FALSE (0002ms, 18996ms total)
T579C 3210:819 JLINK_IsHalted() -- CPU_ReadMem(4 bytes @ 0x41002100)  returns FALSE (0002ms, 18996ms total)
T579C 3211:023 JLINK_IsHalted() -- CPU_ReadMem(4 bytes @ 0x41002100)  returns FALSE (0002ms, 18998ms total)
T579C 3211:229 JLINK_IsHalted() -- CPU_ReadMem(4 bytes @ 0x41002100)  returns FALSE (0001ms, 18997ms total)
T579C 3211:431 JLINK_IsHalted() -- CPU_ReadMem(4 bytes @ 0x41002100)  returns FALSE (0000ms, 18996ms total)
T579C 3211:632 JLINK_IsHalted() -- CPU_ReadMem(4 bytes @ 0x41002100)  returns FALSE (0002ms, 18998ms total)
T579C 3211:839 JLINK_IsHalted() -- CPU_ReadMem(4 bytes @ 0x41002100)  returns FALSE (0002ms, 18998ms total)
T579C 3212:042 JLINK_IsHalted() -- CPU_ReadMem(4 bytes @ 0x41002100)  returns FALSE (0001ms, 18997ms total)
T579C 3212:243 JLINK_IsHalted() -- CPU_ReadMem(4 bytes @ 0x41002100)  returns FALSE (0001ms, 18997ms total)
T579C 3212:445 JLINK_IsHalted() -- CPU_ReadMem(4 bytes @ 0x41002100)  returns FALSE (0000ms, 18996ms total)
T579C 3212:650 JLINK_IsHalted() -- CPU_ReadMem(4 bytes @ 0x41002100)  returns FALSE (0000ms, 18996ms total)
T579C 3212:855 JLINK_IsHalted() -- CPU_ReadMem(4 bytes @ 0x41002100)  returns FALSE (0001ms, 18997ms total)
T579C 3213:057 JLINK_IsHalted() -- CPU_ReadMem(4 bytes @ 0x41002100)  returns FALSE (0001ms, 18997ms total)
T579C 3213:259 JLINK_IsHalted() -- CPU_ReadMem(4 bytes @ 0x41002100)  returns FALSE (0002ms, 18998ms total)
T579C 3213:466 JLINK_IsHalted() -- CPU_ReadMem(4 bytes @ 0x41002100)  returns FALSE (0001ms, 18997ms total)
T579C 3213:669 JLINK_IsHalted() -- CPU_ReadMem(4 bytes @ 0x41002100)  returns FALSE (0002ms, 18998ms total)
T579C 3213:875 JLINK_IsHalted() -- CPU_ReadMem(4 bytes @ 0x41002100)  returns FALSE (0001ms, 18997ms total)
T579C 3214:079 JLINK_IsHalted() -- CPU_ReadMem(4 bytes @ 0x41002100)  returns FALSE (0002ms, 18998ms total)
T579C 3214:283 JLINK_IsHalted() -- CPU_ReadMem(4 bytes @ 0x41002100)  returns FALSE (0002ms, 18998ms total)
T579C 3214:492 JLINK_IsHalted() -- CPU_ReadMem(4 bytes @ 0x41002100)  returns FALSE (0001ms, 18997ms total)
T579C 3214:701 JLINK_IsHalted() -- CPU_ReadMem(4 bytes @ 0x41002100)  returns FALSE (0001ms, 18997ms total)
T579C 3214:904 JLINK_IsHalted() -- CPU_ReadMem(4 bytes @ 0x41002100)  returns FALSE (0000ms, 18996ms total)
T579C 3215:106 JLINK_IsHalted() -- CPU_ReadMem(4 bytes @ 0x41002100)  returns FALSE (0002ms, 18998ms total)
T579C 3215:310 JLINK_IsHalted() -- CPU_ReadMem(4 bytes @ 0x41002100)  returns FALSE (0002ms, 18998ms total)
T579C 3215:516 JLINK_IsHalted() -- CPU_ReadMem(4 bytes @ 0x41002100)  returns FALSE (0001ms, 18997ms total)
T579C 3215:719 JLINK_IsHalted() -- CPU_ReadMem(4 bytes @ 0x41002100)  returns FALSE (0001ms, 18997ms total)
T579C 3215:922 JLINK_IsHalted() -- CPU_ReadMem(4 bytes @ 0x41002100)  returns FALSE (0000ms, 18996ms total)
T579C 3216:122 JLINK_IsHalted() -- CPU_ReadMem(4 bytes @ 0x41002100)  returns FALSE (0001ms, 18997ms total)
T579C 3216:330 JLINK_IsHalted() -- CPU_ReadMem(4 bytes @ 0x41002100)  returns FALSE (0002ms, 18998ms total)
T579C 3216:536 JLINK_IsHalted() -- CPU_ReadMem(4 bytes @ 0x41002100)  returns FALSE (0001ms, 18997ms total)
T579C 3216:739 JLINK_IsHalted() -- CPU_ReadMem(4 bytes @ 0x41002100)  returns FALSE (0002ms, 18998ms total)
T579C 3216:944 JLINK_IsHalted() -- CPU_ReadMem(4 bytes @ 0x41002100)  returns FALSE (0002ms, 18998ms total)
T579C 3217:151 JLINK_IsHalted() -- CPU_ReadMem(4 bytes @ 0x41002100)  returns FALSE (0001ms, 18997ms total)
T579C 3217:353 JLINK_IsHalted() -- CPU_ReadMem(4 bytes @ 0x41002100)  returns FALSE (0001ms, 18997ms total)
T579C 3217:562 JLINK_IsHalted() -- CPU_ReadMem(4 bytes @ 0x41002100)  returns FALSE (0002ms, 18998ms total)
T579C 3217:769 JLINK_IsHalted() -- CPU_ReadMem(4 bytes @ 0x41002100)  returns FALSE (0001ms, 18997ms total)
T579C 3217:972 JLINK_IsHalted() -- CPU_ReadMem(4 bytes @ 0x41002100)  returns FALSE (0002ms, 18998ms total)
T579C 3218:175 JLINK_IsHalted() -- CPU_ReadMem(4 bytes @ 0x41002100)  returns FALSE (0001ms, 18997ms total)
T579C 3218:382 JLINK_IsHalted() -- CPU_ReadMem(4 bytes @ 0x41002100)  returns FALSE (0001ms, 18997ms total)
T579C 3218:586 JLINK_IsHalted() -- CPU_ReadMem(4 bytes @ 0x41002100)  returns FALSE (0000ms, 18996ms total)
T579C 3218:788 JLINK_IsHalted() -- CPU_ReadMem(4 bytes @ 0x41002100)  returns FALSE (0001ms, 18997ms total)
T579C 3218:990 JLINK_IsHalted() -- CPU_ReadMem(4 bytes @ 0x41002100)  returns FALSE (0002ms, 18998ms total)
T579C 3219:194 JLINK_IsHalted() -- CPU_ReadMem(4 bytes @ 0x41002100)  returns FALSE (0001ms, 18997ms total)
T579C 3219:396 JLINK_IsHalted() -- CPU_ReadMem(4 bytes @ 0x41002100)  returns FALSE (0002ms, 18998ms total)
T579C 3219:605 JLINK_IsHalted() -- CPU_ReadMem(4 bytes @ 0x41002100)  returns FALSE (0002ms, 18998ms total)
T579C 3219:807 JLINK_IsHalted() -- CPU_ReadMem(4 bytes @ 0x41002100)  returns FALSE (0001ms, 18997ms total)
T579C 3220:011 JLINK_IsHalted() -- CPU_ReadMem(4 bytes @ 0x41002100)  returns FALSE (0001ms, 18997ms total)
T579C 3220:221 JLINK_IsHalted()Connection to device lost. Trying to reconnect to target. >0x10B TIF>Found SW-DP with ID 0x0BC11477 >0x0D TIF> >0x28 TIF> >0x0D TIF> >0x28 TIF> -- CPU_ReadMem(4 bytes @ 0x41002100) -- CPU is running -- CPU_WriteMem(4 bytes @ 0x41002100)  returns FALSE (0005ms, 19001ms total)
T579C 3220:430 JLINK_IsHalted() -- CPU_ReadMem(4 bytes @ 0x41002100)  returns FALSE (0002ms, 18998ms total)
T579C 3220:632 JLINK_IsHalted() -- CPU_ReadMem(4 bytes @ 0x41002100)  returns FALSE (0002ms, 18998ms total)
T579C 3220:834 JLINK_IsHalted() -- CPU_ReadMem(4 bytes @ 0x41002100)  returns FALSE (0002ms, 18998ms total)
T579C 3221:040 JLINK_IsHalted() -- CPU_ReadMem(4 bytes @ 0x41002100)  returns FALSE (0000ms, 18996ms total)
T579C 3221:241 JLINK_IsHalted() -- CPU_ReadMem(4 bytes @ 0x41002100)  returns FALSE (0002ms, 18998ms total)
T579C 3221:443 JLINK_IsHalted() -- CPU_ReadMem(4 bytes @ 0x41002100)  returns FALSE (0002ms, 18998ms total)
T579C 3221:647 JLINK_IsHalted() -- CPU_ReadMem(4 bytes @ 0x41002100)  returns FALSE (0002ms, 18998ms total)
T579C 3221:855 JLINK_IsHalted() -- CPU_ReadMem(4 bytes @ 0x41002100)  returns FALSE (0002ms, 18998ms total)
T579C 3222:058 JLINK_IsHalted() -- CPU_ReadMem(4 bytes @ 0x41002100)  returns FALSE (0001ms, 18997ms total)
T579C 3222:260 JLINK_IsHalted() -- CPU_ReadMem(4 bytes @ 0x41002100)  returns FALSE (0000ms, 18996ms total)
T579C 3222:467 JLINK_IsHalted() -- CPU_ReadMem(4 bytes @ 0x41002100)  returns FALSE (0002ms, 18998ms total)
T579C 3222:669 JLINK_IsHalted() -- CPU_ReadMem(4 bytes @ 0x41002100)  returns FALSE (0002ms, 18998ms total)
T579C 3222:872 JLINK_IsHalted() -- CPU_ReadMem(4 bytes @ 0x41002100)  returns FALSE (0002ms, 18998ms total)
T579C 3223:078 JLINK_IsHalted() -- CPU_ReadMem(4 bytes @ 0x41002100)  returns FALSE (0001ms, 18997ms total)
T579C 3223:280 JLINK_IsHalted() -- CPU_ReadMem(4 bytes @ 0x41002100)  returns FALSE (0000ms, 18996ms total)
T579C 3223:483 JLINK_IsHalted() -- CPU_ReadMem(4 bytes @ 0x41002100)  returns FALSE (0001ms, 18997ms total)
T579C 3223:689 JLINK_IsHalted() -- CPU_ReadMem(4 bytes @ 0x41002100)  returns FALSE (0002ms, 18998ms total)
T579C 3223:892 JLINK_IsHalted() -- CPU_ReadMem(4 bytes @ 0x41002100)  returns FALSE (0002ms, 18998ms total)
T579C 3224:099 JLINK_IsHalted() -- CPU_ReadMem(4 bytes @ 0x41002100)  returns FALSE (0002ms, 18998ms total)
T579C 3224:302 JLINK_IsHalted() -- CPU_ReadMem(4 bytes @ 0x41002100)  returns FALSE (0001ms, 18997ms total)
T579C 3224:510 JLINK_IsHalted() -- CPU_ReadMem(4 bytes @ 0x41002100)  returns FALSE (0001ms, 18997ms total)
T579C 3224:712 JLINK_IsHalted() -- CPU_ReadMem(4 bytes @ 0x41002100)  returns FALSE (0001ms, 18997ms total)
T579C 3224:913 JLINK_IsHalted() -- CPU_ReadMem(4 bytes @ 0x41002100)  returns FALSE (0001ms, 18997ms total)
T579C 3225:116 JLINK_IsHalted() -- CPU_ReadMem(4 bytes @ 0x41002100)  returns FALSE (0000ms, 18996ms total)
T579C 3225:320 JLINK_IsHalted() -- CPU_ReadMem(4 bytes @ 0x41002100)  returns FALSE (0002ms, 18998ms total)
T579C 3225:526 JLINK_IsHalted() -- CPU_ReadMem(4 bytes @ 0x41002100)  returns FALSE (0001ms, 18997ms total)
T579C 3225:730 JLINK_IsHalted() -- CPU_ReadMem(4 bytes @ 0x41002100)  returns FALSE (0002ms, 18998ms total)
T579C 3225:935 JLINK_IsHalted() -- CPU_ReadMem(4 bytes @ 0x41002100)  returns FALSE (0000ms, 18996ms total)
T579C 3226:141 JLINK_IsHalted() -- CPU_ReadMem(4 bytes @ 0x41002100)  returns FALSE (0001ms, 18997ms total)
T579C 3226:342 JLINK_IsHalted() -- CPU_ReadMem(4 bytes @ 0x41002100)  returns FALSE (0002ms, 18998ms total)
T579C 3226:544 JLINK_IsHalted() -- CPU_ReadMem(4 bytes @ 0x41002100)  returns FALSE (0001ms, 18997ms total)
T579C 3226:745 JLINK_IsHalted() -- CPU_ReadMem(4 bytes @ 0x41002100)  returns FALSE (0002ms, 18998ms total)
T579C 3226:949 JLINK_IsHalted() -- CPU_ReadMem(4 bytes @ 0x41002100)  returns FALSE (0002ms, 18998ms total)
T579C 3227:152 JLINK_IsHalted() -- CPU_ReadMem(4 bytes @ 0x41002100)  returns FALSE (0001ms, 18997ms total)
T579C 3227:359 JLINK_IsHalted() -- CPU_ReadMem(4 bytes @ 0x41002100)  returns FALSE (0001ms, 18997ms total)
T579C 3227:561 JLINK_IsHalted() -- CPU_ReadMem(4 bytes @ 0x41002100)  returns FALSE (0001ms, 18998ms total)
T579C 3227:767 JLINK_IsHalted() -- CPU_ReadMem(4 bytes @ 0x41002100)  returns FALSE (0002ms, 18999ms total)
T579C 3227:972 JLINK_IsHalted() -- CPU_ReadMem(4 bytes @ 0x41002100)  returns FALSE (0002ms, 18999ms total)
T579C 3228:175 JLINK_IsHalted() -- CPU_ReadMem(4 bytes @ 0x41002100)  returns FALSE (0000ms, 18997ms total)
T579C 3228:379 JLINK_IsHalted() -- CPU_ReadMem(4 bytes @ 0x41002100)  returns FALSE (0001ms, 18998ms total)
T579C 3228:580 JLINK_IsHalted() -- CPU_ReadMem(4 bytes @ 0x41002100)  returns FALSE (0001ms, 18998ms total)
T579C 3228:782 JLINK_IsHalted() -- CPU_ReadMem(4 bytes @ 0x41002100)  returns FALSE (0001ms, 18998ms total)
T579C 3228:993 JLINK_IsHalted() -- CPU_ReadMem(4 bytes @ 0x41002100)  returns FALSE (0001ms, 18998ms total)
T579C 3229:196 JLINK_IsHalted() -- CPU_ReadMem(4 bytes @ 0x41002100)  returns FALSE (0001ms, 18998ms total)
T579C 3229:402 JLINK_IsHalted() -- CPU_ReadMem(4 bytes @ 0x41002100)  returns FALSE (0002ms, 18999ms total)
T579C 3229:605 JLINK_IsHalted() -- CPU_ReadMem(4 bytes @ 0x41002100)  returns FALSE (0002ms, 18999ms total)
T579C 3229:809 JLINK_IsHalted() -- CPU_ReadMem(4 bytes @ 0x41002100)  returns FALSE (0001ms, 18998ms total)
T579C 3230:011 JLINK_IsHalted() -- CPU_ReadMem(4 bytes @ 0x41002100)  returns FALSE (0001ms, 18998ms total)
T579C 3230:213 JLINK_IsHalted() -- CPU_ReadMem(4 bytes @ 0x41002100)  returns FALSE (0001ms, 18998ms total)
T579C 3230:418 JLINK_IsHalted() -- CPU_ReadMem(4 bytes @ 0x41002100)  returns FALSE (0002ms, 18999ms total)
T579C 3230:622 JLINK_IsHalted() -- CPU_ReadMem(4 bytes @ 0x41002100)  returns FALSE (0002ms, 18999ms total)
T579C 3230:829 JLINK_IsHalted() -- CPU_ReadMem(4 bytes @ 0x41002100)  returns FALSE (0001ms, 18998ms total)
T579C 3231:031 JLINK_IsHalted() -- CPU_ReadMem(4 bytes @ 0x41002100)  returns FALSE (0002ms, 18999ms total)
T579C 3231:234 JLINK_IsHalted() -- CPU_ReadMem(4 bytes @ 0x41002100)  returns FALSE (0002ms, 18999ms total)
T579C 3231:441 JLINK_IsHalted() -- CPU_ReadMem(4 bytes @ 0x41002100)  returns FALSE (0001ms, 18998ms total)
T579C 3231:644 JLINK_IsHalted() -- CPU_ReadMem(4 bytes @ 0x41002100)  returns FALSE (0002ms, 18999ms total)
T579C 3231:848 JLINK_IsHalted() -- CPU_ReadMem(4 bytes @ 0x41002100)  returns FALSE (0002ms, 18999ms total)
T579C 3232:057 JLINK_IsHalted() -- CPU_ReadMem(4 bytes @ 0x41002100)  returns FALSE (0001ms, 18998ms total)
T579C 3232:259 JLINK_IsHalted() -- CPU_ReadMem(4 bytes @ 0x41002100)  returns FALSE (0002ms, 18999ms total)
T579C 3232:464 JLINK_IsHalted() -- CPU_ReadMem(4 bytes @ 0x41002100)  returns FALSE (0000ms, 18997ms total)
T579C 3232:665 JLINK_IsHalted() -- CPU_ReadMem(4 bytes @ 0x41002100)  returns FALSE (0002ms, 18999ms total)
T579C 3232:868 JLINK_IsHalted() -- CPU_ReadMem(4 bytes @ 0x41002100)  returns FALSE (0002ms, 18999ms total)
T579C 3233:078 JLINK_IsHalted() -- CPU_ReadMem(4 bytes @ 0x41002100)  returns FALSE (0001ms, 18998ms total)
T579C 3233:279 JLINK_IsHalted() -- CPU_ReadMem(4 bytes @ 0x41002100)  returns FALSE (0001ms, 18998ms total)
T579C 3233:483 JLINK_IsHalted() -- CPU_ReadMem(4 bytes @ 0x41002100)  returns FALSE (0001ms, 18998ms total)
T579C 3233:689 JLINK_IsHalted() -- CPU_ReadMem(4 bytes @ 0x41002100)  returns FALSE (0002ms, 18999ms total)
T579C 3233:892 JLINK_IsHalted() -- CPU_ReadMem(4 bytes @ 0x41002100)  returns FALSE (0001ms, 18998ms total)
T579C 3234:100 JLINK_IsHalted() -- CPU_ReadMem(4 bytes @ 0x41002100)  returns FALSE (0001ms, 18998ms total)
T579C 3234:304 JLINK_IsHalted() -- CPU_ReadMem(4 bytes @ 0x41002100)  returns FALSE (0002ms, 18999ms total)
T579C 3234:508 JLINK_IsHalted() -- CPU_ReadMem(4 bytes @ 0x41002100)  returns FALSE (0001ms, 18998ms total)
T579C 3234:716 JLINK_IsHalted() -- CPU_ReadMem(4 bytes @ 0x41002100)  returns FALSE (0001ms, 18998ms total)
T579C 3234:918 JLINK_IsHalted() -- CPU_ReadMem(4 bytes @ 0x41002100)  returns FALSE (0001ms, 18998ms total)
T579C 3235:123 JLINK_IsHalted() -- CPU_ReadMem(4 bytes @ 0x41002100)  returns FALSE (0002ms, 18999ms total)
T579C 3235:327 JLINK_IsHalted() -- CPU_ReadMem(4 bytes @ 0x41002100)  returns FALSE (0001ms, 18998ms total)
T579C 3235:529 JLINK_IsHalted() -- CPU_ReadMem(4 bytes @ 0x41002100)  returns FALSE (0002ms, 18999ms total)
T579C 3235:732 JLINK_IsHalted() -- CPU_ReadMem(4 bytes @ 0x41002100)  returns FALSE (0001ms, 18998ms total)
T579C 3235:935 JLINK_IsHalted() -- CPU_ReadMem(4 bytes @ 0x41002100)  returns FALSE (0000ms, 18997ms total)
T579C 3236:136 JLINK_IsHalted() -- CPU_ReadMem(4 bytes @ 0x41002100)  returns FALSE (0001ms, 18998ms total)
T579C 3236:343 JLINK_IsHalted() -- CPU_ReadMem(4 bytes @ 0x41002100)  returns FALSE (0001ms, 18998ms total)
T579C 3236:545 JLINK_IsHalted() -- CPU_ReadMem(4 bytes @ 0x41002100)  returns FALSE (0002ms, 18999ms total)
T579C 3236:748 JLINK_IsHalted() -- CPU_ReadMem(4 bytes @ 0x41002100)  returns FALSE (0001ms, 18998ms total)
T579C 3236:949 JLINK_IsHalted() -- CPU_ReadMem(4 bytes @ 0x41002100)  returns FALSE (0002ms, 18999ms total)
T579C 3237:151 JLINK_IsHalted() -- CPU_ReadMem(4 bytes @ 0x41002100)  returns FALSE (0001ms, 18998ms total)
T579C 3237:352 JLINK_IsHalted() -- CPU_ReadMem(4 bytes @ 0x41002100)  returns FALSE (0001ms, 18998ms total)
T579C 3237:553 JLINK_IsHalted() -- CPU_ReadMem(4 bytes @ 0x41002100)  returns FALSE (0001ms, 18998ms total)
T579C 3237:758 JLINK_IsHalted() -- CPU_ReadMem(4 bytes @ 0x41002100)  returns FALSE (0002ms, 18999ms total)
T579C 3237:961 JLINK_IsHalted() -- CPU_ReadMem(4 bytes @ 0x41002100)  returns FALSE (0001ms, 18998ms total)
T579C 3238:170 JLINK_IsHalted() -- CPU_ReadMem(4 bytes @ 0x41002100)  returns FALSE (0000ms, 18997ms total)
T579C 3238:372 JLINK_IsHalted() -- CPU_ReadMem(4 bytes @ 0x41002100)  returns FALSE (0002ms, 18999ms total)
T579C 3238:575 JLINK_IsHalted() -- CPU_ReadMem(4 bytes @ 0x41002100)  returns FALSE (0002ms, 18999ms total)
T579C 3238:781 JLINK_IsHalted() -- CPU_ReadMem(4 bytes @ 0x41002100)  returns FALSE (0001ms, 18998ms total)
T579C 3238:984 JLINK_IsHalted() -- CPU_ReadMem(4 bytes @ 0x41002100)  returns FALSE (0001ms, 18998ms total)
T579C 3239:188 JLINK_IsHalted() -- CPU_ReadMem(4 bytes @ 0x41002100)  returns FALSE (0001ms, 18998ms total)
T579C 3239:395 JLINK_IsHalted() -- CPU_ReadMem(4 bytes @ 0x41002100)  returns FALSE (0001ms, 18998ms total)
T579C 3239:603 JLINK_IsHalted() -- CPU_ReadMem(4 bytes @ 0x41002100)  returns FALSE (0000ms, 18997ms total)
T579C 3239:805 JLINK_IsHalted() -- CPU_ReadMem(4 bytes @ 0x41002100)  returns FALSE (0002ms, 18999ms total)
T579C 3240:008 JLINK_IsHalted() -- CPU_ReadMem(4 bytes @ 0x41002100)  returns FALSE (0001ms, 18998ms total)
T579C 3240:210 JLINK_IsHalted() -- CPU_ReadMem(4 bytes @ 0x41002100)  returns FALSE (0001ms, 18998ms total)
T579C 3240:420 JLINK_IsHalted() -- CPU_ReadMem(4 bytes @ 0x41002100)  returns FALSE (0001ms, 18998ms total)
T579C 3240:621 JLINK_IsHalted() -- CPU_ReadMem(4 bytes @ 0x41002100)  returns FALSE (0002ms, 18999ms total)
T579C 3240:823 JLINK_IsHalted() -- CPU_ReadMem(4 bytes @ 0x41002100)  returns FALSE (0001ms, 18998ms total)
T579C 3241:025 JLINK_IsHalted() -- CPU_ReadMem(4 bytes @ 0x41002100)  returns FALSE (0000ms, 18997ms total)
T579C 3241:227 JLINK_IsHalted() -- CPU_ReadMem(4 bytes @ 0x41002100)  returns FALSE (0002ms, 18999ms total)
T579C 3241:438 JLINK_IsHalted() -- CPU_ReadMem(4 bytes @ 0x41002100)  returns FALSE (0001ms, 18998ms total)
T579C 3241:649 JLINK_IsHalted() -- CPU_ReadMem(4 bytes @ 0x41002100)  returns FALSE (0001ms, 18998ms total)
T579C 3241:855 JLINK_IsHalted() -- CPU_ReadMem(4 bytes @ 0x41002100)  returns FALSE (0000ms, 18997ms total)
T579C 3242:056 JLINK_IsHalted() -- CPU_ReadMem(4 bytes @ 0x41002100)  returns FALSE (0002ms, 18999ms total)
T579C 3242:262 JLINK_IsHalted() -- CPU_ReadMem(4 bytes @ 0x41002100)  returns FALSE (0001ms, 18998ms total)
T579C 3242:470 JLINK_IsHalted() -- CPU_ReadMem(4 bytes @ 0x41002100)  returns FALSE (0001ms, 18998ms total)
T579C 3242:672 JLINK_IsHalted() -- CPU_ReadMem(4 bytes @ 0x41002100)  returns FALSE (0001ms, 18998ms total)
T579C 3242:874 JLINK_IsHalted() -- CPU_ReadMem(4 bytes @ 0x41002100)  returns FALSE (0001ms, 18998ms total)
T579C 3243:080 JLINK_IsHalted() -- CPU_ReadMem(4 bytes @ 0x41002100)  returns FALSE (0002ms, 18999ms total)
T579C 3243:283 JLINK_IsHalted() -- CPU_ReadMem(4 bytes @ 0x41002100)  returns FALSE (0001ms, 18998ms total)
T579C 3243:485 JLINK_IsHalted() -- CPU_ReadMem(4 bytes @ 0x41002100)  returns FALSE (0002ms, 18999ms total)
T579C 3243:692 JLINK_IsHalted() -- CPU_ReadMem(4 bytes @ 0x41002100)  returns FALSE (0001ms, 18998ms total)
T579C 3243:897 JLINK_IsHalted() -- CPU_ReadMem(4 bytes @ 0x41002100)  returns FALSE (0001ms, 18998ms total)
T579C 3244:102 JLINK_IsHalted() -- CPU_ReadMem(4 bytes @ 0x41002100)  returns FALSE (0002ms, 18999ms total)
T579C 3244:308 JLINK_IsHalted() -- CPU_ReadMem(4 bytes @ 0x41002100)  returns FALSE (0002ms, 18999ms total)
T579C 3244:516 JLINK_IsHalted() -- CPU_ReadMem(4 bytes @ 0x41002100)  returns FALSE (0000ms, 18997ms total)
T579C 3244:717 JLINK_IsHalted() -- CPU_ReadMem(4 bytes @ 0x41002100)  returns FALSE (0002ms, 18999ms total)
T579C 3244:923 JLINK_IsHalted() -- CPU_ReadMem(4 bytes @ 0x41002100)  returns FALSE (0002ms, 18999ms total)
T579C 3245:125 JLINK_IsHalted() -- CPU_ReadMem(4 bytes @ 0x41002100)  returns FALSE (0002ms, 18999ms total)
T579C 3245:331 JLINK_IsHalted() -- CPU_ReadMem(4 bytes @ 0x41002100)  returns FALSE (0002ms, 18999ms total)
T579C 3245:534 JLINK_IsHalted() -- CPU_ReadMem(4 bytes @ 0x41002100)  returns FALSE (0002ms, 18999ms total)
T579C 3245:743 JLINK_IsHalted() -- CPU_ReadMem(4 bytes @ 0x41002100)  returns FALSE (0001ms, 18998ms total)
T579C 3245:947 JLINK_IsHalted() -- CPU_ReadMem(4 bytes @ 0x41002100)  returns FALSE (0001ms, 18998ms total)
T579C 3246:149 JLINK_IsHalted() -- CPU_ReadMem(4 bytes @ 0x41002100)  returns FALSE (0002ms, 18999ms total)
T579C 3246:357 JLINK_IsHalted() -- CPU_ReadMem(4 bytes @ 0x41002100)  returns FALSE (0001ms, 18998ms total)
T579C 3246:561 JLINK_IsHalted() -- CPU_ReadMem(4 bytes @ 0x41002100)  returns FALSE (0001ms, 18998ms total)
T579C 3246:771 JLINK_IsHalted() -- CPU_ReadMem(4 bytes @ 0x41002100)  returns FALSE (0001ms, 18998ms total)
T579C 3246:972 JLINK_IsHalted() -- CPU_ReadMem(4 bytes @ 0x41002100)  returns FALSE (0002ms, 18999ms total)
T579C 3247:175 JLINK_IsHalted() -- CPU_ReadMem(4 bytes @ 0x41002100)  returns FALSE (0000ms, 18997ms total)
T579C 3247:376 JLINK_IsHalted() -- CPU_ReadMem(4 bytes @ 0x41002100)  returns FALSE (0001ms, 18998ms total)
T579C 3247:578 JLINK_IsHalted() -- CPU_ReadMem(4 bytes @ 0x41002100)  returns FALSE (0002ms, 18999ms total)
T579C 3247:785 JLINK_IsHalted() -- CPU_ReadMem(4 bytes @ 0x41002100)  returns FALSE (0001ms, 18998ms total)
T579C 3247:991 JLINK_IsHalted() -- CPU_ReadMem(4 bytes @ 0x41002100)  returns FALSE (0001ms, 18998ms total)
T579C 3248:194 JLINK_IsHalted() -- CPU_ReadMem(4 bytes @ 0x41002100)  returns FALSE (0002ms, 18999ms total)
T579C 3248:398 JLINK_IsHalted() -- CPU_ReadMem(4 bytes @ 0x41002100)  returns FALSE (0001ms, 18998ms total)
T579C 3248:605 JLINK_IsHalted() -- CPU_ReadMem(4 bytes @ 0x41002100)  returns FALSE (0001ms, 18998ms total)
T579C 3248:807 JLINK_IsHalted() -- CPU_ReadMem(4 bytes @ 0x41002100)  returns FALSE (0001ms, 18998ms total)
T579C 3249:009 JLINK_IsHalted() -- CPU_ReadMem(4 bytes @ 0x41002100)  returns FALSE (0002ms, 18999ms total)
T579C 3249:213 JLINK_IsHalted() -- CPU_ReadMem(4 bytes @ 0x41002100)  returns FALSE (0001ms, 18998ms total)
T579C 3249:421 JLINK_IsHalted() -- CPU_ReadMem(4 bytes @ 0x41002100)  returns FALSE (0002ms, 18999ms total)
T579C 3249:624 JLINK_IsHalted() -- CPU_ReadMem(4 bytes @ 0x41002100)  returns FALSE (0001ms, 18998ms total)
T579C 3249:827 JLINK_IsHalted() -- CPU_ReadMem(4 bytes @ 0x41002100)  returns FALSE (0002ms, 18999ms total)
T579C 3250:029 JLINK_IsHalted() -- CPU_ReadMem(4 bytes @ 0x41002100)  returns FALSE (0001ms, 18998ms total)
T579C 3250:230 JLINK_IsHalted() -- CPU_ReadMem(4 bytes @ 0x41002100)  returns FALSE (0002ms, 18999ms total)
T579C 3250:439 JLINK_IsHalted() -- CPU_ReadMem(4 bytes @ 0x41002100)  returns FALSE (0002ms, 18999ms total)
T579C 3250:642 JLINK_IsHalted() -- CPU_ReadMem(4 bytes @ 0x41002100)  returns FALSE (0002ms, 18999ms total)
T579C 3250:847 JLINK_IsHalted() -- CPU_ReadMem(4 bytes @ 0x41002100)  returns FALSE (0001ms, 18998ms total)
T579C 3251:049 JLINK_IsHalted() -- CPU_ReadMem(4 bytes @ 0x41002100)  returns FALSE (0001ms, 18998ms total)
T579C 3251:252 JLINK_IsHalted() -- CPU_ReadMem(4 bytes @ 0x41002100)  returns FALSE (0002ms, 18999ms total)
T579C 3251:455 JLINK_IsHalted() -- CPU_ReadMem(4 bytes @ 0x41002100)  returns FALSE (0001ms, 18998ms total)
T579C 3251:657 JLINK_IsHalted() -- CPU_ReadMem(4 bytes @ 0x41002100)  returns FALSE (0001ms, 18998ms total)
T579C 3251:858 JLINK_IsHalted() -- CPU_ReadMem(4 bytes @ 0x41002100)  returns FALSE (0002ms, 19000ms total)
T579C 3252:065 JLINK_IsHalted() -- CPU_ReadMem(4 bytes @ 0x41002100)  returns FALSE (0001ms, 18999ms total)
T579C 3252:266 JLINK_IsHalted() -- CPU_ReadMem(4 bytes @ 0x41002100)  returns FALSE (0002ms, 19000ms total)
T579C 3252:470 JLINK_IsHalted() -- CPU_ReadMem(4 bytes @ 0x41002100)  returns FALSE (0002ms, 19000ms total)
T579C 3252:674 JLINK_IsHalted() -- CPU_ReadMem(4 bytes @ 0x41002100)  returns FALSE (0002ms, 19000ms total)
T579C 3252:881 JLINK_IsHalted() -- CPU_ReadMem(4 bytes @ 0x41002100)  returns FALSE (0002ms, 19000ms total)
T579C 3253:085 JLINK_IsHalted() -- CPU_ReadMem(4 bytes @ 0x41002100)  returns FALSE (0001ms, 18999ms total)
T579C 3253:293 JLINK_IsHalted() -- CPU_ReadMem(4 bytes @ 0x41002100)  returns FALSE (0002ms, 19000ms total)
T579C 3253:495 JLINK_IsHalted() -- CPU_ReadMem(4 bytes @ 0x41002100)  returns FALSE (0001ms, 19001ms total)
T579C 3253:697 JLINK_IsHalted() -- CPU_ReadMem(4 bytes @ 0x41002100)  returns FALSE (0001ms, 19001ms total)
T579C 3253:898 JLINK_IsHalted() -- CPU_ReadMem(4 bytes @ 0x41002100)  returns FALSE (0001ms, 19001ms total)
T579C 3254:100 JLINK_IsHalted() -- CPU_ReadMem(4 bytes @ 0x41002100)  returns FALSE (0002ms, 19002ms total)
T579C 3254:302 JLINK_IsHalted() -- CPU_ReadMem(4 bytes @ 0x41002100)  returns FALSE (0000ms, 19000ms total)
T579C 3254:508 JLINK_IsHalted() -- CPU_ReadMem(4 bytes @ 0x41002100)  returns FALSE (0002ms, 19002ms total)
T579C 3254:711 JLINK_IsHalted() -- CPU_ReadMem(4 bytes @ 0x41002100)  returns FALSE (0002ms, 19002ms total)
T579C 3254:915 JLINK_IsHalted() -- CPU_ReadMem(4 bytes @ 0x41002100)  returns FALSE (0001ms, 19001ms total)
T579C 3255:118 JLINK_IsHalted() -- CPU_ReadMem(4 bytes @ 0x41002100)  returns FALSE (0001ms, 19001ms total)
T579C 3255:322 JLINK_IsHalted() -- CPU_ReadMem(4 bytes @ 0x41002100)  returns FALSE (0001ms, 19001ms total)
T579C 3255:526 JLINK_IsHalted() -- CPU_ReadMem(4 bytes @ 0x41002100)  returns FALSE (0001ms, 19001ms total)
T579C 3255:731 JLINK_IsHalted() -- CPU_ReadMem(4 bytes @ 0x41002100)  returns FALSE (0002ms, 19002ms total)
T579C 3255:935 JLINK_IsHalted() -- CPU_ReadMem(4 bytes @ 0x41002100)  returns FALSE (0000ms, 19000ms total)
T579C 3256:139 JLINK_IsHalted() -- CPU_ReadMem(4 bytes @ 0x41002100)  returns FALSE (0001ms, 19001ms total)
T579C 3256:344 JLINK_IsHalted() -- CPU_ReadMem(4 bytes @ 0x41002100)  returns FALSE (0002ms, 19002ms total)
T579C 3256:546 JLINK_IsHalted() -- CPU_ReadMem(4 bytes @ 0x41002100)  returns FALSE (0002ms, 19002ms total)
T579C 3256:751 JLINK_IsHalted() -- CPU_ReadMem(4 bytes @ 0x41002100)  returns FALSE (0001ms, 19001ms total)
T579C 3256:959 JLINK_IsHalted() -- CPU_ReadMem(4 bytes @ 0x41002100)  returns FALSE (0001ms, 19001ms total)
T579C 3257:160 JLINK_IsHalted() -- CPU_ReadMem(4 bytes @ 0x41002100)  returns FALSE (0002ms, 19002ms total)
T579C 3257:367 JLINK_IsHalted() -- CPU_ReadMem(4 bytes @ 0x41002100)  returns FALSE (0001ms, 19001ms total)
T579C 3257:569 JLINK_IsHalted() -- CPU_ReadMem(4 bytes @ 0x41002100)  returns FALSE (0001ms, 19001ms total)
T579C 3257:773 JLINK_IsHalted() -- CPU_ReadMem(4 bytes @ 0x41002100)  returns FALSE (0001ms, 19001ms total)
T579C 3257:976 JLINK_IsHalted() -- CPU_ReadMem(4 bytes @ 0x41002100)  returns FALSE (0000ms, 19000ms total)
T579C 3258:179 JLINK_IsHalted() -- CPU_ReadMem(4 bytes @ 0x41002100)  returns FALSE (0002ms, 19002ms total)
T579C 3258:386 JLINK_IsHalted() -- CPU_ReadMem(4 bytes @ 0x41002100)  returns FALSE (0001ms, 19001ms total)
T579C 3258:587 JLINK_IsHalted() -- CPU_ReadMem(4 bytes @ 0x41002100)  returns FALSE (0001ms, 19001ms total)
T579C 3258:795 JLINK_IsHalted() -- CPU_ReadMem(4 bytes @ 0x41002100)  returns FALSE (0002ms, 19002ms total)
T579C 3259:003 JLINK_IsHalted() -- CPU_ReadMem(4 bytes @ 0x41002100)  returns FALSE (0002ms, 19002ms total)
T579C 3259:208 JLINK_IsHalted() -- CPU_ReadMem(4 bytes @ 0x41002100)  returns FALSE (0001ms, 19001ms total)
T579C 3259:410 JLINK_IsHalted() -- CPU_ReadMem(4 bytes @ 0x41002100)  returns FALSE (0001ms, 19001ms total)
T579C 3259:619 JLINK_IsHalted() -- CPU_ReadMem(4 bytes @ 0x41002100)  returns FALSE (0001ms, 19001ms total)
T579C 3259:820 JLINK_IsHalted() -- CPU_ReadMem(4 bytes @ 0x41002100)  returns FALSE (0000ms, 19000ms total)
T579C 3260:021 JLINK_IsHalted() -- CPU_ReadMem(4 bytes @ 0x41002100)  returns FALSE (0001ms, 19001ms total)
T579C 3260:223 JLINK_IsHalted() -- CPU_ReadMem(4 bytes @ 0x41002100)  returns FALSE (0001ms, 19001ms total)
T579C 3260:434 JLINK_IsHalted() -- CPU_ReadMem(4 bytes @ 0x41002100)  returns FALSE (0001ms, 19001ms total)
T579C 3260:636 JLINK_IsHalted() -- CPU_ReadMem(4 bytes @ 0x41002100)  returns FALSE (0001ms, 19001ms total)
T579C 3260:838 JLINK_IsHalted() -- CPU_ReadMem(4 bytes @ 0x41002100)  returns FALSE (0002ms, 19002ms total)
T579C 3261:048 JLINK_IsHalted() -- CPU_ReadMem(4 bytes @ 0x41002100)  returns FALSE (0001ms, 19001ms total)
T579C 3261:252 JLINK_IsHalted() -- CPU_ReadMem(4 bytes @ 0x41002100)  returns FALSE (0002ms, 19002ms total)
T579C 3261:456 JLINK_IsHalted() -- CPU_ReadMem(4 bytes @ 0x41002100)  returns FALSE (0002ms, 19002ms total)
T579C 3261:661 JLINK_IsHalted() -- CPU_ReadMem(4 bytes @ 0x41002100)  returns FALSE (0001ms, 19001ms total)
T579C 3261:864 JLINK_IsHalted() -- CPU_ReadMem(4 bytes @ 0x41002100)  returns FALSE (0001ms, 19001ms total)
T579C 3262:073 JLINK_IsHalted() -- CPU_ReadMem(4 bytes @ 0x41002100)  returns FALSE (0001ms, 19001ms total)
T579C 3262:281 JLINK_IsHalted() -- CPU_ReadMem(4 bytes @ 0x41002100)  returns FALSE (0001ms, 19001ms total)
T579C 3262:483 JLINK_IsHalted() -- CPU_ReadMem(4 bytes @ 0x41002100)  returns FALSE (0001ms, 19001ms total)
T579C 3262:685 JLINK_IsHalted() -- CPU_ReadMem(4 bytes @ 0x41002100)  returns FALSE (0002ms, 19002ms total)
T579C 3262:889 JLINK_IsHalted() -- CPU_ReadMem(4 bytes @ 0x41002100)  returns FALSE (0000ms, 19000ms total)
T579C 3263:090 JLINK_IsHalted() -- CPU_ReadMem(4 bytes @ 0x41002100)  returns FALSE (0002ms, 19002ms total)
T579C 3263:296 JLINK_IsHalted() -- CPU_ReadMem(4 bytes @ 0x41002100)  returns FALSE (0002ms, 19002ms total)
T579C 3263:501 JLINK_IsHalted() -- CPU_ReadMem(4 bytes @ 0x41002100)  returns FALSE (0002ms, 19002ms total)
T579C 3263:707 JLINK_IsHalted() -- CPU_ReadMem(4 bytes @ 0x41002100)  returns FALSE (0001ms, 19001ms total)
T579C 3263:908 JLINK_IsHalted() -- CPU_ReadMem(4 bytes @ 0x41002100)  returns FALSE (0001ms, 19001ms total)
T579C 3264:115 JLINK_IsHalted() -- CPU_ReadMem(4 bytes @ 0x41002100)  returns FALSE (0001ms, 19001ms total)
T579C 3264:319 JLINK_IsHalted() -- CPU_ReadMem(4 bytes @ 0x41002100)  returns FALSE (0002ms, 19002ms total)
T579C 3264:523 JLINK_IsHalted() -- CPU_ReadMem(4 bytes @ 0x41002100)  returns FALSE (0001ms, 19001ms total)
T579C 3264:725 JLINK_IsHalted() -- CPU_ReadMem(4 bytes @ 0x41002100)  returns FALSE (0001ms, 19001ms total)
T579C 3264:926 JLINK_IsHalted() -- CPU_ReadMem(4 bytes @ 0x41002100)  returns FALSE (0002ms, 19002ms total)
T579C 3265:136 JLINK_IsHalted() -- CPU_ReadMem(4 bytes @ 0x41002100)  returns FALSE (0001ms, 19001ms total)
T579C 3265:339 JLINK_IsHalted() -- CPU_ReadMem(4 bytes @ 0x41002100)  returns FALSE (0001ms, 19001ms total)
T579C 3265:543 JLINK_IsHalted() -- CPU_ReadMem(4 bytes @ 0x41002100)  returns FALSE (0002ms, 19002ms total)
T579C 3265:750 JLINK_IsHalted() -- CPU_ReadMem(4 bytes @ 0x41002100)  returns FALSE (0002ms, 19002ms total)
T579C 3265:952 JLINK_IsHalted() -- CPU_ReadMem(4 bytes @ 0x41002100)  returns FALSE (0002ms, 19002ms total)
T579C 3266:159 JLINK_IsHalted() -- CPU_ReadMem(4 bytes @ 0x41002100)  returns FALSE (0001ms, 19001ms total)
T579C 3266:368 JLINK_IsHalted() -- CPU_ReadMem(4 bytes @ 0x41002100)  returns FALSE (0001ms, 19001ms total)
T579C 3266:571 JLINK_IsHalted() -- CPU_ReadMem(4 bytes @ 0x41002100)  returns FALSE (0002ms, 19002ms total)
T579C 3266:777 JLINK_IsHalted() -- CPU_ReadMem(4 bytes @ 0x41002100)  returns FALSE (0001ms, 19001ms total)
T579C 3266:982 JLINK_IsHalted() -- CPU_ReadMem(4 bytes @ 0x41002100)  returns FALSE (0001ms, 19001ms total)
T579C 3267:185 JLINK_IsHalted() -- CPU_ReadMem(4 bytes @ 0x41002100)  returns FALSE (0001ms, 19001ms total)
T579C 3267:393 JLINK_IsHalted() -- CPU_ReadMem(4 bytes @ 0x41002100)  returns FALSE (0002ms, 19002ms total)
T579C 3267:596 JLINK_IsHalted() -- CPU_ReadMem(4 bytes @ 0x41002100)  returns FALSE (0001ms, 19001ms total)
T579C 3267:799 JLINK_IsHalted() -- CPU_ReadMem(4 bytes @ 0x41002100)  returns FALSE (0001ms, 19001ms total)
T579C 3268:000 JLINK_IsHalted() -- CPU_ReadMem(4 bytes @ 0x41002100)  returns FALSE (0001ms, 19001ms total)
T579C 3268:204 JLINK_IsHalted() -- CPU_ReadMem(4 bytes @ 0x41002100)  returns FALSE (0002ms, 19002ms total)
T579C 3268:406 JLINK_IsHalted() -- CPU_ReadMem(4 bytes @ 0x41002100)  returns FALSE (0001ms, 19001ms total)
T0210 3268:406 
  ***** Error: Connection to emulator lost! (0062ms, 19062ms total)
T25A8 3268:593 JLINK_EMU_GetList(InterfaceMask = 0x00000001, MaxInfos = 0x00000032)   returns 0x00 (0001ms, 19001ms total)
T25A8 3268:594 JLINK_EMU_GetList(InterfaceMask = 0x00000002, MaxInfos = 0x00000032)   returns 0x00 (0071ms, 19072ms total)
T579C 3268:665 JLINK_IsHalted()  returns ERROR (0000ms, 19072ms total)
T579C 3268:869 JLINK_IsHalted()  returns ERROR (0000ms, 19072ms total)
T6108 3268:869 JLINK_ResetPullsRESET(ON) (0000ms, 19072ms total)
T6108 3268:869 JLINK_ResetNoHalt() (0001ms, 19073ms total)
T6108 3268:894 JLINK_Close() (0010ms, 19083ms total)
T6108 3268:894  (0010ms, 19083ms total)
T6108 3268:894 Closed (0010ms, 19083ms total)
