
T5A50 091:615 SEGGER J-Link V6.48a Log File (0000ms, 0211ms total)
T5A50 091:615 DLL Compiled: Jul 30 2019 15:16:09 (0000ms, 0211ms total)
T5A50 091:615 Logging started @ 2021-05-09 20:37 (0000ms, 0211ms total)
T5A50 091:626 JLINK_ExecCommand("Device = ATSAMD21G18A", ...). Device "ATSAMD21G18" selected.  returns 0x00 (0001ms, 0212ms total)
T5A50 091:670 JLINK_TIF_Select(JLINKARM_TIF_SWD)  returns 0x00 (0000ms, 0212ms total)
T5A50 091:670 JLINK_SetSpeed(4000) (0001ms, 0213ms total)
T5A50 091:671 JLINK_ResetPullsRESET(OFF) (0000ms, 0213ms total)
T5A50 091:671 JLINK_Connect()InitTarget() >0x10B TIF>Found SW-DP with ID 0x0BC11477 >0x0D TIF> >0x28 TIF> >0x0D TIF> >0x28 TIF> >0x0D TIF> >0x28 TIF> >0x0D TIF> >0x28 TIF> >0x0D TIF> >0x21 TIF> >0x0D TIF> >0x28 TIF>Scanning AP map to find all available APs >0x0D TIF> >0x28 TIF> >0x0D TIF> >0x21 TIF> >0x0D TIF> >0x21 TIF> >0x0D TIF> >0x28 TIF> >0x0D TIF> >0x21 TIF> >0x0D TIF> >0x21 TIF>AP[1]: Stopped AP scan as end of AP map has been reachedAP[0]: AHB-AP (IDR: 0x04770031)
Iterating through AP map to find AHB-AP to use >0x42 TIF> >0x28 TIF> >0x0D TIF> >0x28 TIF> >0x0D TIF> >0x21 TIF> >0x0D TIF> >0x21 TIF> >0x42 TIF> >0x28 TIF> >0x0D TIF> >0x28 TIF> >0x0D TIF> >0x28 TIF> >0x0D TIF> >0x21 TIF> >0x0D TIF> >0x21 TIF>AP[0]: Core foundAP[0]: AHB-AP ROM base: 0x41003000 >0x0D TIF> >0x28 TIF> >0x0D TIF> >0x28 TIF> >0x0D TIF> >0x28 TIF> >0x0D TIF> >0x21 TIF> >0x0D TIF> >0x21 TIF>CPUID register: 0x410CC601. Implementer code: 0x41 (ARM)Found Cortex-M0 r0p1, Little endian.
 -- Max. mem block: 0x00001338 -- CPU_ReadMem(4 bytes @ 0xE000EDF0) -- CPU_WriteMem(4 bytes @ 0xE000EDF0) -- CPU_ReadMem(4 bytes @ 0xE0002000)FPUnit: 4 code (BP) slots and 0 literal slots -- CPU_ReadMem(4 bytes @ 0xE000EDFC) -- CPU_WriteMem(4 bytes @ 0xE000EDFC) -- CPU_ReadMem(4 bytes @ 0xE0001000) -- CPU_WriteMem(4 bytes @ 0xE0001000)CoreSight components:ROMTbl[0] @ 41003000 -- CPU_ReadMem(16 bytes @ 0x41003000) -- CPU_ReadMem(16 bytes @ 0xE00FFFF0) -- CPU_ReadMem(16 bytes @ 0xE00FFFE0)
ROMTbl[0][0]: E00FF000, CID: B105100D, PID: 000BB4C0 ROM TableROMTbl[1] @ E00FF000 -- CPU_ReadMem(16 bytes @ 0xE00FF000) -- CPU_ReadMem(16 bytes @ 0xE000EFF0) -- CPU_ReadMem(16 bytes @ 0xE000EFE0)ROMTbl[1][0]: E000E000, CID: B105E00D, PID: 000BB008 SCS -- CPU_ReadMem(16 bytes @ 0xE0001FF0) -- CPU_ReadMem(16 bytes @ 0xE0001FE0)ROMTbl[1][1]: E0001000, CID: B105E00D, PID: 000BB00A DWT -- CPU_ReadMem(16 bytes @ 0xE0002FF0) -- CPU_ReadMem(16 bytes @ 0xE0002FE0)
ROMTbl[1][2]: E0002000, CID: B105E00D, PID: 000BB00B FPB -- CPU_ReadMem(16 bytes @ 0x41006FF0) -- CPU_ReadMem(16 bytes @ 0x41006FE0)ROMTbl[0][1]: 41006000, CID: B105900D, PID: 001BB932 MTB-M0+  returns 0x00 (0127ms, 0340ms total)
T5A50 091:798 JLINK_ExecCommand("ExcludeFlashCacheRange 0x0 - 0x40000", ...).   returns 0x00 (0000ms, 0340ms total)
T5A50 091:799 JLINK_Halt()  returns 0x00 (0003ms, 0343ms total)
T5A50 091:803 JLINK_JTAG_GetDeviceID(DeviceIndex = 0)  returns 0x00 (0000ms, 0343ms total)
T5A50 091:803 JLINK_ReadMemU32(0x41002018, 0x0001 Items, ...) -- CPU_ReadMem(4 bytes @ 0x41002018) - Data: 05 03 01 10  returns 1 (0001ms, 0344ms total)
T5720 091:816 JLINK_IsHalted()  returns TRUE (0000ms, 0344ms total)
T5720 091:816 JLINK_GetMOEs(...) -- CPU_ReadMem(4 bytes @ 0xE000ED30)  returns 0x01 (0001ms, 0345ms total)
T5720 091:817 JLINK_ReadReg(R15 (PC))  returns 0x0001A900 (0000ms, 0345ms total)
T5A50 091:833 JLINK_BeginDownload(Flags = 0x00) (0000ms, 0345ms total)
T5A50 091:833 JLINK_WriteMem(0x00000000, 0xCF6C Bytes, ...) - Data: D8 2C 00 20 79 69 00 00 71 6A 00 00 71 6A 00 00 ... -- Read from flash cache (53100 bytes @ 0x00000000)  returns 0xCF6C (0001ms, 0346ms total)
T5A50 091:834 JLINK_WriteMem(0x0000CF6C, 0x0094 Bytes, ...) - Data: 40 1F 00 00 08 00 00 00 07 01 00 00 30 3A 73 64 ... -- Read from flash cache (148 bytes @ 0x0000CF6C)  returns 0x94 (0000ms, 0346ms total)
T5A50 091:857 JLINK_EndDownload() -- CPU_ReadMem(4 bytes @ 0x41006004) -- CPU_ReadMem(4 bytes @ 0xE000ED90) -- -------------------------------------- -- Start of determining dirty areas in flash cache -- End of determining dirty areas -- Start of preparing flash programming -- Calculating RAM usage -- RAM usage = 3828 Bytes -- Preserving CPU registers -- Preparing memory -- Preparing target -- Downloading RAMCode -- Checking target RAM -- Preparing RAMCode -- End of preparing flash programming
 -- CPU speed could not be measured. -- Start of comparing flash -- CRC check was estimated as fastest method -- Comparing range 0x0000 - 0x7FFF (128 Sectors, 32 KB), using multi-block CRC calculation -- CRC does not match for sectors 0-1, 6, 10-11, 19-20, 34, 39, 44, 46-47, 56, 59, 92, 95-96, 102, 106, 108, 126-127 -- Comparing range 0x8000 - 0xCFFF (80 Sectors, 20 KB), using multi-block CRC calculation -- CRC does not match for sectors 0, 8, 12-13, 16, 21, 37-79
 -- Comparing range 0x0200 - 0x05FF (4 Sectors, 1024 Bytes), using alternative multi-block CRC calculation -- All CRCs match -- Comparing range 0x0700 - 0x09FF (3 Sectors, 768 Bytes), using alternative multi-block CRC calculation -- All CRCs match -- Comparing range 0x0C00 - 0x12FF (7 Sectors, 1 KB), using alternative multi-block CRC calculation -- All CRCs match -- Comparing range 0x1500 - 0x21FF (13 Sectors, 3 KB), using alternative multi-block CRC calculation -- All CRCs match
 -- Comparing range 0x2300 - 0x26FF (4 Sectors, 1024 Bytes), using alternative multi-block CRC calculation -- All CRCs match -- Comparing range 0x2800 - 0x2BFF (4 Sectors, 1024 Bytes), using alternative multi-block CRC calculation -- All CRCs match -- Comparing range 0x2D00 - 0x2DFF (1 Sector, 256 Bytes), using alternative multi-block CRC calculation -- All CRCs match -- Comparing range 0x3000 - 0x37FF (8 Sectors, 2 KB), using alternative multi-block CRC calculation -- All CRCs match
 -- Comparing range 0x3900 - 0x3AFF (2 Sectors, 512 Bytes), using alternative multi-block CRC calculation -- All CRCs match -- Comparing range 0x3C00 - 0x5BFF (32 Sectors, 8 KB), using alternative multi-block CRC calculation -- All CRCs match -- Comparing range 0x5D00 - 0x5EFF (2 Sectors, 512 Bytes), using alternative multi-block CRC calculation -- All CRCs match -- Comparing range 0x6100 - 0x65FF (5 Sectors, 1 KB), using alternative multi-block CRC calculation -- All CRCs match
 -- Comparing range 0x6700 - 0x69FF (3 Sectors, 768 Bytes), using alternative multi-block CRC calculation -- All CRCs match -- Comparing range 0x6B00 - 0x6BFF (1 Sector, 256 Bytes), using alternative multi-block CRC calculation -- All CRCs match -- Comparing range 0x6D00 - 0x7DFF (17 Sectors, 4 KB), using alternative multi-block CRC calculation -- All CRCs match -- Comparing range 0x8100 - 0x87FF (7 Sectors, 1 KB), using alternative multi-block CRC calculation -- All CRCs match
 -- Comparing range 0x8900 - 0x8BFF (3 Sectors, 768 Bytes), using alternative multi-block CRC calculation -- All CRCs match -- Comparing range 0x8E00 - 0x8FFF (2 Sectors, 512 Bytes), using alternative multi-block CRC calculation -- All CRCs match -- Comparing range 0x9100 - 0x94FF (4 Sectors, 1024 Bytes), using alternative multi-block CRC calculation -- All CRCs match -- Comparing range 0x9600 - 0xA4FF (15 Sectors, 3 KB), using alternative multi-block CRC calculation -- All CRCs match
 -- End of comparing flash -- Start of erasing sectors -- Erasing range 0x00000000 - 0x000001FF (  2 Sectors, 512 Bytes) -- Erasing range 0x00000600 - 0x000006FF (  1 Sector, 256 Bytes) -- Erasing range 0x00000A00 - 0x00000BFF (  2 Sectors, 512 Bytes) -- Erasing range 0x00001300 - 0x000014FF (  2 Sectors, 512 Bytes) -- Erasing range 0x00002200 - 0x000022FF (  1 Sector, 256 Bytes) -- Erasing range 0x00002700 - 0x000027FF (  1 Sector, 256 Bytes)
 -- Erasing range 0x00002C00 - 0x00002CFF (  1 Sector, 256 Bytes) -- Erasing range 0x00002E00 - 0x00002FFF (  2 Sectors, 512 Bytes) -- Erasing range 0x00003800 - 0x000038FF (  1 Sector, 256 Bytes) -- Erasing range 0x00003B00 - 0x00003BFF (  1 Sector, 256 Bytes) -- Erasing range 0x00005C00 - 0x00005CFF (  1 Sector, 256 Bytes) -- Erasing range 0x00005F00 - 0x000060FF (  2 Sectors, 512 Bytes) -- Erasing range 0x00006600 - 0x000066FF (  1 Sector, 256 Bytes)
 -- Erasing range 0x00006A00 - 0x00006AFF (  1 Sector, 256 Bytes) -- Erasing range 0x00006C00 - 0x00006CFF (  1 Sector, 256 Bytes) -- Erasing range 0x00007E00 - 0x000080FF (  3 Sectors, 768 Bytes) -- Erasing range 0x00008800 - 0x000088FF (  1 Sector, 256 Bytes) -- Erasing range 0x00008C00 - 0x00008DFF (  2 Sectors, 512 Bytes) -- Erasing range 0x00009000 - 0x000090FF (  1 Sector, 256 Bytes) -- Erasing range 0x00009500 - 0x000095FF (  1 Sector, 256 Bytes)
 -- Erasing range 0x0000A500 - 0x0000CEFF ( 42 Sectors, 10 KB) -- End of erasing sectors -- Start of flash programming -- Programming range 0x00000000 - 0x000001FF (  2 Sectors, 512 Bytes) -- Programming range 0x00000600 - 0x000006FF (  1 Sector, 256 Bytes) -- Programming range 0x00000A00 - 0x00000BFF (  2 Sectors, 512 Bytes) -- Programming range 0x00001300 - 0x000014FF (  2 Sectors, 512 Bytes) -- Programming range 0x00002200 - 0x000022FF (  1 Sector, 256 Bytes)
 -- Programming range 0x00002700 - 0x000027FF (  1 Sector, 256 Bytes) -- Programming range 0x00002C00 - 0x00002CFF (  1 Sector, 256 Bytes) -- Programming range 0x00002E00 - 0x00002FFF (  2 Sectors, 512 Bytes) -- Programming range 0x00003800 - 0x000038FF (  1 Sector, 256 Bytes) -- Programming range 0x00003B00 - 0x00003BFF (  1 Sector, 256 Bytes) -- Programming range 0x00005C00 - 0x00005CFF (  1 Sector, 256 Bytes) -- Programming range 0x00005F00 - 0x000060FF (  2 Sectors, 512 Bytes)
 -- Programming range 0x00006600 - 0x000066FF (  1 Sector, 256 Bytes) -- Programming range 0x00006A00 - 0x00006AFF (  1 Sector, 256 Bytes) -- Programming range 0x00006C00 - 0x00006CFF (  1 Sector, 256 Bytes) -- Programming range 0x00007E00 - 0x000080FF (  3 Sectors, 768 Bytes) -- Programming range 0x00008800 - 0x000088FF (  1 Sector, 256 Bytes) -- Programming range 0x00008C00 - 0x00008DFF (  2 Sectors, 512 Bytes) -- Programming range 0x00009000 - 0x000090FF (  1 Sector, 256 Bytes)
 -- Programming range 0x00009500 - 0x000095FF (  1 Sector, 256 Bytes) -- Programming range 0x0000A500 - 0x0000CFFF ( 43 Sectors, 10 KB) -- End of flash programming -- 0x0000 - 0x01FF (  2 Sectors, 512 Bytes) -- 0x0600 - 0x06FF (  1 Sector, 256 Bytes) -- 0x0A00 - 0x0BFF (  2 Sectors, 512 Bytes) -- 0x1300 - 0x14FF (  2 Sectors, 512 Bytes) -- 0x2200 - 0x22FF (  1 Sector, 256 Bytes) -- 0x2700 - 0x27FF (  1 Sector, 256 Bytes) -- 0x2C00 - 0x2CFF (  1 Sector, 256 Bytes)
 -- 0x2E00 - 0x2FFF (  2 Sectors, 512 Bytes) -- 0x3800 - 0x38FF (  1 Sector, 256 Bytes) -- 0x3B00 - 0x3BFF (  1 Sector, 256 Bytes) -- 0x5C00 - 0x5CFF (  1 Sector, 256 Bytes) -- 0x5F00 - 0x60FF (  2 Sectors, 512 Bytes) -- 0x6600 - 0x66FF (  1 Sector, 256 Bytes) -- 0x6A00 - 0x6AFF (  1 Sector, 256 Bytes) -- 0x6C00 - 0x6CFF (  1 Sector, 256 Bytes) -- 0x7E00 - 0x80FF (  3 Sectors, 768 Bytes) -- 0x8800 - 0x88FF (  1 Sector, 256 Bytes) -- 0x8C00 - 0x8DFF (  2 Sectors, 512 Bytes)
 -- 0x9000 - 0x90FF (  1 Sector, 256 Bytes) -- 0x9500 - 0x95FF (  1 Sector, 256 Bytes) -- 0xA500 - 0xCFFF ( 43 Sectors, 10 KB) -- Start of verifying flash -- Use CRC or checksum calculation as verify method -- Use CRC or checksum calculation as verify method -- Use CRC or checksum calculation as verify method -- Use CRC or checksum calculation as verify method -- Use CRC or checksum calculation as verify method -- Use CRC or checksum calculation as verify method
 -- Use CRC or checksum calculation as verify method -- Use CRC or checksum calculation as verify method -- Use CRC or checksum calculation as verify method -- Use CRC or checksum calculation as verify method -- Use CRC or checksum calculation as verify method -- Use CRC or checksum calculation as verify method -- Use CRC or checksum calculation as verify method -- Use CRC or checksum calculation as verify method -- Use CRC or checksum calculation as verify method
 -- Use CRC or checksum calculation as verify method -- Use CRC or checksum calculation as verify method -- Use CRC or checksum calculation as verify method -- Use CRC or checksum calculation as verify method -- Use CRC or checksum calculation as verify method -- Use CRC or checksum calculation as verify method -- End of verifying flash -- Start of restoring -- Restoring RAMCode -- Restore target -- Restore memory -- Restoring CPU registers -- End of restoring
 -- Bank 0 @ 0x00000000: 21 ranges affected (18176 bytes) -- Total time needed: 0.394s (Prepare: 0.030s, Compare: 0.102s, Erase: 0.084s, Program: 0.149s, Verify: 0.023s, Restore: 0.004s)  returns 0x4700 (0397ms, 0743ms total)
T5A50 092:254 JLINK_SetResetType(JLINKARM_CM3_RESET_TYPE_NORMAL)  returns JLINKARM_CM3_RESET_TYPE_NORMAL (0001ms, 0744ms total)
T5A50 092:255 JLINK_Reset() -- CPU_ReadMem(4 bytes @ 0x200006BC) -- CPU_WriteMem(4 bytes @ 0x200006BC) -- CPU_ReadMem(4 bytes @ 0xE000EDFC) -- CPU_WriteMem(4 bytes @ 0xE000EDFC) -- CPU_WriteMem(4 bytes @ 0xE000ED0C) -- CPU_ReadMem(4 bytes @ 0xE000EDF0) -- CPU_ReadMem(4 bytes @ 0x41002100) -- CPU_WriteMem(4 bytes @ 0x41002100) -- CPU_ReadMem(4 bytes @ 0x41002100) -- CPU_WriteMem(4 bytes @ 0xE000EDFC) -- CPU_WriteMem(4 bytes @ 0xE0002000) -- CPU_ReadMem(4 bytes @ 0xE000EDFC)
 -- CPU_ReadMem(4 bytes @ 0xE0001000) -- CPU_WriteMem(4 bytes @ 0xE0001000) (0013ms, 0757ms total)
T0294 092:377 JLINK_Halt()  returns 0x00 (0000ms, 0757ms total)
T0294 092:377 JLINK_ReadReg(R15 (PC))  returns 0x00006978 (0000ms, 0757ms total)
T0294 092:377 JLINK_ReadReg(R13 (SP))  returns 0x20002CD8 (0000ms, 0757ms total)
T0294 092:386 JLINK_ReadMemHW(0x00006978, 0x0004 Bytes, ...) -- CPU_ReadMem(4 bytes @ 0x00006978) - Data: 80 B5 82 B0  returns 0x00 (0001ms, 0758ms total)
T0294 092:387 JLINK_ReadReg(R0)  returns 0x40001000 (0000ms, 0758ms total)
T0294 092:387 JLINK_ReadReg(R1)  returns 0x00000000 (0001ms, 0759ms total)
T0294 092:388 JLINK_ReadReg(R2)  returns 0x00000000 (0000ms, 0759ms total)
T0294 092:388 JLINK_ReadReg(R3)  returns 0x33B49E8F (0000ms, 0759ms total)
T0294 092:388 JLINK_ReadReg(R4)  returns 0x20000664 (0000ms, 0759ms total)
T0294 092:388 JLINK_ReadReg(R5)  returns 0x20000684 (0000ms, 0759ms total)
T0294 092:388 JLINK_ReadReg(R6)  returns 0x20000684 (0000ms, 0759ms total)
T0294 092:388 JLINK_ReadReg(R7)  returns 0x0001B219 (0000ms, 0759ms total)
T0294 092:388 JLINK_ReadReg(R8)  returns 0x0001B219 (0000ms, 0759ms total)
T0294 092:388 JLINK_ReadReg(R9)  returns 0xA5A5A5A5 (0000ms, 0759ms total)
T0294 092:388 JLINK_ReadReg(R10)  returns 0xA5A5A5A5 (0000ms, 0759ms total)
T0294 092:388 JLINK_ReadReg(R11)  returns 0xA5A5A5A5 (0000ms, 0759ms total)
T0294 092:388 JLINK_ReadReg(R12)  returns 0x200005D8 (0000ms, 0759ms total)
T0294 092:388 JLINK_ReadReg(R13 (SP))  returns 0x20002CD8 (0000ms, 0759ms total)
T0294 092:388 JLINK_ReadReg(R14)  returns 0x2000032F (0000ms, 0759ms total)
T0294 092:388 JLINK_ReadReg(R15 (PC))  returns 0x00006978 (0000ms, 0759ms total)
T0294 092:388 JLINK_ReadReg(XPSR)  returns 0x61000000 (0000ms, 0759ms total)
T0294 092:388 JLINK_ReadReg(MSP)  returns 0x20002CD8 (0000ms, 0759ms total)
T0294 092:388 JLINK_ReadReg(PSP)  returns 0x20000648 (0000ms, 0759ms total)
T0294 092:388 JLINK_ReadReg(PRIMASK)  returns 0x00000000 (0000ms, 0759ms total)
T0294 092:388 JLINK_ReadReg(BASEPRI)  returns 0x00000000 (0000ms, 0759ms total)
T0294 092:388 JLINK_ReadReg(FAULTMASK)  returns 0x00000000 (0000ms, 0759ms total)
T0294 092:388 JLINK_ReadReg(CONTROL)  returns 0x00000000 (0000ms, 0759ms total)
T0294 092:388 JLINK_ReadMemHW(0x00006978, 0x0002 Bytes, ...) -- CPU_ReadMem(2 bytes @ 0x00006978) - Data: 80 B5  returns 0x00 (0002ms, 0761ms total)
T5720 092:426 JLINK_IsHalted()  returns TRUE (0000ms, 0761ms total)
T0294 092:437 JLINK_ReadReg(R0)  returns 0x40001000 (0000ms, 0761ms total)
T0294 092:437 JLINK_ReadReg(R1)  returns 0x00000000 (0000ms, 0761ms total)
T0294 092:437 JLINK_ReadReg(R2)  returns 0x00000000 (0000ms, 0761ms total)
T0294 092:437 JLINK_ReadReg(R3)  returns 0x33B49E8F (0000ms, 0761ms total)
T0294 092:437 JLINK_ReadReg(R4)  returns 0x20000664 (0000ms, 0761ms total)
T0294 092:437 JLINK_ReadReg(R5)  returns 0x20000684 (0000ms, 0761ms total)
T0294 092:437 JLINK_ReadReg(R6)  returns 0x20000684 (0000ms, 0761ms total)
T0294 092:437 JLINK_ReadReg(R7)  returns 0x0001B219 (0000ms, 0761ms total)
T0294 092:437 JLINK_ReadReg(R8)  returns 0x0001B219 (0000ms, 0761ms total)
T0294 092:437 JLINK_ReadReg(R9)  returns 0xA5A5A5A5 (0000ms, 0761ms total)
T0294 092:437 JLINK_ReadReg(R10)  returns 0xA5A5A5A5 (0000ms, 0761ms total)
T0294 092:437 JLINK_ReadReg(R11)  returns 0xA5A5A5A5 (0000ms, 0761ms total)
T0294 092:437 JLINK_ReadReg(R12)  returns 0x200005D8 (0000ms, 0761ms total)
T0294 092:437 JLINK_ReadReg(R13 (SP))  returns 0x20002CD8 (0000ms, 0761ms total)
T0294 092:437 JLINK_ReadReg(R14)  returns 0x2000032F (0000ms, 0761ms total)
T0294 092:437 JLINK_ReadReg(R15 (PC))  returns 0x00006978 (0000ms, 0761ms total)
T0294 092:437 JLINK_ReadReg(XPSR)  returns 0x61000000 (0000ms, 0761ms total)
T0294 092:437 JLINK_ReadReg(MSP)  returns 0x20002CD8 (0001ms, 0762ms total)
T0294 092:438 JLINK_ReadReg(PSP)  returns 0x20000648 (0000ms, 0762ms total)
T0294 092:438 JLINK_ReadReg(PRIMASK)  returns 0x00000000 (0000ms, 0762ms total)
T0294 092:438 JLINK_ReadReg(BASEPRI)  returns 0x00000000 (0000ms, 0762ms total)
T0294 092:438 JLINK_ReadReg(FAULTMASK)  returns 0x00000000 (0000ms, 0762ms total)
T0294 092:438 JLINK_ReadReg(CONTROL)  returns 0x00000000 (0000ms, 0762ms total)
T0294 092:448 JLINK_ReadMemHW(0x00006978, 0x0004 Bytes, ...) -- CPU_ReadMem(4 bytes @ 0x00006978) - Data: 80 B5 82 B0  returns 0x00 (0000ms, 0762ms total)
T0294 092:487 JLINK_SetResetType(JLINKARM_CM3_RESET_TYPE_NORMAL)  returns JLINKARM_CM3_RESET_TYPE_NORMAL (0000ms, 0762ms total)
T0294 092:487 JLINK_Reset() -- CPU_ReadMem(4 bytes @ 0xE000EDFC) -- CPU_WriteMem(4 bytes @ 0xE000EDFC) -- CPU_WriteMem(4 bytes @ 0xE000ED0C) -- CPU_ReadMem(4 bytes @ 0xE000EDF0) -- CPU_ReadMem(4 bytes @ 0x41002100) -- CPU_WriteMem(4 bytes @ 0x41002100) -- CPU_ReadMem(4 bytes @ 0x41002100) -- CPU_WriteMem(4 bytes @ 0xE000EDFC) -- CPU_WriteMem(4 bytes @ 0xE0002000) -- CPU_ReadMem(4 bytes @ 0xE000EDFC) -- CPU_ReadMem(4 bytes @ 0xE0001000) -- CPU_WriteMem(4 bytes @ 0xE0001000) (0014ms, 0776ms total)
T5720 092:501 JLINK_IsHalted()  returns TRUE (0000ms, 0776ms total)
T5720 092:501 JLINK_GetMOEs(...) -- CPU_ReadMem(4 bytes @ 0xE000ED30)  returns 0x01 (0001ms, 0777ms total)
T5720 092:502 JLINK_ReadReg(R15 (PC))  returns 0x00006978 (0000ms, 0777ms total)
T0294 092:512 JLINK_ReadReg(R15 (PC))  returns 0x00006978 (0000ms, 0777ms total)
T0294 092:512 JLINK_ReadReg(R13 (SP))  returns 0x20002CD8 (0000ms, 0777ms total)
T0294 092:512 JLINK_ReadMemHW(0x00006978, 0x0004 Bytes, ...) -- CPU_ReadMem(4 bytes @ 0x00006978) - Data: 80 B5 82 B0  returns 0x00 (0001ms, 0778ms total)
T0294 092:535 JLINK_ReadReg(R0)  returns 0x40001000 (0000ms, 0778ms total)
T0294 092:535 JLINK_ReadReg(R1)  returns 0x00000000 (0000ms, 0778ms total)
T0294 092:535 JLINK_ReadReg(R2)  returns 0x00000000 (0000ms, 0778ms total)
T0294 092:535 JLINK_ReadReg(R3)  returns 0x33B49E8F (0000ms, 0778ms total)
T0294 092:535 JLINK_ReadReg(R4)  returns 0x20000664 (0000ms, 0778ms total)
T0294 092:535 JLINK_ReadReg(R5)  returns 0x20000684 (0000ms, 0778ms total)
T0294 092:535 JLINK_ReadReg(R6)  returns 0x20000684 (0000ms, 0778ms total)
T0294 092:535 JLINK_ReadReg(R7)  returns 0x0001B219 (0000ms, 0778ms total)
T0294 092:535 JLINK_ReadReg(R8)  returns 0x0001B219 (0000ms, 0778ms total)
T0294 092:535 JLINK_ReadReg(R9)  returns 0xA5A5A5A5 (0000ms, 0778ms total)
T0294 092:535 JLINK_ReadReg(R10)  returns 0xA5A5A5A5 (0000ms, 0778ms total)
T0294 092:535 JLINK_ReadReg(R11)  returns 0xA5A5A5A5 (0000ms, 0778ms total)
T0294 092:535 JLINK_ReadReg(R12)  returns 0x200005D8 (0000ms, 0778ms total)
T0294 092:535 JLINK_ReadReg(R13 (SP))  returns 0x20002CD8 (0000ms, 0778ms total)
T0294 092:535 JLINK_ReadReg(R14)  returns 0x2000032F (0000ms, 0778ms total)
T0294 092:535 JLINK_ReadReg(R15 (PC))  returns 0x00006978 (0000ms, 0778ms total)
T0294 092:535 JLINK_ReadReg(XPSR)  returns 0x61000000 (0000ms, 0778ms total)
T0294 092:535 JLINK_ReadReg(MSP)  returns 0x20002CD8 (0001ms, 0779ms total)
T0294 092:536 JLINK_ReadReg(PSP)  returns 0x20000648 (0000ms, 0779ms total)
T0294 092:536 JLINK_ReadReg(PRIMASK)  returns 0x00000000 (0000ms, 0779ms total)
T0294 092:536 JLINK_ReadReg(BASEPRI)  returns 0x00000000 (0000ms, 0779ms total)
T0294 092:536 JLINK_ReadReg(FAULTMASK)  returns 0x00000000 (0000ms, 0779ms total)
T0294 092:536 JLINK_ReadReg(CONTROL)  returns 0x00000000 (0000ms, 0779ms total)
T0294 092:536 JLINK_ReadMem (0x2000032E, 0x0004 Bytes, ...) -- CPU_ReadMem(64 bytes @ 0x20000300) -- Updating C cache (64 bytes @ 0x20000300) -- Read from C cache (4 bytes @ 0x2000032E) - Data: 01 BD 70 B5  returns 0x00 (0002ms, 0781ms total)
T0294 092:538 JLINK_ReadMem (0x200001C8, 0x0002 Bytes, ...) -- CPU_ReadMem(64 bytes @ 0x200001C0) -- Updating C cache (64 bytes @ 0x200001C0) -- Read from C cache (2 bytes @ 0x200001C8) - Data: 18 98  returns 0x00 (0002ms, 0783ms total)
T0294 092:540 JLINK_ReadMem (0x200001CA, 0x0002 Bytes, ...) -- Read from C cache (2 bytes @ 0x200001CA) - Data: 46 69  returns 0x00 (0000ms, 0783ms total)
T0294 092:541 JLINK_ReadMem (0x200001CC, 0x0002 Bytes, ...) -- Read from C cache (2 bytes @ 0x200001CC) - Data: 00 2F  returns 0x00 (0000ms, 0783ms total)
T0294 092:541 JLINK_ReadMem (0x200001CE, 0x0002 Bytes, ...) -- Read from C cache (2 bytes @ 0x200001CE) - Data: 3D D5  returns 0x00 (0000ms, 0783ms total)
T0294 092:542 JLINK_ReadMem (0x2000032E, 0x0004 Bytes, ...) -- Read from C cache (4 bytes @ 0x2000032E) - Data: 01 BD 70 B5  returns 0x00 (0000ms, 0783ms total)
T0294 092:542 JLINK_ReadMem (0x200001C8, 0x0002 Bytes, ...) -- Read from C cache (2 bytes @ 0x200001C8) - Data: 18 98  returns 0x00 (0000ms, 0783ms total)
T0294 092:542 JLINK_ReadMem (0x200001CA, 0x0002 Bytes, ...) -- Read from C cache (2 bytes @ 0x200001CA) - Data: 46 69  returns 0x00 (0000ms, 0783ms total)
T0294 092:543 JLINK_ReadMem (0x200001CC, 0x0002 Bytes, ...) -- Read from C cache (2 bytes @ 0x200001CC) - Data: 00 2F  returns 0x00 (0000ms, 0783ms total)
T0294 092:543 JLINK_ReadMem (0x200001CE, 0x0002 Bytes, ...) -- Read from C cache (2 bytes @ 0x200001CE) - Data: 3D D5  returns 0x00 (0000ms, 0783ms total)
T0294 092:580 JLINK_ReadMemHW(0x0000AAC0, 0x0001 Bytes, ...) -- CPU_ReadMem(1 bytes @ 0x0000AAC0) - Data: 90  returns 0x00 (0001ms, 0784ms total)
T0294 092:624 JLINK_ReadReg(R15 (PC))  returns 0x00006978 (0000ms, 0784ms total)
T0294 092:624 JLINK_GetNumBPUnits(Type = 0xFFFFFF02)  returns 0x04 (0000ms, 0784ms total)
T0294 092:624 JLINK_SetBPEx(Addr = 0x0000AAC0, Type = 0xFFFFFFF2)  returns 0x00000001 (0000ms, 0784ms total)
T0294 092:624 JLINK_GetBPInfo(BPHandle = 1)  returns 0x00 (0000ms, 0784ms total)
T0294 092:624 JLINK_Go() -- CPU_WriteMem(4 bytes @ 0xE0002000) -- CPU_ReadMem(4 bytes @ 0xE0001000) -- CPU_WriteMem(4 bytes @ 0xE000ED30) -- CPU_WriteMem(4 bytes @ 0xE0001000) -- CPU_WriteMem(4 bytes @ 0xE0002008) -- CPU_WriteMem(4 bytes @ 0xE000200C) -- CPU_WriteMem(4 bytes @ 0xE0002010) -- CPU_WriteMem(4 bytes @ 0xE0002014) -- CPU_WriteMem(4 bytes @ 0xE0001004) (0004ms, 0788ms total)
T5720 092:628 JLINK_IsHalted() -- CPU_ReadMem(4 bytes @ 0x41002100)  returns FALSE (0001ms, 0789ms total)
T5720 092:650 JLINK_IsHalted()  returns TRUE (0004ms, 0792ms total)
T5720 092:654 JLINK_GetMOEs(...) -- CPU_ReadMem(4 bytes @ 0xE000ED30)  returns 0x01 (0001ms, 0789ms total)
T5720 092:655 JLINK_ReadReg(R15 (PC))  returns 0x0000AAC0 (0000ms, 0789ms total)
T0294 092:659 JLINK_ReadReg(R15 (PC))  returns 0x0000AAC0 (0000ms, 0789ms total)
T0294 092:659 JLINK_ReadReg(R13 (SP))  returns 0x20002CC8 (0000ms, 0789ms total)
T0294 092:659 JLINK_ReadMemHW(0x0000AAC0, 0x0004 Bytes, ...) -- CPU_ReadMem(4 bytes @ 0x0000AAC0) - Data: 90 B5 9F B0  returns 0x00 (0001ms, 0790ms total)
T5A50 092:841 JLINK_ReadMemHW(0x00000000, 0x021C Bytes, ...) -- CPU_ReadMem(540 bytes @ 0x00000000) - Data: D8 2C 00 20 79 69 00 00 71 6A 00 00 71 6A 00 00 ...  returns 0x00 (0004ms, 0794ms total)
T5720 092:856 JLINK_IsHalted()  returns TRUE (0000ms, 0794ms total)
T5A50 092:987 JLINK_ReadMemHW(0x0000021C, 0x0036 Bytes, ...) -- CPU_ReadMem(54 bytes @ 0x0000021C) - Data: 52 09 1A 70 0D 4B BB 60 0F 23 FB 18 1B 78 00 2B ...  returns 0x00 (0001ms, 0795ms total)
T5A50 093:049 JLINK_ReadMemHW(0x00000000, 0x0252 Bytes, ...) -- CPU_ReadMem(594 bytes @ 0x00000000) - Data: D8 2C 00 20 79 69 00 00 71 6A 00 00 71 6A 00 00 ...  returns 0x00 (0005ms, 0800ms total)
T5720 093:059 JLINK_IsHalted()  returns TRUE (0000ms, 0800ms total)
T5720 093:262 JLINK_IsHalted()  returns TRUE (0000ms, 0800ms total)
T5720 093:465 JLINK_IsHalted()  returns TRUE (0000ms, 0800ms total)
T5720 093:668 JLINK_IsHalted()  returns TRUE (0000ms, 0800ms total)
T5720 093:870 JLINK_IsHalted()  returns TRUE (0000ms, 0800ms total)
T5720 094:071 JLINK_IsHalted()  returns TRUE (0000ms, 0800ms total)
T5720 094:273 JLINK_IsHalted()  returns TRUE (0000ms, 0800ms total)
T5720 094:474 JLINK_IsHalted()  returns TRUE (0000ms, 0800ms total)
T0294 094:478 JLINK_WriteU32(0xE000EDFC, 0x01000000) -- CPU_WriteMem(4 bytes @ 0xE000EDFC)  returns 0 (0001ms, 0801ms total)
T0294 094:479 JLINK_ReadMem (0xE0001000, 0x0004 Bytes, ...) -- CPU_ReadMem(4 bytes @ 0xE0001000) - Data: 00 00 00 20  returns 0x00 (0000ms, 0801ms total)
T0294 094:479 JLINK_WriteU32(0xE0001000, 0x20000001)  returns 0 (0000ms, 0801ms total)
T0294 094:479 JLINK_WriteU32(0xE0001028, 0x00000100)  returns 0 (0000ms, 0801ms total)
T0294 094:479 JLINK_ReadMem (0xE0001028, 0x0004 Bytes, ...) -- CPU_WriteMem(4 bytes @ 0xE0001028) -- CPU_ReadMem(4 bytes @ 0xE0001028) - Data: 00 00 00 00  returns 0x00 (0001ms, 0802ms total)
T0294 094:480 JLINK_WriteU32(0xE0001024, 0x0000001F)  returns 0 (0000ms, 0802ms total)
T0294 094:480 JLINK_ReadMem (0xE0001024, 0x0004 Bytes, ...) -- CPU_WriteMem(4 bytes @ 0xE0001024) -- CPU_ReadMem(4 bytes @ 0xE0001024) - Data: 1F 00 00 00  returns 0x00 (0001ms, 0803ms total)
T0294 094:481 JLINK_WriteU32(0xE0001038, 0x00000100)  returns 0 (0000ms, 0803ms total)
T0294 094:481 JLINK_ReadMem (0xE0001038, 0x0004 Bytes, ...) -- CPU_WriteMem(4 bytes @ 0xE0001038) -- CPU_ReadMem(4 bytes @ 0xE0001038) - Data: 00 00 00 00  returns 0x00 (0001ms, 0804ms total)
T0294 094:482 JLINK_WriteU32(0xE0001034, 0x0000001F)  returns 0 (0000ms, 0804ms total)
T0294 094:482 JLINK_ReadMem (0xE0001034, 0x0004 Bytes, ...) -- CPU_WriteMem(4 bytes @ 0xE0001034) -- CPU_ReadMem(4 bytes @ 0xE0001034) - Data: 1F 00 00 00  returns 0x00 (0001ms, 0805ms total)
T0294 094:483 JLINK_WriteU32(0xE0001020, 0x00000000)  returns 0 (0000ms, 0805ms total)
T0294 094:483 JLINK_WriteU32(0xE0001024, 0x00000000)  returns 0 (0001ms, 0806ms total)
T0294 094:484 JLINK_WriteU32(0xE0001028, 0x00000000)  returns 0 (0000ms, 0806ms total)
T0294 094:484 JLINK_WriteU32(0xE0001030, 0x00000000)  returns 0 (0000ms, 0806ms total)
T0294 094:484 JLINK_WriteU32(0xE0001034, 0x00000000)  returns 0 (0000ms, 0806ms total)
T0294 094:484 JLINK_WriteU32(0xE0001038, 0x00000000)  returns 0 (0000ms, 0806ms total)
T0294 094:484 JLINK_GetBPInfo(BPHandle = 1)  returns 0x00 (0000ms, 0806ms total)
T0294 094:484 JLINK_ClrBPEx(BPHandle = 0x00000001)  returns 0x00 (0000ms, 0806ms total)
T0294 094:484 JLINK_ReadReg(R15 (PC))  returns 0x0000AAC0 (0000ms, 0806ms total)
T0294 094:484 JLINK_Go() -- CPU_WriteMem(4 bytes @ 0xE0001000) -- CPU_ReadMem(4 bytes @ 0xE0001000) -- CPU_WriteMem(4 bytes @ 0xE000ED30) -- CPU_WriteMem(4 bytes @ 0xE0001000) -- CPU_WriteMem(4 bytes @ 0xE0001020) -- CPU_WriteMem(4 bytes @ 0xE0001030) -- CPU_WriteMem(4 bytes @ 0xE0001024) -- CPU_WriteMem(4 bytes @ 0xE0001034) -- CPU_WriteMem(4 bytes @ 0xE0001028) -- CPU_WriteMem(4 bytes @ 0xE0001038) -- CPU_WriteMem(4 bytes @ 0xE0002008) (0004ms, 0810ms total)
T5720 094:488 JLINK_IsHalted() -- CPU_ReadMem(4 bytes @ 0x41002100)  returns FALSE (0001ms, 0811ms total)
T5720 094:530 JLINK_IsHalted() -- CPU_ReadMem(4 bytes @ 0x41002100)  returns FALSE (0000ms, 0810ms total)
T5720 094:690 JLINK_IsHalted() -- CPU_ReadMem(4 bytes @ 0x41002100)  returns FALSE (0001ms, 0811ms total)
T5720 094:892 JLINK_IsHalted() -- CPU_ReadMem(4 bytes @ 0x41002100)  returns FALSE (0002ms, 0812ms total)
T5720 095:094 JLINK_IsHalted() -- CPU_ReadMem(4 bytes @ 0x41002100)  returns FALSE (0002ms, 0812ms total)
T5720 095:301 JLINK_IsHalted() -- CPU_ReadMem(4 bytes @ 0x41002100)  returns FALSE (0001ms, 0811ms total)
T5720 095:503 JLINK_IsHalted() -- CPU_ReadMem(4 bytes @ 0x41002100)  returns FALSE (0001ms, 0811ms total)
T5720 095:709 JLINK_IsHalted() -- CPU_ReadMem(4 bytes @ 0x41002100)  returns FALSE (0000ms, 0810ms total)
T5720 095:916 JLINK_IsHalted() -- CPU_ReadMem(4 bytes @ 0x41002100)  returns FALSE (0000ms, 0810ms total)
T5720 096:116 JLINK_IsHalted() -- CPU_ReadMem(4 bytes @ 0x41002100)  returns FALSE (0000ms, 0810ms total)
T5720 096:320 JLINK_IsHalted() -- CPU_ReadMem(4 bytes @ 0x41002100)  returns FALSE (0002ms, 0812ms total)
T5720 096:524 JLINK_IsHalted() -- CPU_ReadMem(4 bytes @ 0x41002100)  returns FALSE (0002ms, 0814ms total)
T5720 096:730 JLINK_IsHalted() -- CPU_ReadMem(4 bytes @ 0x41002100)  returns FALSE (0001ms, 0813ms total)
T5720 096:932 JLINK_IsHalted() -- CPU_ReadMem(4 bytes @ 0x41002100)  returns FALSE (0002ms, 0814ms total)
T5720 097:138 JLINK_IsHalted() -- CPU_ReadMem(4 bytes @ 0x41002100)  returns FALSE (0001ms, 0813ms total)
T5720 097:345 JLINK_IsHalted() -- CPU_ReadMem(4 bytes @ 0x41002100)  returns FALSE (0001ms, 0813ms total)
T5720 097:546 JLINK_IsHalted() -- CPU_ReadMem(4 bytes @ 0x41002100)  returns FALSE (0002ms, 0814ms total)
T5720 097:754 JLINK_IsHalted() -- CPU_ReadMem(4 bytes @ 0x41002100)  returns FALSE (0001ms, 0813ms total)
T5720 097:958 JLINK_IsHalted() -- CPU_ReadMem(4 bytes @ 0x41002100)  returns FALSE (0002ms, 0814ms total)
T5720 098:160 JLINK_IsHalted() -- CPU_ReadMem(4 bytes @ 0x41002100)  returns FALSE (0002ms, 0814ms total)
T5720 098:366 JLINK_IsHalted() -- CPU_ReadMem(4 bytes @ 0x41002100)  returns FALSE (0002ms, 0814ms total)
T5720 098:568 JLINK_IsHalted() -- CPU_ReadMem(4 bytes @ 0x41002100)  returns FALSE (0002ms, 0814ms total)
T5720 098:772 JLINK_IsHalted() -- CPU_ReadMem(4 bytes @ 0x41002100)  returns FALSE (0001ms, 0813ms total)
T5720 098:973 JLINK_IsHalted() -- CPU_ReadMem(4 bytes @ 0x41002100)  returns FALSE (0001ms, 0813ms total)
T5720 099:180 JLINK_IsHalted() -- CPU_ReadMem(4 bytes @ 0x41002100)  returns FALSE (0002ms, 0814ms total)
T5720 099:386 JLINK_IsHalted() -- CPU_ReadMem(4 bytes @ 0x41002100)  returns FALSE (0002ms, 0814ms total)
T5720 099:589 JLINK_IsHalted() -- CPU_ReadMem(4 bytes @ 0x41002100)  returns FALSE (0001ms, 0813ms total)
T5720 099:797 JLINK_IsHalted() -- CPU_ReadMem(4 bytes @ 0x41002100)  returns FALSE (0002ms, 0814ms total)
T5720 100:001 JLINK_IsHalted() -- CPU_ReadMem(4 bytes @ 0x41002100)  returns FALSE (0002ms, 0814ms total)
T5720 100:206 JLINK_IsHalted() -- CPU_ReadMem(4 bytes @ 0x41002100)  returns FALSE (0001ms, 0813ms total)
T5720 100:408 JLINK_IsHalted() -- CPU_ReadMem(4 bytes @ 0x41002100)  returns FALSE (0001ms, 0813ms total)
T5720 100:617 JLINK_IsHalted() -- CPU_ReadMem(4 bytes @ 0x41002100)  returns FALSE (0001ms, 0813ms total)
T5720 100:820 JLINK_IsHalted() -- CPU_ReadMem(4 bytes @ 0x41002100)  returns FALSE (0001ms, 0813ms total)
T5720 101:023 JLINK_IsHalted() -- CPU_ReadMem(4 bytes @ 0x41002100)  returns FALSE (0000ms, 0812ms total)
T5720 101:224 JLINK_IsHalted() -- CPU_ReadMem(4 bytes @ 0x41002100)  returns FALSE (0002ms, 0814ms total)
T5720 101:430 JLINK_IsHalted() -- CPU_ReadMem(4 bytes @ 0x41002100)  returns FALSE (0001ms, 0813ms total)
T5720 101:633 JLINK_IsHalted() -- CPU_ReadMem(4 bytes @ 0x41002100)  returns FALSE (0002ms, 0814ms total)
T5720 101:839 JLINK_IsHalted() -- CPU_ReadMem(4 bytes @ 0x41002100)  returns FALSE (0001ms, 0813ms total)
T5720 102:041 JLINK_IsHalted() -- CPU_ReadMem(4 bytes @ 0x41002100)  returns FALSE (0002ms, 0814ms total)
T5720 102:244 JLINK_IsHalted() -- CPU_ReadMem(4 bytes @ 0x41002100)  returns FALSE (0000ms, 0812ms total)
T5720 102:452 JLINK_IsHalted() -- CPU_ReadMem(4 bytes @ 0x41002100)  returns FALSE (0001ms, 0813ms total)
T5720 102:656 JLINK_IsHalted() -- CPU_ReadMem(4 bytes @ 0x41002100)  returns FALSE (0000ms, 0812ms total)
T5720 102:858 JLINK_IsHalted() -- CPU_ReadMem(4 bytes @ 0x41002100)  returns FALSE (0001ms, 0813ms total)
T5720 103:063 JLINK_IsHalted() -- CPU_ReadMem(4 bytes @ 0x41002100)  returns FALSE (0000ms, 0812ms total)
T5720 103:265 JLINK_IsHalted() -- CPU_ReadMem(4 bytes @ 0x41002100)  returns FALSE (0001ms, 0813ms total)
T5720 103:470 JLINK_IsHalted() -- CPU_ReadMem(4 bytes @ 0x41002100)  returns FALSE (0000ms, 0812ms total)
T5720 103:675 JLINK_IsHalted() -- CPU_ReadMem(4 bytes @ 0x41002100)  returns FALSE (0001ms, 0813ms total)
T5720 103:879 JLINK_IsHalted() -- CPU_ReadMem(4 bytes @ 0x41002100)  returns FALSE (0000ms, 0812ms total)
T5720 104:083 JLINK_IsHalted() -- CPU_ReadMem(4 bytes @ 0x41002100)  returns FALSE (0000ms, 0812ms total)
T5720 104:286 JLINK_IsHalted() -- CPU_ReadMem(4 bytes @ 0x41002100)  returns FALSE (0000ms, 0812ms total)
T5720 104:486 JLINK_IsHalted() -- CPU_ReadMem(4 bytes @ 0x41002100)  returns FALSE (0001ms, 0813ms total)
T5720 104:689 JLINK_IsHalted() -- CPU_ReadMem(4 bytes @ 0x41002100)  returns FALSE (0001ms, 0813ms total)
T5720 104:893 JLINK_IsHalted() -- CPU_ReadMem(4 bytes @ 0x41002100)  returns FALSE (0002ms, 0814ms total)
T5720 105:096 JLINK_IsHalted() -- CPU_ReadMem(4 bytes @ 0x41002100)  returns FALSE (0001ms, 0813ms total)
T5720 105:305 JLINK_IsHalted() -- CPU_ReadMem(4 bytes @ 0x41002100)  returns FALSE (0001ms, 0813ms total)
T5720 105:506 JLINK_IsHalted() -- CPU_ReadMem(4 bytes @ 0x41002100)  returns FALSE (0000ms, 0812ms total)
T5720 105:708 JLINK_IsHalted() -- CPU_ReadMem(4 bytes @ 0x41002100)  returns FALSE (0000ms, 0812ms total)
T5720 105:910 JLINK_IsHalted() -- CPU_ReadMem(4 bytes @ 0x41002100)  returns FALSE (0000ms, 0812ms total)
T5720 106:111 JLINK_IsHalted() -- CPU_ReadMem(4 bytes @ 0x41002100)  returns FALSE (0001ms, 0813ms total)
T5720 106:314 JLINK_IsHalted() -- CPU_ReadMem(4 bytes @ 0x41002100)  returns FALSE (0000ms, 0812ms total)
T5720 106:515 JLINK_IsHalted() -- CPU_ReadMem(4 bytes @ 0x41002100)  returns FALSE (0002ms, 0814ms total)
T5720 106:717 JLINK_IsHalted() -- CPU_ReadMem(4 bytes @ 0x41002100)  returns FALSE (0000ms, 0812ms total)
T5720 106:922 JLINK_IsHalted() -- CPU_ReadMem(4 bytes @ 0x41002100)  returns FALSE (0000ms, 0812ms total)
T5720 107:122 JLINK_IsHalted() -- CPU_ReadMem(4 bytes @ 0x41002100)  returns FALSE (0000ms, 0812ms total)
T5720 107:325 JLINK_IsHalted() -- CPU_ReadMem(4 bytes @ 0x41002100)  returns FALSE (0000ms, 0812ms total)
T5720 107:527 JLINK_IsHalted() -- CPU_ReadMem(4 bytes @ 0x41002100)  returns FALSE (0001ms, 0813ms total)
T5720 107:730 JLINK_IsHalted() -- CPU_ReadMem(4 bytes @ 0x41002100)  returns FALSE (0000ms, 0812ms total)
T5720 107:933 JLINK_IsHalted() -- CPU_ReadMem(4 bytes @ 0x41002100)  returns FALSE (0002ms, 0814ms total)
T0294 108:051 JLINK_Halt()  returns 0x00 (0003ms, 0815ms total)
T5720 108:137 JLINK_IsHalted()  returns TRUE (0000ms, 0815ms total)
T5720 108:137 JLINK_GetMOEs(...) -- CPU_ReadMem(4 bytes @ 0xE000ED30)  returns 0x01 (0000ms, 0815ms total)
T5720 108:137 JLINK_ReadReg(R15 (PC))  returns 0x00017AA0 (0000ms, 0815ms total)
T5720 108:340 JLINK_IsHalted()  returns TRUE (0000ms, 0815ms total)
T5A50 108:340 JLINK_ResetPullsRESET(ON) (0000ms, 0815ms total)
T5A50 108:340 JLINK_ResetNoHalt()InitTarget() >0x10B TIF>Found SW-DP with ID 0x0BC11477 >0x0D TIF> >0x28 TIF> >0x0D TIF> >0x28 TIF> >0x0D TIF> >0x28 TIF> >0x0D TIF> >0x28 TIF> >0x0D TIF> >0x21 TIF> >0x0D TIF> >0x28 TIF>AP map detection skipped. Manually configured AP map found.AP[0]: AHB-AP (IDR: Not set) >0x42 TIF> >0x28 TIF> >0x0D TIF> >0x28 TIF> >0x0D TIF> >0x21 TIF> >0x0D TIF> >0x21 TIF> >0x42 TIF> >0x28 TIF> >0x0D TIF> >0x28 TIF> >0x0D TIF> >0x28 TIF> >0x0D TIF> >0x21 TIF> >0x0D TIF> >0x21 TIF>
AP[0]: Core foundAP[0]: AHB-AP ROM base: 0x41003000 >0x0D TIF> >0x28 TIF> >0x0D TIF> >0x28 TIF> >0x0D TIF> >0x28 TIF> >0x0D TIF> >0x21 TIF> >0x0D TIF> >0x21 TIF>CPUID register: 0x410CC601. Implementer code: 0x41 (ARM)Found Cortex-M0 r0p1, Little endian. -- Max. mem block: 0x00001028 -- CPU_ReadMem(4 bytes @ 0xE000EDF0) -- CPU_ReadMem(4 bytes @ 0xE0002000)FPUnit: 4 code (BP) slots and 0 literal slots -- CPU_ReadMem(4 bytes @ 0xE0001000)CoreSight components:ROMTbl[0] @ 41003000
 -- CPU_ReadMem(16 bytes @ 0x41003000) -- CPU_ReadMem(16 bytes @ 0xE00FFFF0) -- CPU_ReadMem(16 bytes @ 0xE00FFFE0)ROMTbl[0][0]: E00FF000, CID: B105100D, PID: 000BB4C0 ROM TableROMTbl[1] @ E00FF000 -- CPU_ReadMem(16 bytes @ 0xE00FF000) -- CPU_ReadMem(16 bytes @ 0xE000EFF0) -- CPU_ReadMem(16 bytes @ 0xE000EFE0)ROMTbl[1][0]: E000E000, CID: B105E00D, PID: 000BB008 SCS -- CPU_WriteMem(4 bytes @ 0xE0001000) -- CPU_ReadMem(16 bytes @ 0xE0001FF0) -- CPU_ReadMem(16 bytes @ 0xE0001FE0)
ROMTbl[1][1]: E0001000, CID: B105E00D, PID: 000BB00A DWT -- CPU_ReadMem(16 bytes @ 0xE0002FF0) -- CPU_ReadMem(16 bytes @ 0xE0002FE0)ROMTbl[1][2]: E0002000, CID: B105E00D, PID: 000BB00B FPB -- CPU_ReadMem(16 bytes @ 0x41006FF0) -- CPU_ReadMem(16 bytes @ 0x41006FE0)ROMTbl[0][1]: 41006000, CID: B105900D, PID: 001BB932 MTB-M0+
                JLINK_Reset() -- CPU_ReadMem(4 bytes @ 0xE000EDFC) -- CPU_WriteMem(4 bytes @ 0xE000EDFC) -- CPU_WriteMem(4 bytes @ 0xE000ED0C) -- CPU_ReadMem(4 bytes @ 0xE000EDF0) -- CPU_ReadMem(4 bytes @ 0x41002100) -- CPU_WriteMem(4 bytes @ 0x41002100) -- CPU_ReadMem(4 bytes @ 0x41002100) -- CPU_WriteMem(4 bytes @ 0xE000EDFC) -- CPU_WriteMem(4 bytes @ 0xE0002000) -- CPU_ReadMem(4 bytes @ 0xE000EDFC) -- CPU_ReadMem(4 bytes @ 0xE0001000) -- CPU_WriteMem(4 bytes @ 0xE0001000) (0011ms, 0011ms total)
                JLINK_Go() -- CPU_ReadMem(4 bytes @ 0xE0001000) -- CPU_WriteMem(4 bytes @ 0xE0001000) -- CPU_WriteMem(4 bytes @ 0xE0002008) -- CPU_WriteMem(4 bytes @ 0xE000200C) -- CPU_WriteMem(4 bytes @ 0xE0002010) -- CPU_WriteMem(4 bytes @ 0xE0002014) -- CPU_WriteMem(4 bytes @ 0xE0001004) (0003ms, 0014ms total)
               (0136ms, 0951ms total)
T5A50 108:495 JLINK_Close() -- CPU is running -- CPU_WriteMem(4 bytes @ 0xE0002008) -- CPU is running -- CPU_WriteMem(4 bytes @ 0xE000200C) -- CPU is running -- CPU_WriteMem(4 bytes @ 0xE0002010) -- CPU is running -- CPU_WriteMem(4 bytes @ 0xE0002014) >0x0D TIF> >0x28 TIF> >0x0D TIF> >0x28 TIF> >0x0D TIF> >0x28 TIF> >0x0D TIF> >0x28 TIF> >0x0D TIF> >0x28 TIF> >0x0D TIF> >0x28 TIF> >0x0D TIF> >0x28 TIF> >0x0D TIF> >0x28 TIF> >0x0D TIF> >0x21 TIF> >0x0D TIF> >0x28 TIF> (0010ms, 0961ms total)
T5A50 108:495  (0010ms, 0961ms total)
T5A50 108:495 Closed (0010ms, 0961ms total)
