T67B4 3420:996 SEGGER J-Link V6.48a Log File (0000ms, 45433ms total)
T67B4 3420:996 DLL Compiled: Jul 30 2019 15:16:09 (0000ms, 45433ms total)
T67B4 3420:996 Logging started @ 2021-05-09 19:51 (0000ms, 45433ms total)
T67B4 3421:003 JLINK_ExecCommand("Device = ATSAMD21G18A", ...). Device "ATSAMD21G18" selected.  returns 0x00 (0001ms, 45434ms total)
T67B4 3421:062 JLINK_TIF_Select(JLINKARM_TIF_SWD)  returns 0x00 (0000ms, 45434ms total)
T67B4 3421:062 JLINK_SetSpeed(4000) (0000ms, 45434ms total)
T67B4 3421:062 JLINK_ResetPullsRESET(OFF) (0001ms, 45435ms total)
T67B4 3421:063 JLINK_Connect()InitTarget()Connect Under Reset >0x10B TIF>Found SW-DP with ID 0x0BC11477 >0x0D TIF> >0x28 TIF> >0x0D TIF> >0x28 TIF> >0x0D TIF> >0x28 TIF> >0x0D TIF> >0x28 TIF> >0x0D TIF> >0x21 TIF> >0x0D TIF> >0x28 TIF>Scanning AP map to find all available APs >0x0D TIF> >0x28 TIF> >0x0D TIF> >0x21 TIF> >0x0D TIF> >0x21 TIF> >0x0D TIF> >0x28 TIF> >0x0D TIF> >0x21 TIF> >0x0D TIF> >0x21 TIF>AP[1]: Stopped AP scan as end of AP map has been reachedAP[0]: AHB-AP (IDR: 0x04770031)
Iterating through AP map to find AHB-AP to use >0x42 TIF> >0x28 TIF> >0x0D TIF> >0x28 TIF> >0x0D TIF> >0x21 TIF> >0x0D TIF> >0x21 TIF> >0x42 TIF> >0x28 TIF> >0x0D TIF> >0x28 TIF> >0x0D TIF> >0x28 TIF> >0x0D TIF> >0x21 TIF> >0x0D TIF> >0x21 TIF>AP[0]: Core foundAP[0]: AHB-AP ROM base: 0x41003000 >0x0D TIF> >0x28 TIF> >0x0D TIF> >0x28 TIF> >0x0D TIF> >0x28 TIF> >0x0D TIF> >0x21 TIF> >0x0D TIF> >0x21 TIF>CPUID register: 0x410CC601. Implementer code: 0x41 (ARM)Found Cortex-M0 r0p1, Little endian.
 -- Max. mem block: 0x00001338 -- CPU_ReadMem(4 bytes @ 0xE000EDF0) -- CPU_ReadMem(4 bytes @ 0xE0002000)FPUnit: 4 code (BP) slots and 0 literal slots -- CPU_ReadMem(4 bytes @ 0xE000EDFC) -- CPU_ReadMem(4 bytes @ 0xE0001000) -- CPU_WriteMem(4 bytes @ 0xE0001000)CoreSight components:ROMTbl[0] @ 41003000 -- CPU_ReadMem(16 bytes @ 0x41003000) -- CPU_ReadMem(16 bytes @ 0xE00FFFF0) -- CPU_ReadMem(16 bytes @ 0xE00FFFE0)ROMTbl[0][0]: E00FF000, CID: B105100D, PID: 000BB4C0 ROM TableROMTbl[1] @ E00FF000
 -- CPU_ReadMem(16 bytes @ 0xE00FF000) -- CPU_ReadMem(16 bytes @ 0xE000EFF0) -- CPU_ReadMem(16 bytes @ 0xE000EFE0)ROMTbl[1][0]: E000E000, CID: B105E00D, PID: 000BB008 SCS -- CPU_ReadMem(16 bytes @ 0xE0001FF0) -- CPU_ReadMem(16 bytes @ 0xE0001FE0)ROMTbl[1][1]: E0001000, CID: B105E00D, PID: 000BB00A DWT -- CPU_ReadMem(16 bytes @ 0xE0002FF0) -- CPU_ReadMem(16 bytes @ 0xE0002FE0)ROMTbl[1][2]: E0002000, CID: B105E00D, PID: 000BB00B FPB -- CPU_ReadMem(16 bytes @ 0x41006FF0)
 -- CPU_ReadMem(16 bytes @ 0x41006FE0)ROMTbl[0][1]: 41006000, CID: B105900D, PID: 001BB932 MTB-M0+  returns 0x00 (0147ms, 45582ms total)
T67B4 3421:210 JLINK_ExecCommand("ExcludeFlashCacheRange 0x0 - 0x40000", ...).   returns 0x00 (0000ms, 45582ms total)
T67B4 3421:210 JLINK_Halt()  returns 0x00 (0004ms, 45586ms total)
T67B4 3421:215 JLINK_JTAG_GetDeviceID(DeviceIndex = 0)  returns 0x00 (0000ms, 45586ms total)
T67B4 3421:215 JLINK_ReadMemU32(0x41002018, 0x0001 Items, ...) -- CPU_ReadMem(4 bytes @ 0x41002018) - Data: 05 03 01 10  returns 1 (0001ms, 45587ms total)
T5948 3421:225 JLINK_IsHalted()  returns TRUE (0000ms, 45587ms total)
T5948 3421:225 JLINK_GetMOEs(...) -- CPU_ReadMem(4 bytes @ 0xE000ED30)  returns 0x01 (0000ms, 45587ms total)
T5948 3421:225 JLINK_ReadReg(R15 (PC))  returns 0x000032D4 (0000ms, 45587ms total)
T67B4 3421:250 JLINK_BeginDownload(Flags = 0x00) (0000ms, 45587ms total)
T67B4 3421:250 JLINK_WriteMem(0x00000000, 0xC1F4 Bytes, ...) - Data: D0 2C 00 20 89 5D 00 00 81 5E 00 00 81 5E 00 00 ... -- Read from flash cache (49652 bytes @ 0x00000000)  returns 0xC1F4 (0000ms, 45587ms total)
T67B4 3421:250 JLINK_WriteMem(0x0000C1F4, 0x0094 Bytes, ...) - Data: 40 1F 00 00 08 00 00 00 01 00 00 00 30 3A 73 64 ... -- Read from flash cache (148 bytes @ 0x0000C1F4)  returns 0x94 (0000ms, 45587ms total)
T67B4 3421:263 JLINK_EndDownload() -- CPU_ReadMem(4 bytes @ 0x41006004) -- CPU_ReadMem(4 bytes @ 0xE000ED90) -- -------------------------------------- -- Start of determining dirty areas in flash cache -- End of determining dirty areas -- Start of preparing flash programming -- Calculating RAM usage -- RAM usage = 3828 Bytes -- Preserving CPU registers -- Preparing memory -- Preparing target -- Downloading RAMCode
  ***** Error: 
Verification of RAMCode failed @ address 0x200002EC.
Write: 0xB510BD30 0010000C
Read: 0xA5103D30 0010000C
  ***** Error: Failed to prepare for programming.
Failed to download RAMCode! -- End of preparing flash programming  returns -1 (0024ms, 45611ms total)
T67B4 3421:287 JLINK_SetResetType(JLINKARM_CM3_RESET_TYPE_NORMAL)  returns JLINKARM_CM3_RESET_TYPE_NORMAL (0000ms, 45611ms total)
T67B4 3421:287 JLINK_Reset() -- CPU_ReadMem(4 bytes @ 0x20000000) -- CPU_WriteMem(4 bytes @ 0x20000000) -- CPU_ReadMem(4 bytes @ 0xE000EDFC) -- CPU_WriteMem(4 bytes @ 0xE000EDFC) -- CPU_WriteMem(4 bytes @ 0xE000ED0C) -- CPU_ReadMem(4 bytes @ 0xE000EDF0) -- CPU_ReadMem(4 bytes @ 0x41002100) -- CPU_WriteMem(4 bytes @ 0x41002100) -- CPU_ReadMem(4 bytes @ 0x41002100) -- CPU_WriteMem(4 bytes @ 0xE000EDFC) -- CPU_WriteMem(4 bytes @ 0xE0002000) -- CPU_ReadMem(4 bytes @ 0xE000EDFC)
 -- CPU_ReadMem(4 bytes @ 0xE0001000) -- CPU_WriteMem(4 bytes @ 0xE0001000) (0011ms, 45622ms total)
T35CC 3421:416 JLINK_Halt()  returns 0x00 (0000ms, 45622ms total)
T35CC 3421:416 JLINK_ReadReg(R15 (PC))  returns 0x000032D4 (0000ms, 45622ms total)
T35CC 3421:416 JLINK_ReadReg(R13 (SP))  returns 0x20002988 (0000ms, 45622ms total)
T35CC 3421:422 JLINK_ReadMemHW(0x000032D4, 0x0004 Bytes, ...) -- CPU_ReadMem(4 bytes @ 0x000032D4) - Data: 80 B5 82 B0  returns 0x00 (0001ms, 45623ms total)
T35CC 3421:423 JLINK_ReadReg(R0)  returns 0x200029A8 (0000ms, 45623ms total)
T35CC 3421:423 JLINK_ReadReg(R1)  returns 0x00000054 (0000ms, 45623ms total)
T35CC 3421:423 JLINK_ReadReg(R2)  returns 0x20002918 (0000ms, 45623ms total)
T35CC 3421:423 JLINK_ReadReg(R3)  returns 0x92658B85 (0000ms, 45623ms total)
T35CC 3421:423 JLINK_ReadReg(R4)  returns 0x00003BF5 (0000ms, 45623ms total)
T35CC 3421:423 JLINK_ReadReg(R5)  returns 0x200006BC (0000ms, 45623ms total)
T35CC 3421:423 JLINK_ReadReg(R6)  returns 0x00000004 (0000ms, 45623ms total)
T35CC 3421:423 JLINK_ReadReg(R7)  returns 0x200028B0 (0000ms, 45623ms total)
T35CC 3421:423 JLINK_ReadReg(R8)  returns 0xBCEB5DBF (0000ms, 45623ms total)
T35CC 3421:423 JLINK_ReadReg(R9)  returns 0x78FFCE77 (0000ms, 45623ms total)
T35CC 3421:423 JLINK_ReadReg(R10)  returns 0x4DCFAF3E (0000ms, 45623ms total)
T35CC 3421:423 JLINK_ReadReg(R11)  returns 0x7DBD7FF3 (0000ms, 45623ms total)
T35CC 3421:423 JLINK_ReadReg(R12)  returns 0x00000032 (0000ms, 45623ms total)
T35CC 3421:423 JLINK_ReadReg(R13 (SP))  returns 0x20002988 (0000ms, 45623ms total)
T35CC 3421:423 JLINK_ReadReg(R14)  returns 0xFFFFFFF9 (0000ms, 45623ms total)
T35CC 3421:423 JLINK_ReadReg(R15 (PC))  returns 0x000032D4 (0000ms, 45623ms total)
T35CC 3421:424 JLINK_ReadReg(XPSR)  returns 0x91000000 (0000ms, 45623ms total)
T35CC 3421:424 JLINK_ReadReg(MSP)  returns 0x20002988 (0000ms, 45623ms total)
T35CC 3421:424 JLINK_ReadReg(PSP)  returns 0xDE7CFEFC (0000ms, 45623ms total)
T35CC 3421:424 JLINK_ReadReg(PRIMASK)  returns 0x00000000 (0000ms, 45623ms total)
T35CC 3421:424 JLINK_ReadReg(BASEPRI)  returns 0x00000000 (0000ms, 45623ms total)
T35CC 3421:424 JLINK_ReadReg(FAULTMASK)  returns 0x00000000 (0000ms, 45623ms total)
T35CC 3421:424 JLINK_ReadReg(CONTROL)  returns 0x00000000 (0000ms, 45623ms total)
T35CC 3421:424 JLINK_ReadMemHW(0x000032D4, 0x0002 Bytes, ...) -- CPU_ReadMem(2 bytes @ 0x000032D4) - Data: 80 B5  returns 0x00 (0001ms, 45624ms total)
T5948 3421:426 JLINK_IsHalted()  returns TRUE (0000ms, 45624ms total)
T35CC 3421:486 JLINK_ReadReg(R0)  returns 0x200029A8 (0000ms, 45624ms total)
T35CC 3421:486 JLINK_ReadReg(R1)  returns 0x00000054 (0000ms, 45624ms total)
T35CC 3421:486 JLINK_ReadReg(R2)  returns 0x20002918 (0000ms, 45624ms total)
T35CC 3421:486 JLINK_ReadReg(R3)  returns 0x92658B85 (0000ms, 45624ms total)
T35CC 3421:486 JLINK_ReadReg(R4)  returns 0x00003BF5 (0000ms, 45624ms total)
T35CC 3421:486 JLINK_ReadReg(R5)  returns 0x200006BC (0000ms, 45624ms total)
T35CC 3421:486 JLINK_ReadReg(R6)  returns 0x00000004 (0000ms, 45624ms total)
T35CC 3421:486 JLINK_ReadReg(R7)  returns 0x200028B0 (0000ms, 45624ms total)
T35CC 3421:486 JLINK_ReadReg(R8)  returns 0xBCEB5DBF (0000ms, 45624ms total)
T35CC 3421:486 JLINK_ReadReg(R9)  returns 0x78FFCE77 (0000ms, 45624ms total)
T35CC 3421:486 JLINK_ReadReg(R10)  returns 0x4DCFAF3E (0000ms, 45624ms total)
T35CC 3421:486 JLINK_ReadReg(R11)  returns 0x7DBD7FF3 (0000ms, 45624ms total)
T35CC 3421:486 JLINK_ReadReg(R12)  returns 0x00000032 (0000ms, 45624ms total)
T35CC 3421:486 JLINK_ReadReg(R13 (SP))  returns 0x20002988 (0000ms, 45624ms total)
T35CC 3421:486 JLINK_ReadReg(R14)  returns 0xFFFFFFF9 (0000ms, 45624ms total)
T35CC 3421:486 JLINK_ReadReg(R15 (PC))  returns 0x000032D4 (0000ms, 45624ms total)
T35CC 3421:486 JLINK_ReadReg(XPSR)  returns 0x91000000 (0000ms, 45624ms total)
T35CC 3421:486 JLINK_ReadReg(MSP)  returns 0x20002988 (0000ms, 45624ms total)
T35CC 3421:486 JLINK_ReadReg(PSP)  returns 0xDE7CFEFC (0000ms, 45624ms total)
T35CC 3421:486 JLINK_ReadReg(PRIMASK)  returns 0x00000000 (0000ms, 45624ms total)
T35CC 3421:486 JLINK_ReadReg(BASEPRI)  returns 0x00000000 (0000ms, 45624ms total)
T35CC 3421:486 JLINK_ReadReg(FAULTMASK)  returns 0x00000000 (0000ms, 45624ms total)
T35CC 3421:486 JLINK_ReadReg(CONTROL)  returns 0x00000000 (0000ms, 45624ms total)
T35CC 3421:500 JLINK_ReadMemHW(0x000032D4, 0x0004 Bytes, ...) -- CPU_ReadMem(4 bytes @ 0x000032D4) - Data: 80 B5 82 B0  returns 0x00 (0000ms, 45624ms total)
T35CC 3421:571 JLINK_SetResetType(JLINKARM_CM3_RESET_TYPE_NORMAL)  returns JLINKARM_CM3_RESET_TYPE_NORMAL (0000ms, 45624ms total)
T35CC 3421:571 JLINK_Reset() -- CPU_ReadMem(4 bytes @ 0xE000EDFC) -- CPU_WriteMem(4 bytes @ 0xE000EDFC) -- CPU_WriteMem(4 bytes @ 0xE000ED0C) -- CPU_ReadMem(4 bytes @ 0xE000EDF0) -- CPU_ReadMem(4 bytes @ 0x41002100) -- CPU_WriteMem(4 bytes @ 0x41002100) -- CPU_ReadMem(4 bytes @ 0x41002100) -- CPU_WriteMem(4 bytes @ 0xE000EDFC) -- CPU_WriteMem(4 bytes @ 0xE0002000) -- CPU_ReadMem(4 bytes @ 0xE000EDFC) -- CPU_ReadMem(4 bytes @ 0xE0001000) -- CPU_WriteMem(4 bytes @ 0xE0001000) (0011ms, 45635ms total)
T5948 3421:582 JLINK_IsHalted()  returns TRUE (0000ms, 45635ms total)
T5948 3421:582 JLINK_GetMOEs(...)  returns 0x01 (0000ms, 45635ms total)
T5948 3421:582 JLINK_ReadReg(R15 (PC))  returns 0x000032D4 (0000ms, 45635ms total)
T35CC 3421:593 JLINK_ReadReg(R15 (PC))  returns 0x000032D4 (0000ms, 45635ms total)
T35CC 3421:593 JLINK_ReadReg(R13 (SP))  returns 0x20002988 (0000ms, 45635ms total)
T35CC 3421:593 JLINK_ReadMemHW(0x000032D4, 0x0004 Bytes, ...) -- CPU_ReadMem(4 bytes @ 0x000032D4) - Data: 80 B5 82 B0  returns 0x00 (0001ms, 45636ms total)
T35CC 3421:594 JLINK_ReadReg(R0)  returns 0x200029A8 (0000ms, 45636ms total)
T35CC 3421:594 JLINK_ReadReg(R1)  returns 0x00000054 (0000ms, 45636ms total)
T35CC 3421:594 JLINK_ReadReg(R2)  returns 0x20002918 (0000ms, 45636ms total)
T35CC 3421:594 JLINK_ReadReg(R3)  returns 0x92658B85 (0000ms, 45636ms total)
T35CC 3421:594 JLINK_ReadReg(R4)  returns 0x00003BF5 (0000ms, 45636ms total)
T35CC 3421:594 JLINK_ReadReg(R5)  returns 0x200006BC (0000ms, 45636ms total)
T35CC 3421:594 JLINK_ReadReg(R6)  returns 0x00000004 (0000ms, 45636ms total)
T35CC 3421:594 JLINK_ReadReg(R7)  returns 0x200028B0 (0000ms, 45636ms total)
T35CC 3421:594 JLINK_ReadReg(R8)  returns 0xBCEB5DBF (0000ms, 45636ms total)
T35CC 3421:594 JLINK_ReadReg(R9)  returns 0x78FFCE77 (0000ms, 45636ms total)
T35CC 3421:594 JLINK_ReadReg(R10)  returns 0x4DCFAF3E (0000ms, 45636ms total)
T35CC 3421:594 JLINK_ReadReg(R11)  returns 0x7DBD7FF3 (0000ms, 45636ms total)
T35CC 3421:594 JLINK_ReadReg(R12)  returns 0x00000032 (0000ms, 45636ms total)
T35CC 3421:594 JLINK_ReadReg(R13 (SP))  returns 0x20002988 (0000ms, 45636ms total)
T35CC 3421:594 JLINK_ReadReg(R14)  returns 0xFFFFFFF9 (0000ms, 45636ms total)
T35CC 3421:594 JLINK_ReadReg(R15 (PC))  returns 0x000032D4 (0000ms, 45636ms total)
T35CC 3421:594 JLINK_ReadReg(XPSR)  returns 0x91000000 (0000ms, 45636ms total)
T35CC 3421:594 JLINK_ReadReg(MSP)  returns 0x20002988 (0000ms, 45636ms total)
T35CC 3421:594 JLINK_ReadReg(PSP)  returns 0xDE7CFEFC (0000ms, 45636ms total)
T35CC 3421:594 JLINK_ReadReg(PRIMASK)  returns 0x00000000 (0000ms, 45636ms total)
T35CC 3421:594 JLINK_ReadReg(BASEPRI)  returns 0x00000000 (0000ms, 45636ms total)
T35CC 3421:594 JLINK_ReadReg(FAULTMASK)  returns 0x00000000 (0000ms, 45636ms total)
T35CC 3421:594 JLINK_ReadReg(CONTROL)  returns 0x00000000 (0000ms, 45636ms total)
T35CC 3421:597 JLINK_ReadMem (0x20002880, 0x0040 Bytes, ...) -- CPU_ReadMem(64 bytes @ 0x20002880) -- Updating C cache (64 bytes @ 0x20002880) -- Read from C cache (64 bytes @ 0x20002880) - Data: 88 28 00 20 13 20 00 00 90 28 00 20 D5 14 00 04 ...  returns 0x00 (0001ms, 45637ms total)
T35CC 3421:646 JLINK_ReadMem (0x200028C0, 0x0040 Bytes, ...) -- CPU_ReadMem(64 bytes @ 0x200028C0) -- Updating C cache (64 bytes @ 0x200028C0) -- Read from C cache (64 bytes @ 0x200028C0) - Data: 18 29 00 20 85 8B 65 12 32 00 00 00 C1 02 00 00 ...  returns 0x00 (0002ms, 45639ms total)
T35CC 3421:661 JLINK_ReadMemHW(0x000002C0, 0x0004 Bytes, ...) -- CPU_ReadMem(4 bytes @ 0x000002C0) - Data: BB 1D 1B 78  returns 0x00 (0000ms, 45639ms total)
T35CC 3421:676 JLINK_ReadMemHW(0x00000000, 0x0040 Bytes, ...) -- CPU_ReadMem(64 bytes @ 0x00000000) - Data: 88 29 00 20 D5 32 00 00 CD 33 00 00 CD 33 00 00 ...  returns 0x00 (0001ms, 45640ms total)
T35CC 3421:690 JLINK_ReadMemHW(0x00009E18, 0x0001 Bytes, ...) -- CPU_ReadMem(1 bytes @ 0x00009E18) - Data: 19  returns 0x00 (0001ms, 45641ms total)
T35CC 3421:766 JLINK_ReadReg(R15 (PC))  returns 0x000032D4 (0000ms, 45641ms total)
T35CC 3421:766 JLINK_GetNumBPUnits(Type = 0xFFFFFF02)  returns 0x04 (0000ms, 45641ms total)
T35CC 3421:766 JLINK_SetBPEx(Addr = 0x00009E18, Type = 0xFFFFFFF2)  returns 0x00000001 (0000ms, 45641ms total)
T35CC 3421:766 JLINK_GetBPInfo(BPHandle = 1)  returns 0x00 (0000ms, 45641ms total)
T35CC 3421:767 JLINK_Go() -- CPU_WriteMem(4 bytes @ 0xE0002000) -- CPU_ReadMem(4 bytes @ 0xE0001000) -- CPU_WriteMem(4 bytes @ 0xE000ED30) -- CPU_WriteMem(4 bytes @ 0xE0001000) -- CPU_WriteMem(4 bytes @ 0xE0002008) -- CPU_WriteMem(4 bytes @ 0xE000200C) -- CPU_WriteMem(4 bytes @ 0xE0002010) -- CPU_WriteMem(4 bytes @ 0xE0002014) -- CPU_WriteMem(4 bytes @ 0xE0001004) (0004ms, 45645ms total)
T5948 3421:771 JLINK_IsHalted() -- CPU_ReadMem(4 bytes @ 0x41002100)  returns FALSE (0001ms, 45646ms total)
T5948 3421:792 JLINK_IsHalted() -- CPU_ReadMem(4 bytes @ 0x41002100)  returns FALSE (0000ms, 45645ms total)
T5948 3421:875 JLINK_IsHalted() -- CPU_ReadMem(4 bytes @ 0x41002100)  returns FALSE (0000ms, 45645ms total)
T5948 3422:080 JLINK_IsHalted() -- CPU_ReadMem(4 bytes @ 0x41002100)  returns FALSE (0000ms, 45645ms total)
T5948 3422:281 JLINK_IsHalted() -- CPU_ReadMem(4 bytes @ 0x41002100)  returns FALSE (0001ms, 45646ms total)
T5948 3422:484 JLINK_IsHalted() -- CPU_ReadMem(4 bytes @ 0x41002100)  returns FALSE (0002ms, 45647ms total)
T5948 3422:687 JLINK_IsHalted() -- CPU_ReadMem(4 bytes @ 0x41002100)  returns FALSE (0001ms, 45646ms total)
T5948 3422:889 JLINK_IsHalted() -- CPU_ReadMem(4 bytes @ 0x41002100)  returns FALSE (0002ms, 45647ms total)
T5948 3423:092 JLINK_IsHalted() -- CPU_ReadMem(4 bytes @ 0x41002100)  returns FALSE (0001ms, 45646ms total)
T5948 3423:294 JLINK_IsHalted() -- CPU_ReadMem(4 bytes @ 0x41002100)  returns FALSE (0001ms, 45646ms total)
T5948 3423:499 JLINK_IsHalted() -- CPU_ReadMem(4 bytes @ 0x41002100)  returns FALSE (0002ms, 45647ms total)
T5948 3423:704 JLINK_IsHalted() -- CPU_ReadMem(4 bytes @ 0x41002100)  returns FALSE (0001ms, 45646ms total)
T5948 3423:905 JLINK_IsHalted()Connection to device lost. Trying to reconnect to target. >0x10B TIF> >0x10F TIF> >0x10B TIF> >0x10F TIF> >0x10B TIF>Found SW-DP with ID 0x0BC11477 >0x0D TIF> >0x28 TIF> >0x0D TIF> >0x28 TIF>SWD speed too high. Reduced from 4000 kHz to 2700 kHz for stability -- CPU_ReadMem(4 bytes @ 0x41002100) -- CPU is running -- CPU_WriteMem(4 bytes @ 0x41002100)  returns FALSE (0114ms, 45759ms total)
T5948 3424:221 JLINK_IsHalted() -- CPU_ReadMem(4 bytes @ 0x41002100)  returns FALSE (0002ms, 45647ms total)
T5948 3424:423 JLINK_IsHalted() -- CPU_ReadMem(4 bytes @ 0x41002100)  returns FALSE (0002ms, 45647ms total)
T5948 3424:627 JLINK_IsHalted() -- CPU_ReadMem(4 bytes @ 0x41002100)  returns FALSE (0002ms, 45647ms total)
T5948 3424:829 JLINK_IsHalted() -- CPU_ReadMem(4 bytes @ 0x41002100)  returns FALSE (0002ms, 45647ms total)
T5948 3425:036 JLINK_IsHalted() -- CPU_ReadMem(4 bytes @ 0x41002100)  returns FALSE (0001ms, 45646ms total)
T5948 3425:238 JLINK_IsHalted() -- CPU_ReadMem(4 bytes @ 0x41002100)  returns FALSE (0000ms, 45645ms total)
T5948 3425:439 JLINK_IsHalted() -- CPU_ReadMem(4 bytes @ 0x41002100)  returns FALSE (0000ms, 45645ms total)
T5948 3425:641 JLINK_IsHalted() -- CPU_ReadMem(4 bytes @ 0x41002100)  returns FALSE (0002ms, 45647ms total)
T5948 3425:848 JLINK_IsHalted() -- CPU_ReadMem(4 bytes @ 0x41002100)  returns FALSE (0002ms, 45647ms total)
T5948 3426:050 JLINK_IsHalted()Connection to device lost. Trying to reconnect to target. >0x10B TIF> >0x10F TIF> >0x10B TIF> >0x10F TIF> >0x10B TIF>Found SW-DP with ID 0x0BC11477 >0x0D TIF> >0x28 TIF> >0x0D TIF> >0x28 TIF>SWD speed too high. Reduced from 2667 kHz to 1800 kHz for stability -- CPU_ReadMem(4 bytes @ 0x41002100) -- CPU is running -- CPU_WriteMem(4 bytes @ 0x41002100)  returns FALSE (0113ms, 45758ms total)
T5948 3426:366 JLINK_IsHalted() -- CPU_ReadMem(4 bytes @ 0x41002100)  returns FALSE (0001ms, 45646ms total)
T5948 3426:571 JLINK_IsHalted() -- CPU_ReadMem(4 bytes @ 0x41002100)  returns FALSE (0001ms, 45646ms total)
T5948 3426:773 JLINK_IsHalted() -- CPU_ReadMem(4 bytes @ 0x41002100)  returns FALSE (0002ms, 45647ms total)
T5948 3426:980 JLINK_IsHalted() -- CPU_ReadMem(4 bytes @ 0x41002100)  returns FALSE (0002ms, 45647ms total)
T5948 3427:183 JLINK_IsHalted() -- CPU_ReadMem(4 bytes @ 0x41002100)  returns FALSE (0001ms, 45646ms total)
T5948 3427:391 JLINK_IsHalted() -- CPU_ReadMem(4 bytes @ 0x41002100)  returns FALSE (0001ms, 45646ms total)
T5948 3427:592 JLINK_IsHalted() -- CPU_ReadMem(4 bytes @ 0x41002100)  returns FALSE (0001ms, 45647ms total)
T5948 3427:794 JLINK_IsHalted() -- CPU_ReadMem(4 bytes @ 0x41002100)  returns FALSE (0001ms, 45647ms total)
T5948 3427:997 JLINK_IsHalted() -- CPU_ReadMem(4 bytes @ 0x41002100)  returns FALSE (0001ms, 45647ms total)
T5948 3428:205 JLINK_IsHalted()Connection to device lost. Trying to reconnect to target. >0x10B TIF> >0x10F TIF> >0x10B TIF> >0x10F TIF> >0x10B TIF>Found SW-DP with ID 0x0BC11477 >0x0D TIF> >0x28 TIF> >0x0D TIF> >0x28 TIF>SWD speed too high. Reduced from 1778 kHz to 1199 kHz for stability -- CPU_ReadMem(4 bytes @ 0x41002100) -- CPU is running -- CPU_WriteMem(4 bytes @ 0x41002100)  returns FALSE (0114ms, 45760ms total)
T5948 3428:523 JLINK_IsHalted() -- CPU_ReadMem(4 bytes @ 0x41002100)  returns FALSE (0001ms, 45647ms total)
T5948 3428:725 JLINK_IsHalted() -- CPU_ReadMem(4 bytes @ 0x41002100)  returns FALSE (0002ms, 45648ms total)
T5948 3428:928 JLINK_IsHalted() -- CPU_ReadMem(4 bytes @ 0x41002100)  returns FALSE (0002ms, 45648ms total)
T5948 3429:131 JLINK_IsHalted() -- CPU_ReadMem(4 bytes @ 0x41002100)  returns FALSE (0002ms, 45648ms total)
T5948 3429:339 JLINK_IsHalted() -- CPU_ReadMem(4 bytes @ 0x41002100)  returns FALSE (0002ms, 45648ms total)
T5948 3429:542 JLINK_IsHalted() -- CPU_ReadMem(4 bytes @ 0x41002100)  returns FALSE (0002ms, 45648ms total)
T5948 3429:747 JLINK_IsHalted() -- CPU_ReadMem(4 bytes @ 0x41002100)  returns FALSE (0001ms, 45647ms total)
T5948 3429:949 JLINK_IsHalted() -- CPU_ReadMem(4 bytes @ 0x41002100)  returns FALSE (0002ms, 45648ms total)
T5948 3430:153 JLINK_IsHalted() -- CPU_ReadMem(4 bytes @ 0x41002100)  returns FALSE (0002ms, 45648ms total)
T5948 3430:357 JLINK_IsHalted()Connection to device lost. Trying to reconnect to target. >0x10B TIF> >0x10F TIF> >0x10B TIF> >0x10F TIF> >0x10B TIF>Found SW-DP with ID 0x0BC11477 >0x0D TIF> >0x28 TIF> >0x0D TIF> >0x28 TIF>SWD speed too high. Reduced from 1186 kHz to 800 kHz for stability -- CPU_ReadMem(4 bytes @ 0x41002100) -- CPU is running -- CPU_WriteMem(4 bytes @ 0x41002100)  returns FALSE (0118ms, 45764ms total)
T5948 3430:677 JLINK_IsHalted() -- CPU_ReadMem(4 bytes @ 0x41002100)  returns FALSE (0001ms, 45647ms total)
T5948 3430:879 JLINK_IsHalted() -- CPU_ReadMem(4 bytes @ 0x41002100)  returns FALSE (0002ms, 45648ms total)
T5948 3431:082 JLINK_IsHalted() -- CPU_ReadMem(4 bytes @ 0x41002100)  returns FALSE (0003ms, 45649ms total)
T5948 3431:286 JLINK_IsHalted() -- CPU_ReadMem(4 bytes @ 0x41002100)  returns FALSE (0002ms, 45648ms total)
T5948 3431:491 JLINK_IsHalted() -- CPU_ReadMem(4 bytes @ 0x41002100)  returns FALSE (0001ms, 45647ms total)
T5948 3431:693 JLINK_IsHalted() -- CPU_ReadMem(4 bytes @ 0x41002100)  returns FALSE (0002ms, 45648ms total)
T5948 3431:897 JLINK_IsHalted() -- CPU_ReadMem(4 bytes @ 0x41002100)  returns FALSE (0001ms, 45647ms total)
T5948 3432:098 JLINK_IsHalted() -- CPU_ReadMem(4 bytes @ 0x41002100)  returns FALSE (0003ms, 45649ms total)
T5948 3432:306 JLINK_IsHalted() -- CPU_ReadMem(4 bytes @ 0x41002100)  returns FALSE (0002ms, 45648ms total)
T5948 3432:508 JLINK_IsHalted()Connection to device lost. Trying to reconnect to target. >0x10B TIF> >0x10F TIF> >0x10B TIF> >0x10F TIF> -- CPU_ReadMem(4 bytes @ 0x41002100) -- CPU is running -- CPU_WriteMem(4 bytes @ 0x41002100)  returns FALSE (0119ms, 45765ms total)
T5948 3432:829 JLINK_IsHalted() -- CPU_ReadMem(4 bytes @ 0x41002100)  returns FALSE (0002ms, 45648ms total)
T5948 3433:032 JLINK_IsHalted() -- CPU_ReadMem(4 bytes @ 0x41002100)  returns FALSE (0002ms, 45648ms total)
T5948 3433:240 JLINK_IsHalted() -- CPU_ReadMem(4 bytes @ 0x41002100)  returns FALSE (0002ms, 45648ms total)
T5948 3433:445 JLINK_IsHalted() -- CPU_ReadMem(4 bytes @ 0x41002100)  returns FALSE (0001ms, 45649ms total)
T35CC 3433:462 JLINK_Halt()  returns 0x00 (0008ms, 45657ms total)
T5948 3433:646 JLINK_IsHalted()  returns TRUE (0000ms, 45657ms total)
T5948 3433:646 JLINK_GetMOEs(...) -- CPU_ReadMem(4 bytes @ 0xE000ED30)  returns 0x01 (0000ms, 45657ms total)
T5948 3433:646 JLINK_ReadReg(R15 (PC))  returns 0x00002924 (0000ms, 45657ms total)
T35CC 3433:649 JLINK_ReadReg(R15 (PC))  returns 0x00002924 (0000ms, 45657ms total)
T35CC 3433:649 JLINK_ReadReg(R13 (SP))  returns 0x20002820 (0000ms, 45657ms total)
T35CC 3433:670 JLINK_ReadMemHW(0x00002924, 0x0004 Bytes, ...) -- CPU_ReadMem(4 bytes @ 0x00002924) - Data: D3 18 1B 68  returns 0x00 (0001ms, 45658ms total)
T35CC 3433:671 JLINK_ReadReg(R0)  returns 0x00000005 (0000ms, 45658ms total)
T35CC 3433:671 JLINK_ReadReg(R1)  returns 0x00000002 (0000ms, 45658ms total)
T35CC 3433:671 JLINK_ReadReg(R2)  returns 0x00000014 (0000ms, 45658ms total)
T35CC 3433:671 JLINK_ReadReg(R3)  returns 0x0000480C (0000ms, 45658ms total)
T35CC 3433:671 JLINK_ReadReg(R4)  returns 0x00003BF5 (0000ms, 45658ms total)
T35CC 3433:671 JLINK_ReadReg(R5)  returns 0x200006BC (0000ms, 45658ms total)
T35CC 3433:671 JLINK_ReadReg(R6)  returns 0x00000004 (0000ms, 45658ms total)
T35CC 3433:671 JLINK_ReadReg(R7)  returns 0x20002820 (0000ms, 45658ms total)
T35CC 3433:671 JLINK_ReadReg(R8)  returns 0xBCEB5DBF (0000ms, 45658ms total)
T35CC 3433:671 JLINK_ReadReg(R9)  returns 0x78FFCE77 (0000ms, 45658ms total)
T35CC 3433:671 JLINK_ReadReg(R10)  returns 0x4DCFAF3E (0000ms, 45658ms total)
T35CC 3433:671 JLINK_ReadReg(R11)  returns 0x7DBD7FF3 (0000ms, 45658ms total)
T35CC 3433:671 JLINK_ReadReg(R12)  returns 0x00000032 (0000ms, 45658ms total)
T35CC 3433:671 JLINK_ReadReg(R13 (SP))  returns 0x20002820 (0001ms, 45659ms total)
T35CC 3433:672 JLINK_ReadReg(R14)  returns 0x00002A41 (0000ms, 45659ms total)
T35CC 3433:672 JLINK_ReadReg(R15 (PC))  returns 0x00002924 (0000ms, 45659ms total)
T35CC 3433:672 JLINK_ReadReg(XPSR)  returns 0x01000000 (0000ms, 45659ms total)
T35CC 3433:672 JLINK_ReadReg(MSP)  returns 0x20002820 (0000ms, 45659ms total)
T35CC 3433:672 JLINK_ReadReg(PSP)  returns 0xDE7CFEFC (0000ms, 45659ms total)
T35CC 3433:672 JLINK_ReadReg(PRIMASK)  returns 0x00000000 (0000ms, 45659ms total)
T35CC 3433:672 JLINK_ReadReg(BASEPRI)  returns 0x00000000 (0000ms, 45659ms total)
T35CC 3433:672 JLINK_ReadReg(FAULTMASK)  returns 0x00000000 (0000ms, 45659ms total)
T35CC 3433:672 JLINK_ReadReg(CONTROL)  returns 0x00000000 (0000ms, 45659ms total)
T35CC 3433:674 JLINK_ReadMem (0x20002800, 0x0040 Bytes, ...) -- CPU_ReadMem(64 bytes @ 0x20002800) -- Updating C cache (64 bytes @ 0x20002800) -- Read from C cache (64 bytes @ 0x20002800) - Data: 02 00 00 00 00 00 00 00 10 28 00 20 8D 2F 00 00 ...  returns 0x00 (0002ms, 45661ms total)
T35CC 3433:703 JLINK_ReadMemHW(0x00002A40, 0x0004 Bytes, ...) -- CPU_ReadMem(4 bytes @ 0x00002A40) - Data: 03 00 1A 00  returns 0x00 (0001ms, 45662ms total)
T35CC 3433:707 JLINK_ReadMem (0x20002840, 0x0040 Bytes, ...) -- CPU_ReadMem(64 bytes @ 0x20002840) -- Updating C cache (64 bytes @ 0x20002840) -- Read from C cache (64 bytes @ 0x20002840) - Data: 58 09 00 20 1C 01 01 00 58 09 00 20 1C 01 00 20 ...  returns 0x00 (0002ms, 45664ms total)
T35CC 3433:709 JLINK_ReadMem (0x2000011C, 0x0004 Bytes, ...) -- CPU_ReadMem(64 bytes @ 0x20000100) -- Updating C cache (64 bytes @ 0x20000100) -- Read from C cache (4 bytes @ 0x2000011C) - Data: 00 00 00 00  returns 0x00 (0003ms, 45667ms total)
T35CC 3433:712 JLINK_ReadMem (0x200000EC, 0x0004 Bytes, ...) -- CPU_ReadMem(64 bytes @ 0x200000C0) -- Updating C cache (64 bytes @ 0x200000C0) -- Read from C cache (4 bytes @ 0x200000EC) - Data: 00 00 00 00  returns 0x00 (0003ms, 45670ms total)
T35CC 3433:716 JLINK_ReadMem (0x2000011C, 0x0004 Bytes, ...) -- Read from C cache (4 bytes @ 0x2000011C) - Data: 00 00 00 00  returns 0x00 (0000ms, 45670ms total)
T35CC 3433:716 JLINK_ReadMem (0x200000EC, 0x0004 Bytes, ...) -- Read from C cache (4 bytes @ 0x200000EC) - Data: 00 00 00 00  returns 0x00 (0000ms, 45670ms total)
T5948 3433:853 JLINK_IsHalted()  returns TRUE (0000ms, 45670ms total)
T5948 3434:056 JLINK_IsHalted()  returns TRUE (0000ms, 45670ms total)
T5948 3434:261 JLINK_IsHalted()  returns TRUE (0000ms, 45670ms total)
T5948 3434:462 JLINK_IsHalted()  returns TRUE (0000ms, 45670ms total)
T67B4 3434:551 JLINK_ReadMemHW(0x00000000, 0x01CE Bytes, ...) -- CPU_ReadMem(462 bytes @ 0x00000000) - Data: 88 29 00 20 D5 32 00 00 CD 33 00 00 CD 33 00 00 ...  returns 0x00 (0009ms, 45679ms total)
T67B4 3434:623 JLINK_ReadMemHW(0x000001CE, 0x0084 Bytes, ...) -- CPU_ReadMem(132 bytes @ 0x000001CE) - Data: 00 00 80 B5 00 AF 03 4B 1B 68 5A 1C 02 4B 1A 60 ...  returns 0x00 (0003ms, 45682ms total)
T67B4 3434:632 JLINK_ReadMemHW(0x00000252, 0x00BD Bytes, ...) -- CPU_ReadMem(189 bytes @ 0x00000252) - Data: 1A 70 FB 1D 1B 78 18 00 03 4B 98 47 03 00 18 00 ...  returns 0x00 (0005ms, 45687ms total)
T5948 3434:663 JLINK_IsHalted()  returns TRUE (0000ms, 45687ms total)
T5948 3434:868 JLINK_IsHalted()  returns TRUE (0000ms, 45687ms total)
T5948 3435:070 JLINK_IsHalted()  returns TRUE (0000ms, 45687ms total)
T5948 3435:270 JLINK_IsHalted()  returns TRUE (0000ms, 45687ms total)
T5948 3435:477 JLINK_IsHalted()  returns TRUE (0000ms, 45687ms total)
T5948 3435:678 JLINK_IsHalted()  returns TRUE (0000ms, 45687ms total)
T5948 3435:879 JLINK_IsHalted()  returns TRUE (0001ms, 45688ms total)
T5948 3436:081 JLINK_IsHalted()  returns TRUE (0000ms, 45687ms total)
T5948 3436:281 JLINK_IsHalted()  returns TRUE (0000ms, 45687ms total)
T5948 3436:482 JLINK_IsHalted()  returns TRUE (0001ms, 45688ms total)
T5948 3436:683 JLINK_IsHalted()  returns TRUE (0000ms, 45687ms total)
T5948 3436:885 JLINK_IsHalted()  returns TRUE (0000ms, 45687ms total)
T5948 3437:090 JLINK_IsHalted()  returns TRUE (0001ms, 45688ms total)
T5948 3437:299 JLINK_IsHalted()  returns TRUE (0000ms, 45687ms total)
T5948 3437:499 JLINK_IsHalted()  returns TRUE (0000ms, 45687ms total)
T5948 3437:700 JLINK_IsHalted()  returns TRUE (0001ms, 45688ms total)
T5948 3437:903 JLINK_IsHalted()  returns TRUE (0000ms, 45687ms total)
T5948 3438:104 JLINK_IsHalted()  returns TRUE (0000ms, 45687ms total)
T5948 3438:305 JLINK_IsHalted()  returns TRUE (0001ms, 45688ms total)
T5948 3438:512 JLINK_IsHalted()  returns TRUE (0000ms, 45687ms total)
T5948 3438:712 JLINK_IsHalted()  returns TRUE (0000ms, 45687ms total)
T5948 3438:913 JLINK_IsHalted()  returns TRUE (0001ms, 45688ms total)
T5948 3439:117 JLINK_IsHalted()  returns TRUE (0000ms, 45687ms total)
T5948 3439:317 JLINK_IsHalted()  returns TRUE (0000ms, 45687ms total)
T5948 3439:518 JLINK_IsHalted()  returns TRUE (0000ms, 45687ms total)
T5948 3439:720 JLINK_IsHalted()  returns TRUE (0000ms, 45687ms total)
T5948 3439:921 JLINK_IsHalted()  returns TRUE (0000ms, 45687ms total)
T5948 3440:122 JLINK_IsHalted()  returns TRUE (0001ms, 45688ms total)
T5948 3440:323 JLINK_IsHalted()  returns TRUE (0000ms, 45687ms total)
T5948 3440:526 JLINK_IsHalted()  returns TRUE (0000ms, 45687ms total)
T5948 3440:726 JLINK_IsHalted()  returns TRUE (0001ms, 45688ms total)
T5948 3440:928 JLINK_IsHalted()  returns TRUE (0000ms, 45687ms total)
T5948 3441:129 JLINK_IsHalted()  returns TRUE (0000ms, 45687ms total)
T5948 3441:331 JLINK_IsHalted()  returns TRUE (0001ms, 45688ms total)
T35CC 3441:412 JLINK_WriteU32(0xE000EDFC, 0x01000000) -- CPU_WriteMem(4 bytes @ 0xE000EDFC)  returns 0 (0000ms, 45687ms total)
T35CC 3441:412 JLINK_ReadMem (0xE0001000, 0x0004 Bytes, ...) -- CPU_ReadMem(4 bytes @ 0xE0001000) - Data: 00 00 00 20  returns 0x00 (0001ms, 45688ms total)
T35CC 3441:413 JLINK_WriteU32(0xE0001000, 0x20000001)  returns 0 (0000ms, 45688ms total)
T35CC 3441:413 JLINK_WriteU32(0xE0001028, 0x00000100)  returns 0 (0000ms, 45688ms total)
T35CC 3441:413 JLINK_ReadMem (0xE0001028, 0x0004 Bytes, ...) -- CPU_WriteMem(4 bytes @ 0xE0001028) -- CPU_ReadMem(4 bytes @ 0xE0001028) - Data: 00 00 00 00  returns 0x00 (0002ms, 45690ms total)
T35CC 3441:415 JLINK_WriteU32(0xE0001024, 0x0000001F)  returns 0 (0000ms, 45690ms total)
T35CC 3441:415 JLINK_ReadMem (0xE0001024, 0x0004 Bytes, ...) -- CPU_WriteMem(4 bytes @ 0xE0001024) -- CPU_ReadMem(4 bytes @ 0xE0001024) - Data: 1F 00 00 00  returns 0x00 (0001ms, 45691ms total)
T35CC 3441:416 JLINK_WriteU32(0xE0001038, 0x00000100)  returns 0 (0000ms, 45691ms total)
T35CC 3441:416 JLINK_ReadMem (0xE0001038, 0x0004 Bytes, ...) -- CPU_WriteMem(4 bytes @ 0xE0001038) -- CPU_ReadMem(4 bytes @ 0xE0001038) - Data: 00 00 00 00  returns 0x00 (0002ms, 45693ms total)
T35CC 3441:418 JLINK_WriteU32(0xE0001034, 0x0000001F)  returns 0 (0000ms, 45693ms total)
T35CC 3441:418 JLINK_ReadMem (0xE0001034, 0x0004 Bytes, ...) -- CPU_WriteMem(4 bytes @ 0xE0001034) -- CPU_ReadMem(4 bytes @ 0xE0001034) - Data: 1F 00 00 00  returns 0x00 (0001ms, 45694ms total)
T35CC 3441:419 JLINK_WriteU32(0xE0001020, 0x00000000)  returns 0 (0000ms, 45694ms total)
T35CC 3441:419 JLINK_WriteU32(0xE0001024, 0x00000000)  returns 0 (0000ms, 45694ms total)
T35CC 3441:419 JLINK_WriteU32(0xE0001028, 0x00000000)  returns 0 (0000ms, 45694ms total)
T35CC 3441:419 JLINK_WriteU32(0xE0001030, 0x00000000)  returns 0 (0000ms, 45694ms total)
T35CC 3441:419 JLINK_WriteU32(0xE0001034, 0x00000000)  returns 0 (0000ms, 45694ms total)
T35CC 3441:419 JLINK_WriteU32(0xE0001038, 0x00000000)  returns 0 (0000ms, 45694ms total)
T35CC 3441:419 JLINK_GetBPInfo(BPHandle = 1)  returns 0x00 (0000ms, 45694ms total)
T35CC 3441:419 JLINK_ClrBPEx(BPHandle = 0x00000001)  returns 0x00 (0000ms, 45694ms total)
T35CC 3441:419 JLINK_ReadReg(R15 (PC))  returns 0x00002924 (0000ms, 45694ms total)
T35CC 3441:420 JLINK_SetBPEx(Addr = 0x00009E18, Type = 0xFFFFFFF2)  returns 0x00000002 (0000ms, 45694ms total)
T35CC 3441:420 JLINK_GetBPInfo(BPHandle = 2)  returns 0x00 (0000ms, 45694ms total)
T35CC 3441:420 JLINK_Go() -- CPU_WriteMem(4 bytes @ 0xE0002000) -- CPU_WriteMem(4 bytes @ 0xE0001000) -- CPU_ReadMem(4 bytes @ 0xE0001000) -- CPU_WriteMem(4 bytes @ 0xE000ED30) -- CPU_WriteMem(4 bytes @ 0xE0001000) -- CPU_WriteMem(4 bytes @ 0xE0001020) -- CPU_WriteMem(4 bytes @ 0xE0001030) -- CPU_WriteMem(4 bytes @ 0xE0001024) -- CPU_WriteMem(4 bytes @ 0xE0001034) -- CPU_WriteMem(4 bytes @ 0xE0001028) -- CPU_WriteMem(4 bytes @ 0xE0001038) -- CPU_WriteMem(4 bytes @ 0xE0002008)
 -- CPU_WriteMem(4 bytes @ 0xE000200C) -- CPU_WriteMem(4 bytes @ 0xE0002010) -- CPU_WriteMem(4 bytes @ 0xE0002014) (0009ms, 45703ms total)
T5948 3441:429 JLINK_IsHalted() -- CPU_ReadMem(4 bytes @ 0x41002100)  returns FALSE (0001ms, 45704ms total)
T5948 3441:450 JLINK_IsHalted()Connection to device lost. Trying to reconnect to target. >0x10B TIF> >0x10F TIF> >0x10B TIF> >0x10F TIF> -- CPU_ReadMem(4 bytes @ 0x41002100) -- CPU is running -- CPU_WriteMem(4 bytes @ 0x41002100)  returns FALSE (0118ms, 45821ms total)
T5948 3441:651 JLINK_IsHalted() -- CPU_ReadMem(4 bytes @ 0x41002100)  returns FALSE (0001ms, 45704ms total)
T5948 3441:853 JLINK_IsHalted() -- CPU_ReadMem(4 bytes @ 0x41002100)  returns FALSE (0002ms, 45705ms total)
T5948 3442:056 JLINK_IsHalted() -- CPU_ReadMem(4 bytes @ 0x41002100)  returns FALSE (0002ms, 45705ms total)
T5948 3442:262 JLINK_IsHalted() -- CPU_ReadMem(4 bytes @ 0x41002100)  returns FALSE (0000ms, 45703ms total)
T5948 3442:464 JLINK_IsHalted() -- CPU_ReadMem(4 bytes @ 0x41002100)  returns FALSE (0001ms, 45704ms total)
T5948 3442:667 JLINK_IsHalted() -- CPU_ReadMem(4 bytes @ 0x41002100)  returns FALSE (0002ms, 45705ms total)
T5948 3442:871 JLINK_IsHalted() -- CPU_ReadMem(4 bytes @ 0x41002100)  returns FALSE (0001ms, 45704ms total)
T5948 3443:074 JLINK_IsHalted() -- CPU_ReadMem(4 bytes @ 0x41002100)  returns FALSE (0002ms, 45705ms total)
T5948 3443:284 JLINK_IsHalted() -- CPU_ReadMem(4 bytes @ 0x41002100)  returns FALSE (0002ms, 45705ms total)
T5948 3443:487 JLINK_IsHalted() -- CPU_ReadMem(4 bytes @ 0x41002100)  returns FALSE (0001ms, 45704ms total)
T5948 3443:695 JLINK_IsHalted()Connection to device lost. Trying to reconnect to target. >0x10B TIF> >0x10F TIF> >0x10B TIF> >0x10F TIF> -- CPU_ReadMem(4 bytes @ 0x41002100) -- CPU is running -- CPU_WriteMem(4 bytes @ 0x41002100)  returns FALSE (0118ms, 45821ms total)
T5948 3444:017 JLINK_IsHalted() -- CPU_ReadMem(4 bytes @ 0x41002100)  returns FALSE (0002ms, 45705ms total)
T5948 3444:220 JLINK_IsHalted() -- CPU_ReadMem(4 bytes @ 0x41002100)  returns FALSE (0002ms, 45707ms total)
T5948 3444:422 JLINK_IsHalted() -- CPU_ReadMem(4 bytes @ 0x41002100)  returns FALSE (0003ms, 45708ms total)
T5948 3444:625 JLINK_IsHalted() -- CPU_ReadMem(4 bytes @ 0x41002100)  returns FALSE (0002ms, 45707ms total)
T5948 3444:829 JLINK_IsHalted() -- CPU_ReadMem(4 bytes @ 0x41002100)  returns FALSE (0002ms, 45707ms total)
T5948 3445:032 JLINK_IsHalted() -- CPU_ReadMem(4 bytes @ 0x41002100)  returns FALSE (0001ms, 45706ms total)
T5948 3445:234 JLINK_IsHalted() -- CPU_ReadMem(4 bytes @ 0x41002100)  returns FALSE (0002ms, 45707ms total)
T5948 3445:438 JLINK_IsHalted() -- CPU_ReadMem(4 bytes @ 0x41002100)  returns FALSE (0003ms, 45708ms total)
T5948 3445:641 JLINK_IsHalted() -- CPU_ReadMem(4 bytes @ 0x41002100)  returns FALSE (0001ms, 45706ms total)
T5948 3445:844 JLINK_IsHalted()Connection to device lost. Trying to reconnect to target. >0x10B TIF> >0x10F TIF> >0x10B TIF> >0x10F TIF> -- CPU_ReadMem(4 bytes @ 0x41002100) -- CPU is running -- CPU_WriteMem(4 bytes @ 0x41002100)  returns FALSE (0121ms, 45826ms total)
T5948 3446:165 JLINK_IsHalted() -- CPU_ReadMem(4 bytes @ 0x41002100)  returns FALSE (0003ms, 45708ms total)
T5948 3446:369 JLINK_IsHalted() -- CPU_ReadMem(4 bytes @ 0x41002100)  returns FALSE (0002ms, 45707ms total)
T5948 3446:573 JLINK_IsHalted() -- CPU_ReadMem(4 bytes @ 0x41002100)  returns FALSE (0002ms, 45707ms total)
T5948 3446:776 JLINK_IsHalted() -- CPU_ReadMem(4 bytes @ 0x41002100)  returns FALSE (0002ms, 45707ms total)
T5948 3446:981 JLINK_IsHalted() -- CPU_ReadMem(4 bytes @ 0x41002100)  returns FALSE (0002ms, 45707ms total)
T5948 3447:184 JLINK_IsHalted() -- CPU_ReadMem(4 bytes @ 0x41002100)  returns FALSE (0002ms, 45707ms total)
T5948 3447:387 JLINK_IsHalted() -- CPU_ReadMem(4 bytes @ 0x41002100)  returns FALSE (0002ms, 45707ms total)
T5948 3447:589 JLINK_IsHalted() -- CPU_ReadMem(4 bytes @ 0x41002100)  returns FALSE (0001ms, 45706ms total)
T5948 3447:791 JLINK_IsHalted() -- CPU_ReadMem(4 bytes @ 0x41002100)  returns FALSE (0002ms, 45707ms total)
T5948 3447:994 JLINK_IsHalted()Connection to device lost. Trying to reconnect to target. >0x10B TIF> >0x10F TIF> >0x10B TIF> >0x10F TIF> -- CPU_ReadMem(4 bytes @ 0x41002100) -- CPU is running -- CPU_WriteMem(4 bytes @ 0x41002100)  returns FALSE (0119ms, 45824ms total)
T5948 3448:319 JLINK_IsHalted() -- CPU_ReadMem(4 bytes @ 0x41002100)  returns FALSE (0001ms, 45706ms total)
T5948 3448:522 JLINK_IsHalted() -- CPU_ReadMem(4 bytes @ 0x41002100)  returns FALSE (0001ms, 45707ms total)
T5948 3448:725 JLINK_IsHalted() -- CPU_ReadMem(4 bytes @ 0x41002100)  returns FALSE (0001ms, 45707ms total)
T5948 3448:928 JLINK_IsHalted() -- CPU_ReadMem(4 bytes @ 0x41002100)  returns FALSE (0002ms, 45708ms total)
T5948 3449:133 JLINK_IsHalted() -- CPU_ReadMem(4 bytes @ 0x41002100)  returns FALSE (0001ms, 45707ms total)
T35CC 3449:260 JLINK_Halt()  returns 0x00 (0008ms, 45714ms total)
T5948 3449:335 JLINK_IsHalted()  returns TRUE (0000ms, 45714ms total)
T5948 3449:335 JLINK_GetMOEs(...) -- CPU_ReadMem(4 bytes @ 0xE000ED30)  returns 0x01 (0000ms, 45714ms total)
T5948 3449:335 JLINK_ReadReg(R15 (PC))  returns 0x00002940 (0000ms, 45714ms total)
T67B4 3449:364 JLINK_GetBPInfo(BPHandle = 2)  returns 0x00 (0000ms, 45714ms total)
T67B4 3449:364 JLINK_ClrBPEx(BPHandle = 0x00000002)  returns 0x00 (0000ms, 45714ms total)
T5948 3449:539 JLINK_IsHalted()  returns TRUE (0000ms, 45714ms total)
T67B4 3449:539 JLINK_ResetPullsRESET(ON) (0000ms, 45714ms total)
T67B4 3449:539 JLINK_ResetNoHalt()InitTarget() >0x10B TIF>Found SW-DP with ID 0x0BC11477 >0x0D TIF> >0x28 TIF> >0x0D TIF> >0x28 TIF> >0x0D TIF> >0x28 TIF> >0x0D TIF> >0x28 TIF> >0x0D TIF> >0x21 TIF> >0x0D TIF> >0x28 TIF>AP map detection skipped. Manually configured AP map found.AP[0]: AHB-AP (IDR: Not set) >0x42 TIF> >0x28 TIF> >0x0D TIF> >0x28 TIF> >0x0D TIF> >0x21 TIF> >0x0D TIF> >0x21 TIF> >0x42 TIF> >0x28 TIF> >0x0D TIF> >0x28 TIF> >0x0D TIF> >0x28 TIF> >0x0D TIF> >0x21 TIF> >0x0D TIF> >0x21 TIF>
AP[0]: Core foundAP[0]: AHB-AP ROM base: 0x41003000 >0x0D TIF> >0x28 TIF> >0x0D TIF> >0x28 TIF> >0x0D TIF> >0x28 TIF> >0x0D TIF> >0x21 TIF> >0x0D TIF> >0x21 TIF>CPUID register: 0x410CC601. Implementer code: 0x41 (ARM)Found Cortex-M0 r0p1, Little endian. -- Max. mem block: 0x00001028 -- CPU_ReadMem(4 bytes @ 0xE000EDF0) -- CPU_ReadMem(4 bytes @ 0xE0002000)FPUnit: 4 code (BP) slots and 0 literal slots -- CPU_ReadMem(4 bytes @ 0xE000EDFC) -- CPU_WriteMem(4 bytes @ 0xE000EDFC)
 -- CPU_ReadMem(4 bytes @ 0xE0001000)CoreSight components:ROMTbl[0] @ 41003000 -- CPU_ReadMem(16 bytes @ 0x41003000) -- CPU_ReadMem(16 bytes @ 0xE00FFFF0) -- CPU_ReadMem(16 bytes @ 0xE00FFFE0)ROMTbl[0][0]: E00FF000, CID: B105100D, PID: 000BB4C0 ROM TableROMTbl[1] @ E00FF000 -- CPU_ReadMem(16 bytes @ 0xE00FF000) -- CPU_ReadMem(16 bytes @ 0xE000EFF0) -- CPU_ReadMem(16 bytes @ 0xE000EFE0)ROMTbl[1][0]: E000E000, CID: B105E00D, PID: 000BB008 SCS -- CPU_WriteMem(4 bytes @ 0xE0001000)
 -- CPU_ReadMem(16 bytes @ 0xE0001FF0) -- CPU_ReadMem(16 bytes @ 0xE0001FE0)ROMTbl[1][1]: E0001000, CID: B105E00D, PID: 000BB00A DWT -- CPU_ReadMem(16 bytes @ 0xE0002FF0) -- CPU_ReadMem(16 bytes @ 0xE0002FE0)ROMTbl[1][2]: E0002000, CID: B105E00D, PID: 000BB00B FPB -- CPU_ReadMem(16 bytes @ 0x41006FF0) -- CPU_ReadMem(16 bytes @ 0x41006FE0)ROMTbl[0][1]: 41006000, CID: B105900D, PID: 001BB932 MTB-M0+
                JLINK_Reset() -- CPU_ReadMem(4 bytes @ 0xE000EDFC) -- CPU_WriteMem(4 bytes @ 0xE000EDFC) -- CPU_WriteMem(4 bytes @ 0xE000ED0C) -- CPU_ReadMem(4 bytes @ 0xE000EDF0) -- CPU_ReadMem(4 bytes @ 0x41002100) -- CPU_WriteMem(4 bytes @ 0x41002100) -- CPU_ReadMem(4 bytes @ 0x41002100) -- CPU_WriteMem(4 bytes @ 0xE000EDFC) -- CPU_WriteMem(4 bytes @ 0xE0002000) -- CPU_ReadMem(4 bytes @ 0xE000EDFC) -- CPU_ReadMem(4 bytes @ 0xE0001000) -- CPU_WriteMem(4 bytes @ 0xE0001000) (0017ms, 0017ms total)
                JLINK_Go() -- CPU_ReadMem(4 bytes @ 0xE0001000) -- CPU_WriteMem(4 bytes @ 0xE0001000) -- CPU_WriteMem(4 bytes @ 0xE0002008) -- CPU_WriteMem(4 bytes @ 0xE000200C) -- CPU_WriteMem(4 bytes @ 0xE0002010) -- CPU_WriteMem(4 bytes @ 0xE0002014) -- CPU_WriteMem(4 bytes @ 0xE0001004) (0005ms, 0022ms total)
               (0154ms, 45868ms total)
T67B4 3449:717 JLINK_Close() -- CPU is running -- CPU_WriteMem(4 bytes @ 0xE0002008) -- CPU is running -- CPU_WriteMem(4 bytes @ 0xE000200C) -- CPU is running -- CPU_WriteMem(4 bytes @ 0xE0002010) -- CPU is running -- CPU_WriteMem(4 bytes @ 0xE0002014) >0x0D TIF> >0x28 TIF> >0x0D TIF> >0x28 TIF> >0x0D TIF> >0x28 TIF> >0x0D TIF> >0x28 TIF> >0x0D TIF> >0x28 TIF> >0x0D TIF> >0x28 TIF> >0x0D TIF> >0x28 TIF> >0x0D TIF> >0x28 TIF> >0x0D TIF> >0x21 TIF> >0x0D TIF> >0x28 TIF> (0016ms, 45884ms total)
T67B4 3449:717  (0016ms, 45884ms total)
T67B4 3449:717 Closed (0016ms, 45884ms total)
